<?xml version="1.0" encoding="UTF-8"?>
<!-- Generated by org.testng.reporters.JUnitXMLReporter -->
<testsuite ignored="0" hostname="HMECL006000" failures="0" tests="317" name="Command line test" time="6.402" errors="0" timestamp="2024-03-05T10:55:55 IST">
  <testcase classname="com.aventstack.extentreports.AppenderTest" name="children" time="0.236"/>
  <testcase classname="com.aventstack.extentreports.AppenderTest" name="testWithChildren" time="0.024"/>
  <testcase classname="com.aventstack.extentreports.AppenderTest" name="testWithLogs" time="0.015"/>
  <testcase classname="com.aventstack.extentreports.AppenderTest" name="testWithMedia" time="0.016"/>
  <testcase classname="com.aventstack.extentreports.AppenderTest" name="testWithMediaBase64" time="0.005"/>
  <testcase classname="com.aventstack.extentreports.BddTypeTest" name="andIsOfBddTypeWithBddChild" time="0.0"/>
  <testcase classname="com.aventstack.extentreports.BddTypeTest" name="asteriskIsOfBddTypeWithBddChild" time="0.015"/>
  <testcase classname="com.aventstack.extentreports.BddTypeTest" name="backgroundIsOfBddTypeWithBddChild" time="0.004"/>
  <testcase classname="com.aventstack.extentreports.BddTypeTest" name="butIsOfBddTypeWithBddChild" time="0.002"/>
  <testcase classname="com.aventstack.extentreports.BddTypeTest" name="featureIsOfBddType" time="0.0"/>
  <testcase classname="com.aventstack.extentreports.BddTypeTest" name="givenIsOfBddTypeWithBddChild" time="0.0"/>
  <testcase classname="com.aventstack.extentreports.BddTypeTest" name="scenarioIsOfBddTypeWithBddChild" time="0.0"/>
  <testcase classname="com.aventstack.extentreports.BddTypeTest" name="scenarioOutlineIsOfBddTypeWithBddChild" time="0.001"/>
  <testcase classname="com.aventstack.extentreports.BddTypeTest" name="thenIsOfBddTypeWithBddChild" time="0.0"/>
  <testcase classname="com.aventstack.extentreports.BddTypeTest" name="whenIsOfBddTypeWithBddChild" time="0.0"/>
  <testcase classname="com.aventstack.extentreports.config.ConfigStoreTest" name="configEmpty" time="0.0"/>
  <testcase classname="com.aventstack.extentreports.config.ConfigStoreTest" name="configValueTest" time="0.0"/>
  <testcase classname="com.aventstack.extentreports.config.ConfigStoreTest" name="containsConfig" time="0.0"/>
  <testcase classname="com.aventstack.extentreports.config.ConfigStoreTest" name="duplicateConfig" time="0.0"/>
  <testcase classname="com.aventstack.extentreports.config.ConfigStoreTest" name="extendConfigWithMap" time="0.0"/>
  <testcase classname="com.aventstack.extentreports.config.ConfigStoreTest" name="extendConfigWithStore" time="0.0"/>
  <testcase classname="com.aventstack.extentreports.config.ConfigStoreTest" name="removeConfig" time="0.0"/>
  <testcase classname="com.aventstack.extentreports.config.external.JsonConfigLoaderTest" name="jsonConfigLowerCaseEnumTest" time="0.032"/>
  <testcase classname="com.aventstack.extentreports.config.external.JsonConfigLoaderTest" name="jsonConfigTest" time="0.0"/>
  <testcase classname="com.aventstack.extentreports.config.external.XmlConfigLoaderTest" name="xmlConfigLowerCaseEnumTest" time="0.064"/>
  <testcase classname="com.aventstack.extentreports.config.external.XmlConfigLoaderTest" name="xmlConfigTest" time="0.0"/>
  <testcase classname="com.aventstack.extentreports.entity.AuthorEntityTest" name="authorName" time="0.0"/>
  <testcase classname="com.aventstack.extentreports.entity.CategoryEntityTest" name="tagName" time="0.0"/>
  <testcase classname="com.aventstack.extentreports.entity.DeviceEntityTest" name="deviceName" time="0.0"/>
  <testcase classname="com.aventstack.extentreports.entity.LogEntityTest" name="addMediaDefault" time="0.0"/>
  <testcase classname="com.aventstack.extentreports.entity.LogEntityTest" name="addMediaWithPathToLog" time="0.0"/>
  <testcase classname="com.aventstack.extentreports.entity.LogEntityTest" name="addMediaWithResolvedPathToLog" time="0.0"/>
  <testcase classname="com.aventstack.extentreports.entity.LogEntityTest" name="changedStatus" time="0.0"/>
  <testcase classname="com.aventstack.extentreports.entity.LogEntityTest" name="defaultStatusBuilder" time="0.0"/>
  <testcase classname="com.aventstack.extentreports.entity.LogEntityTest" name="detailsNullOnInit" time="0.0"/>
  <testcase classname="com.aventstack.extentreports.entity.LogEntityTest" name="exceptionsEmptyOnInit" time="0.011"/>
  <testcase classname="com.aventstack.extentreports.entity.LogEntityTest" name="mediaEmptyOnInit" time="0.0"/>
  <testcase classname="com.aventstack.extentreports.entity.LogEntityTest" name="seqNegOnInit" time="0.0"/>
  <testcase classname="com.aventstack.extentreports.entity.LogEntityTest" name="timestampNonNullOnInit" time="0.0"/>
  <testcase classname="com.aventstack.extentreports.entity.ReportEntityTest" name="authorCtx" time="0.005"/>
  <testcase classname="com.aventstack.extentreports.entity.ReportEntityTest" name="categoryCtx" time="0.0"/>
  <testcase classname="com.aventstack.extentreports.entity.ReportEntityTest" name="deviceCtx" time="0.0"/>
  <testcase classname="com.aventstack.extentreports.entity.ReportEntityTest" name="exceptionContext" time="0.016"/>
  <testcase classname="com.aventstack.extentreports.entity.ReportEntityTest" name="reportIsBDD" time="0.0"/>
  <testcase classname="com.aventstack.extentreports.entity.ReportEntityTest" name="reportTestHasStatus" time="0.0"/>
  <testcase classname="com.aventstack.extentreports.entity.ReportEntityTest" name="reportTestListSize" time="0.0"/>
  <testcase classname="com.aventstack.extentreports.entity.ReportEntityTest" name="startAndEndTimesNonNullAtInit" time="0.0"/>
  <testcase classname="com.aventstack.extentreports.entity.ReportEntityTest" name="startIsPassOnInit" time="0.0"/>
  <testcase classname="com.aventstack.extentreports.entity.ReportEntityTest" name="statsNonNullAtInit" time="0.0"/>
  <testcase classname="com.aventstack.extentreports.entity.ReportEntityTest" name="testRunnerLogs" time="0.0"/>
  <testcase classname="com.aventstack.extentreports.entity.ReportEntityTest" name="testsEmptyOnInit" time="0.0"/>
  <testcase classname="com.aventstack.extentreports.entity.ReportEntityTest" name="timeTaken" time="0.0"/>
  <testcase classname="com.aventstack.extentreports.entity.ReportStatsConcurrentTest" name="concurrentAddModifyUpdateFlush" time="0.047"/>
  <testcase classname="com.aventstack.extentreports.entity.ReportStatsConcurrentTest" name="concurrentAddRemoveUpdateFlush" time="0.029"/>
  <testcase classname="com.aventstack.extentreports.entity.ReportStatsConcurrentTest" name="concurrentAddUpdateFlush" time="0.019"/>
  <testcase classname="com.aventstack.extentreports.entity.ReportStatsTest" name="allLevelMapsNonNull" time="0.0"/>
  <testcase classname="com.aventstack.extentreports.entity.ReportStatsTest" name="analysisStrategyDefault" time="0.0"/>
  <testcase classname="com.aventstack.extentreports.entity.ReportStatsTest" name="statsAll" time="0.0"/>
  <testcase classname="com.aventstack.extentreports.entity.ReportStatsTest" name="statsChildStatus" time="0.0"/>
  <testcase classname="com.aventstack.extentreports.entity.ReportStatsTest" name="statsGrandchildStatus" time="0.0"/>
  <testcase classname="com.aventstack.extentreports.entity.ReportStatsTest" name="statsSize" time="0.0"/>
  <testcase classname="com.aventstack.extentreports.entity.ReportStatsTest" name="statsTestStatus" time="0.016"/>
  <testcase classname="com.aventstack.extentreports.entity.ScreenCaptureTest" name="initWithAllEntitiesNull" time="0.0"/>
  <testcase classname="com.aventstack.extentreports.entity.service.ExceptionInfoServiceTest" name="exceptionInfo" time="0.0"/>
  <testcase classname="com.aventstack.extentreports.entity.service.TestServiceTest" name="deleteNode" time="0.0"/>
  <testcase classname="com.aventstack.extentreports.entity.service.TestServiceTest" name="deleteTest" time="0.0"/>
  <testcase classname="com.aventstack.extentreports.entity.service.TestServiceTest" name="testHasScreenCaptureDeepLog" time="0.0"/>
  <testcase classname="com.aventstack.extentreports.entity.service.TestServiceTest" name="testHasScreenCaptureDeepNode" time="0.0"/>
  <testcase classname="com.aventstack.extentreports.entity.service.TestServiceTest" name="testHasScreenCaptureDeepNodeLog" time="0.0"/>
  <testcase classname="com.aventstack.extentreports.entity.service.TestServiceTest" name="testWithBddType" time="0.0"/>
  <testcase classname="com.aventstack.extentreports.entity.service.TestServiceTest" name="testWithBddTypeGherkinKeyword" time="0.031"/>
  <testcase classname="com.aventstack.extentreports.entity.service.TestServiceTest" name="testWithDescription" time="0.0"/>
  <testcase classname="com.aventstack.extentreports.entity.service.TestServiceTest" name="testWithEmptyDescription" time="0.0"/>
  <testcase classname="com.aventstack.extentreports.entity.service.TestServiceTest" name="testWithEmptyName" time="0.0"/>
  <testcase classname="com.aventstack.extentreports.entity.service.TestServiceTest" name="testWithEmptyName2" time="0.0"/>
  <testcase classname="com.aventstack.extentreports.entity.service.TestServiceTest" name="testWithNullBddType" time="0.0"/>
  <testcase classname="com.aventstack.extentreports.entity.service.TestServiceTest" name="testWithNullDescription" time="0.0"/>
  <testcase classname="com.aventstack.extentreports.entity.service.TestServiceTest" name="testWithNullName" time="0.0"/>
  <testcase classname="com.aventstack.extentreports.entity.service.TestServiceTest" name="testWithNullName2" time="0.0"/>
  <testcase classname="com.aventstack.extentreports.entity.StatusEntityTest" name="statusHierarchy" time="0.003"/>
  <testcase classname="com.aventstack.extentreports.entity.StatusEntityTest" name="statusMax" time="0.0"/>
  <testcase classname="com.aventstack.extentreports.entity.StatusEntityTest" name="statusMin" time="0.0"/>
  <testcase classname="com.aventstack.extentreports.entity.TestEntityInitTest" name="authorsEmptyOnInit" time="0.0"/>
  <testcase classname="com.aventstack.extentreports.entity.TestEntityInitTest" name="childrenEmptyOnInit" time="0.0"/>
  <testcase classname="com.aventstack.extentreports.entity.TestEntityInitTest" name="descriptionNullOnInit" time="0.0"/>
  <testcase classname="com.aventstack.extentreports.entity.TestEntityInitTest" name="devicesEmptyOnInit" time="0.0"/>
  <testcase classname="com.aventstack.extentreports.entity.TestEntityInitTest" name="levelIs0OnInit" time="0.0"/>
  <testcase classname="com.aventstack.extentreports.entity.TestEntityInitTest" name="logsEmptyOnInit" time="0.0"/>
  <testcase classname="com.aventstack.extentreports.entity.TestEntityInitTest" name="parentNullOnInit" time="0.0"/>
  <testcase classname="com.aventstack.extentreports.entity.TestEntityInitTest" name="startAndEndTimesNonNullAtInit" time="0.0"/>
  <testcase classname="com.aventstack.extentreports.entity.TestEntityInitTest" name="startIsPassOnInit" time="0.0"/>
  <testcase classname="com.aventstack.extentreports.entity.TestEntityInitTest" name="tagEmptyOnInit" time="0.0"/>
  <testcase classname="com.aventstack.extentreports.entity.TestEntityInitTest" name="testId1OrGreaterOnInit" time="0.0"/>
  <testcase classname="com.aventstack.extentreports.entity.TestEntityInitTest" name="testIsLeafOnInit" time="0.0"/>
  <testcase classname="com.aventstack.extentreports.entity.TestEntityTest" name="addChildToNullTest" time="0.0"/>
  <testcase classname="com.aventstack.extentreports.entity.TestEntityTest" name="addChildToTest" time="0.0"/>
  <testcase classname="com.aventstack.extentreports.entity.TestEntityTest" name="addChildToTestLeaf" time="0.0"/>
  <testcase classname="com.aventstack.extentreports.entity.TestEntityTest" name="addChildToTestLevel" time="0.0"/>
  <testcase classname="com.aventstack.extentreports.entity.TestEntityTest" name="addFailLogToTest" time="0.0"/>
  <testcase classname="com.aventstack.extentreports.entity.TestEntityTest" name="addLogToTest" time="0.0"/>
  <testcase classname="com.aventstack.extentreports.entity.TestEntityTest" name="addNullLogToTest" time="0.0"/>
  <testcase classname="com.aventstack.extentreports.entity.TestEntityTest" name="addSkipLogToTest" time="0.0"/>
  <testcase classname="com.aventstack.extentreports.entity.TestEntityTest" name="ancestor" time="0.0"/>
  <testcase classname="com.aventstack.extentreports.entity.TestEntityTest" name="computeTestStatusNoLog" time="0.0"/>
  <testcase classname="com.aventstack.extentreports.entity.TestEntityTest" name="computeTestStatusNode" time="0.0"/>
  <testcase classname="com.aventstack.extentreports.entity.TestEntityTest" name="computeTestStatusSkipAndFailLog" time="0.003"/>
  <testcase classname="com.aventstack.extentreports.entity.TestEntityTest" name="computeTestStatusSkipLog" time="0.0"/>
  <testcase classname="com.aventstack.extentreports.entity.TestEntityTest" name="generatedLog" time="0.0"/>
  <testcase classname="com.aventstack.extentreports.entity.TestEntityTest" name="hasAttributes" time="0.0"/>
  <testcase classname="com.aventstack.extentreports.entity.TestEntityTest" name="hasAuthor" time="0.0"/>
  <testcase classname="com.aventstack.extentreports.entity.TestEntityTest" name="hasCategory" time="0.0"/>
  <testcase classname="com.aventstack.extentreports.entity.TestEntityTest" name="hasDevice" time="0.0"/>
  <testcase classname="com.aventstack.extentreports.entity.TestEntityTest" name="hasScreenCapture" time="0.0"/>
  <testcase classname="com.aventstack.extentreports.entity.TestEntityTest" name="isTestBDD" time="0.0"/>
  <testcase classname="com.aventstack.extentreports.entity.TestEntityTest" name="logSeqIncrements" time="0.009"/>
  <testcase classname="com.aventstack.extentreports.entity.TestEntityTest" name="testEntities" time="0.0"/>
  <testcase classname="com.aventstack.extentreports.entity.TestEntityTest" name="testFullName" time="0.007"/>
  <testcase classname="com.aventstack.extentreports.entity.TestEntityTest" name="testHasAngLogWithGeneratedLog" time="0.0"/>
  <testcase classname="com.aventstack.extentreports.entity.TestEntityTest" name="testHasAngLogWithLog" time="0.0"/>
  <testcase classname="com.aventstack.extentreports.entity.TestEntityTest" name="testHasAngLogWithNoLogs" time="0.0"/>
  <testcase classname="com.aventstack.extentreports.entity.TestEntityTest" name="testHasChildren" time="0.0"/>
  <testcase classname="com.aventstack.extentreports.entity.TestEntityTest" name="testHasLog" time="0.0"/>
  <testcase classname="com.aventstack.extentreports.entity.TestEntityTest" name="testStatusWithLog" time="0.0"/>
  <testcase classname="com.aventstack.extentreports.entity.TestEntityTest" name="testStatusWithLogStatusChanged" time="0.0"/>
  <testcase classname="com.aventstack.extentreports.entity.TestEntityTest" name="testStatusWithoutLog" time="0.0"/>
  <testcase classname="com.aventstack.extentreports.entity.TestEntityTest" name="timeTaken" time="0.0"/>
  <testcase classname="com.aventstack.extentreports.entity.TestEntityTest" name="timeTakenPretty" time="0.0"/>
  <testcase classname="com.aventstack.extentreports.entity.TestEntityTest" name="timeTakenPrettyWithLog" time="0.014"/>
  <testcase classname="com.aventstack.extentreports.ExtentReportsRemoveTest" name="removeNode" time="0.0"/>
  <testcase classname="com.aventstack.extentreports.ExtentReportsRemoveTest" name="removeNodeByName" time="0.0"/>
  <testcase classname="com.aventstack.extentreports.ExtentReportsRemoveTest" name="removeTest" time="0.0"/>
  <testcase classname="com.aventstack.extentreports.ExtentReportsRemoveTest" name="removeTestByName" time="0.0"/>
  <testcase classname="com.aventstack.extentreports.ExtentReportsRemoveTest" name="removeTestWithTag" time="0.0"/>
  <testcase classname="com.aventstack.extentreports.ExtentReportsSystemEnvTest" name="emptySystemInfo" time="0.0"/>
  <testcase classname="com.aventstack.extentreports.ExtentReportsSystemEnvTest" name="nullSystemInfo" time="0.0"/>
  <testcase classname="com.aventstack.extentreports.ExtentReportsSystemEnvTest" name="systemInfo" time="0.0"/>
  <testcase classname="com.aventstack.extentreports.ExtentReportsTest" name="addTestRunnerOutputList" time="0.0"/>
  <testcase classname="com.aventstack.extentreports.ExtentReportsTest" name="addTestRunnerOutputSingle" time="0.0"/>
  <testcase classname="com.aventstack.extentreports.ExtentReportsTest" name="createTestOverloadKeywordName" time="0.0"/>
  <testcase classname="com.aventstack.extentreports.ExtentReportsTest" name="createTestOverloadKeywordNameDesc" time="0.0"/>
  <testcase classname="com.aventstack.extentreports.ExtentReportsTest" name="createTestOverloadName" time="0.0"/>
  <testcase classname="com.aventstack.extentreports.ExtentReportsTest" name="createTestOverloadNameDesc" time="0.0"/>
  <testcase classname="com.aventstack.extentreports.ExtentReportsTest" name="createTestOverloadTypeName" time="0.0"/>
  <testcase classname="com.aventstack.extentreports.ExtentReportsTest" name="createTestOverloadTypeNameDesc" time="0.0"/>
  <testcase classname="com.aventstack.extentreports.ExtentReportsTest" name="gherkinDialect" time="0.0"/>
  <testcase classname="com.aventstack.extentreports.ExtentReportsTest" name="keepLastRetryOnlyTestDisabled" time="0.0"/>
  <testcase classname="com.aventstack.extentreports.ExtentReportsTest" name="keepLastRetryOnlyTestEnabled" time="0.015"/>
  <testcase classname="com.aventstack.extentreports.ExtentTestAttributesHierarchyTest" name="checkTagHierarchy" time="0.0"/>
  <testcase classname="com.aventstack.extentreports.ExtentTestAttributesTest" name="extentTestWithAuthor" time="0.0"/>
  <testcase classname="com.aventstack.extentreports.ExtentTestAttributesTest" name="extentTestWithCategory" time="0.0"/>
  <testcase classname="com.aventstack.extentreports.ExtentTestAttributesTest" name="extentTestWithDevice" time="0.0"/>
  <testcase classname="com.aventstack.extentreports.ExtentTestAttributesTest" name="extentTestWithNoAuthor" time="0.0"/>
  <testcase classname="com.aventstack.extentreports.ExtentTestAttributesTest" name="extentTestWithNoCategory" time="0.0"/>
  <testcase classname="com.aventstack.extentreports.ExtentTestAttributesTest" name="extentTestWithNoDevice" time="0.0"/>
  <testcase classname="com.aventstack.extentreports.ExtentTestGeneratedLogTest" name="generatedLogDetails" time="0.0"/>
  <testcase classname="com.aventstack.extentreports.ExtentTestGeneratedLogTest" name="generatedLogEmpty" time="0.0"/>
  <testcase classname="com.aventstack.extentreports.ExtentTestGeneratedLogTest" name="generatedLogMarkup" time="0.238"/>
  <testcase classname="com.aventstack.extentreports.ExtentTestInvalidArgTest" name="extentTestWithEmptyName" time="0.0"/>
  <testcase classname="com.aventstack.extentreports.ExtentTestInvalidArgTest" name="extentTestWithNullName" time="0.0"/>
  <testcase classname="com.aventstack.extentreports.ExtentTestLogHierarchyTest" name="info" time="0.0"/>
  <testcase classname="com.aventstack.extentreports.ExtentTestLogHierarchyTest" name="overall" time="0.0"/>
  <testcase classname="com.aventstack.extentreports.ExtentTestLogHierarchyTest" name="passed" time="0.0"/>
  <testcase classname="com.aventstack.extentreports.ExtentTestLogHierarchyTest" name="skipped" time="0.0"/>
  <testcase classname="com.aventstack.extentreports.ExtentTestLogHierarchyTest" name="warning" time="0.0"/>
  <testcase classname="com.aventstack.extentreports.ExtentTestLogTest" name="failDetails" time="0.0"/>
  <testcase classname="com.aventstack.extentreports.ExtentTestLogTest" name="failMarkup" time="0.0"/>
  <testcase classname="com.aventstack.extentreports.ExtentTestLogTest" name="failMedia" time="0.0"/>
  <testcase classname="com.aventstack.extentreports.ExtentTestLogTest" name="failThrowable" time="0.016"/>
  <testcase classname="com.aventstack.extentreports.ExtentTestLogTest" name="failThrowableMedia" time="0.0"/>
  <testcase classname="com.aventstack.extentreports.ExtentTestLogTest" name="infoDetails" time="0.0"/>
  <testcase classname="com.aventstack.extentreports.ExtentTestLogTest" name="infoMarkup" time="0.0"/>
  <testcase classname="com.aventstack.extentreports.ExtentTestLogTest" name="infoMedia" time="0.0"/>
  <testcase classname="com.aventstack.extentreports.ExtentTestLogTest" name="infoThrowable" time="0.0"/>
  <testcase classname="com.aventstack.extentreports.ExtentTestLogTest" name="infoThrowableMedia" time="0.0"/>
  <testcase classname="com.aventstack.extentreports.ExtentTestLogTest" name="logDetails" time="0.0"/>
  <testcase classname="com.aventstack.extentreports.ExtentTestLogTest" name="logDetailsMedia" time="0.0"/>
  <testcase classname="com.aventstack.extentreports.ExtentTestLogTest" name="logMarkup" time="0.0"/>
  <testcase classname="com.aventstack.extentreports.ExtentTestLogTest" name="logMedia" time="0.0"/>
  <testcase classname="com.aventstack.extentreports.ExtentTestLogTest" name="logThrowable" time="0.0"/>
  <testcase classname="com.aventstack.extentreports.ExtentTestLogTest" name="logThrowableMedia" time="0.0"/>
  <testcase classname="com.aventstack.extentreports.ExtentTestLogTest" name="logWithStatusNull" time="0.0"/>
  <testcase classname="com.aventstack.extentreports.ExtentTestLogTest" name="passDetails" time="0.0"/>
  <testcase classname="com.aventstack.extentreports.ExtentTestLogTest" name="passMarkup" time="0.0"/>
  <testcase classname="com.aventstack.extentreports.ExtentTestLogTest" name="passMedia" time="0.0"/>
  <testcase classname="com.aventstack.extentreports.ExtentTestLogTest" name="passThrowable" time="0.0"/>
  <testcase classname="com.aventstack.extentreports.ExtentTestLogTest" name="passThrowableMedia" time="0.0"/>
  <testcase classname="com.aventstack.extentreports.ExtentTestLogTest" name="skipDetails" time="0.0"/>
  <testcase classname="com.aventstack.extentreports.ExtentTestLogTest" name="skipMarkup" time="0.0"/>
  <testcase classname="com.aventstack.extentreports.ExtentTestLogTest" name="skipMedia" time="0.0"/>
  <testcase classname="com.aventstack.extentreports.ExtentTestLogTest" name="skipThrowable" time="0.0"/>
  <testcase classname="com.aventstack.extentreports.ExtentTestLogTest" name="skipThrowableMedia" time="0.0"/>
  <testcase classname="com.aventstack.extentreports.ExtentTestLogTest" name="warnDetails" time="0.0"/>
  <testcase classname="com.aventstack.extentreports.ExtentTestLogTest" name="warnMarkup" time="0.0"/>
  <testcase classname="com.aventstack.extentreports.ExtentTestLogTest" name="warnMedia" time="0.0"/>
  <testcase classname="com.aventstack.extentreports.ExtentTestLogTest" name="warnThrowable" time="0.0"/>
  <testcase classname="com.aventstack.extentreports.ExtentTestLogTest" name="warnThrowableMedia" time="0.0"/>
  <testcase classname="com.aventstack.extentreports.ExtentTestMediaTest" name="addScreenCaptureEmptyPathTestLog" time="0.0"/>
  <testcase classname="com.aventstack.extentreports.ExtentTestMediaTest" name="addScreenCaptureFromBase64Node" time="0.0"/>
  <testcase classname="com.aventstack.extentreports.ExtentTestMediaTest" name="addScreenCaptureFromBase64NodeLog" time="0.0"/>
  <testcase classname="com.aventstack.extentreports.ExtentTestMediaTest" name="addScreenCaptureFromBase64NodeLogOverloads" time="0.015"/>
  <testcase classname="com.aventstack.extentreports.ExtentTestMediaTest" name="addScreenCaptureFromBase64NodeOverloads" time="0.0"/>
  <testcase classname="com.aventstack.extentreports.ExtentTestMediaTest" name="addScreenCaptureFromBase64Test" time="0.0"/>
  <testcase classname="com.aventstack.extentreports.ExtentTestMediaTest" name="addScreenCaptureFromBase64TestLog" time="0.0"/>
  <testcase classname="com.aventstack.extentreports.ExtentTestMediaTest" name="addScreenCaptureFromEmptyBase64Test" time="0.0"/>
  <testcase classname="com.aventstack.extentreports.ExtentTestMediaTest" name="addScreenCaptureFromEmptyPathTest" time="0.0"/>
  <testcase classname="com.aventstack.extentreports.ExtentTestMediaTest" name="addScreenCaptureFromNullBase64Test" time="0.0"/>
  <testcase classname="com.aventstack.extentreports.ExtentTestMediaTest" name="addScreenCaptureFromNullPathTest" time="0.0"/>
  <testcase classname="com.aventstack.extentreports.ExtentTestMediaTest" name="addScreenCaptureFromPathNode" time="0.0"/>
  <testcase classname="com.aventstack.extentreports.ExtentTestMediaTest" name="addScreenCaptureFromPathNodeLog" time="0.0"/>
  <testcase classname="com.aventstack.extentreports.ExtentTestMediaTest" name="addScreenCaptureFromPathTest" time="0.0"/>
  <testcase classname="com.aventstack.extentreports.ExtentTestMediaTest" name="addScreenCaptureFromPathTestLog" time="0.0"/>
  <testcase classname="com.aventstack.extentreports.ExtentTestMediaTest" name="addScreenCaptureFromPathTestLogOverloads" time="0.0"/>
  <testcase classname="com.aventstack.extentreports.ExtentTestMediaTest" name="addScreenCaptureFromPathTestOverloads" time="0.0"/>
  <testcase classname="com.aventstack.extentreports.ExtentTestMediaTest" name="addScreenCaptureNullPathTestLog" time="0.0"/>
  <testcase classname="com.aventstack.extentreports.ExtentTestNodeTest" name="createNodeOverloadKeywordName" time="0.0"/>
  <testcase classname="com.aventstack.extentreports.ExtentTestNodeTest" name="createNodeOverloadKeywordNameDesc" time="0.0"/>
  <testcase classname="com.aventstack.extentreports.ExtentTestNodeTest" name="createNodeOverloadName" time="0.0"/>
  <testcase classname="com.aventstack.extentreports.ExtentTestNodeTest" name="createNodeOverloadNameDesc" time="0.0"/>
  <testcase classname="com.aventstack.extentreports.ExtentTestNodeTest" name="createNodeOverloadTypeName" time="0.0"/>
  <testcase classname="com.aventstack.extentreports.ExtentTestNodeTest" name="createNodeOverloadTypeNameDesc" time="0.0"/>
  <testcase classname="com.aventstack.extentreports.ExtentTestNodeTest" name="timeCalcNodes" time="0.111"/>
  <testcase classname="com.aventstack.extentreports.gherkin.GherkinKeywordTest" name="testEnglishGherkinKeywords" time="0.0"/>
  <testcase classname="com.aventstack.extentreports.gherkin.GherkinKeywordTest" name="testGermanGherkinKeywords" time="0.0"/>
  <testcase classname="com.aventstack.extentreports.gherkin.GherkinKeywordTest" name="testMixedGherkinKeywords" time="0.0"/>
  <testcase classname="com.aventstack.extentreports.gherkin.GherkinNameTest" name="testAndGherkinName" time="0.0"/>
  <testcase classname="com.aventstack.extentreports.gherkin.GherkinNameTest" name="testAndToString" time="0.0"/>
  <testcase classname="com.aventstack.extentreports.gherkin.GherkinNameTest" name="testAsteriskGherkinName" time="0.0"/>
  <testcase classname="com.aventstack.extentreports.gherkin.GherkinNameTest" name="testAsteriskToString" time="0.0"/>
  <testcase classname="com.aventstack.extentreports.gherkin.GherkinNameTest" name="testBackgroundGherkinName" time="0.0"/>
  <testcase classname="com.aventstack.extentreports.gherkin.GherkinNameTest" name="testBackgroundToString" time="0.0"/>
  <testcase classname="com.aventstack.extentreports.gherkin.GherkinNameTest" name="testButGherkinName" time="0.0"/>
  <testcase classname="com.aventstack.extentreports.gherkin.GherkinNameTest" name="testButToString" time="0.0"/>
  <testcase classname="com.aventstack.extentreports.gherkin.GherkinNameTest" name="testFeatureGherkinName" time="0.0"/>
  <testcase classname="com.aventstack.extentreports.gherkin.GherkinNameTest" name="testFeatureToString" time="0.0"/>
  <testcase classname="com.aventstack.extentreports.gherkin.GherkinNameTest" name="testGivenGherkinName" time="0.0"/>
  <testcase classname="com.aventstack.extentreports.gherkin.GherkinNameTest" name="testGivenToString" time="0.0"/>
  <testcase classname="com.aventstack.extentreports.gherkin.GherkinNameTest" name="testScenarioGherkinName" time="0.0"/>
  <testcase classname="com.aventstack.extentreports.gherkin.GherkinNameTest" name="testScenarioOutlineGherkinName" time="0.0"/>
  <testcase classname="com.aventstack.extentreports.gherkin.GherkinNameTest" name="testScenarioOutlineToString" time="0.0"/>
  <testcase classname="com.aventstack.extentreports.gherkin.GherkinNameTest" name="testScenarioToString" time="0.0"/>
  <testcase classname="com.aventstack.extentreports.gherkin.GherkinNameTest" name="testThenGherkinName" time="0.0"/>
  <testcase classname="com.aventstack.extentreports.gherkin.GherkinNameTest" name="testThenToString" time="0.0"/>
  <testcase classname="com.aventstack.extentreports.gherkin.GherkinNameTest" name="testWhenGherkinName" time="0.0"/>
  <testcase classname="com.aventstack.extentreports.gherkin.GherkinNameTest" name="testWhenToString" time="0.0"/>
  <testcase classname="com.aventstack.extentreports.markuputils.CodeBlockMarkupTest" name="jsonCodeBlock" time="0.0"/>
  <testcase classname="com.aventstack.extentreports.markuputils.CodeBlockMarkupTest" name="multipleCodeBlocks1" time="0.015"/>
  <testcase classname="com.aventstack.extentreports.markuputils.CodeBlockMarkupTest" name="multipleCodeBlocks2" time="0.0"/>
  <testcase classname="com.aventstack.extentreports.markuputils.CodeBlockMarkupTest" name="multipleCodeBlocks3" time="0.0"/>
  <testcase classname="com.aventstack.extentreports.markuputils.CodeBlockMarkupTest" name="multipleCodeBlocks4" time="0.0"/>
  <testcase classname="com.aventstack.extentreports.markuputils.CodeBlockMarkupTest" name="nullCodeBlockContent" time="0.0"/>
  <testcase classname="com.aventstack.extentreports.markuputils.CodeBlockMarkupTest" name="xmlCodeBlock" time="0.0"/>
  <testcase classname="com.aventstack.extentreports.markuputils.CodeBlockMarkupTest" name="xmlCodeBlockWithLang" time="0.0"/>
  <testcase classname="com.aventstack.extentreports.markuputils.CodeBlockMarkupTest" name="jsonCodeBlockWithLang" time="0.0"/>
  <testcase classname="com.aventstack.extentreports.markuputils.CodeBlockMarkupTest" name="jsonCodeBlockWithLangMultiple" time="0.0"/>
  <testcase classname="com.aventstack.extentreports.markuputils.LabelMarkupTest" name="labelWithEmptyText" time="0.0"/>
  <testcase classname="com.aventstack.extentreports.markuputils.LabelMarkupTest" name="labelWithNullText" time="0.0"/>
  <testcase classname="com.aventstack.extentreports.markuputils.LabelMarkupTest" name="labelWithText" time="0.0"/>
  <testcase classname="com.aventstack.extentreports.markuputils.ListTest" name="orderedListFromArray" time="0.0"/>
  <testcase classname="com.aventstack.extentreports.markuputils.ListTest" name="orderedListFromList" time="0.016"/>
  <testcase classname="com.aventstack.extentreports.markuputils.ListTest" name="orderedListFromMap" time="0.0"/>
  <testcase classname="com.aventstack.extentreports.markuputils.ListTest" name="orderedListFromSet" time="0.0"/>
  <testcase classname="com.aventstack.extentreports.markuputils.ListTest" name="orderedListFromString" time="0.0"/>
  <testcase classname="com.aventstack.extentreports.markuputils.ListTest" name="unorderedListFromArray" time="0.0"/>
  <testcase classname="com.aventstack.extentreports.markuputils.ListTest" name="unorderedListFromList" time="0.0"/>
  <testcase classname="com.aventstack.extentreports.markuputils.ListTest" name="unorderedListFromMap" time="0.0"/>
  <testcase classname="com.aventstack.extentreports.markuputils.ListTest" name="unorderedListFromSet" time="0.0"/>
  <testcase classname="com.aventstack.extentreports.markuputils.ListTest" name="unorderedListFromString" time="0.0"/>
  <testcase classname="com.aventstack.extentreports.markuputils.TableMarkupTest" name="tableWithData" time="0.007"/>
  <testcase classname="com.aventstack.extentreports.markuputils.TableMarkupTest" name="tableWithNullText" time="0.0"/>
  <testcase classname="com.aventstack.extentreports.markuputils.TableMarkupTest" name="tableWithPojoBeginningEndingTags" time="0.0"/>
  <testcase classname="com.aventstack.extentreports.markuputils.TableMarkupTest" name="tableWithPojoCells" time="0.0"/>
  <testcase classname="com.aventstack.extentreports.markuputils.TableMarkupTest" name="tableWithPojoHeaders" time="0.0"/>
  <testcase classname="com.aventstack.extentreports.markuputils.TableMarkupTest" name="tableWithSingleArray" time="0.0"/>
  <testcase classname="com.aventstack.extentreports.markuputils.TableMarkupTest" name="tableWithSingleList" time="0.0"/>
  <testcase classname="com.aventstack.extentreports.markuputils.TableMarkupTest" name="tableWithSingleSet" time="0.0"/>
  <testcase classname="com.aventstack.extentreports.markuputils.TableMarkupTest" name="tableWithSingleStringField" time="0.0"/>
  <testcase classname="com.aventstack.extentreports.model.context.NamedAttributeContextManagerTest" name="concurrentlyAssignedDevices" time="0.0"/>
  <testcase classname="com.aventstack.extentreports.model.context.NamedAttributeContextManagerTest" name="concurrentlyAssignedTags" time="0.016"/>
  <testcase classname="com.aventstack.extentreports.model.context.NamedAttributeContextManagerTest" name="concurrentlyAssignedUsers" time="0.008"/>
  <testcase classname="com.aventstack.extentreports.NaturalConfTest" name="useNaturalConfReport" time="0.512"/>
  <testcase classname="com.aventstack.extentreports.NaturalConfTest" name="useNaturalConfReportWithTimeChanged" time="0.003"/>
  <testcase classname="com.aventstack.extentreports.NaturalConfTest" name="useNaturalConfTest" time="0.502"/>
  <testcase classname="com.aventstack.extentreports.NaturalConfTest" name="useNaturalConfTestWithNodes" time="0.515"/>
  <testcase classname="com.aventstack.extentreports.NaturalConfTest" name="useNaturalConfTestWithTimeChanged" time="0.0"/>
  <testcase classname="com.aventstack.extentreports.observer.ReportEntityObserverTest" name="disposableNonNull" time="0.0"/>
  <testcase classname="com.aventstack.extentreports.ParallelTest" name="parallelFlush" time="0.0"/>
  <testcase classname="com.aventstack.extentreports.ParallelTest" name="parallelLogs" time="1.654"/>
  <testcase classname="com.aventstack.extentreports.ParallelTest" name="parallelTests" time="0.034"/>
  <testcase classname="com.aventstack.extentreports.ParallelTest" name="parallelTestsWithReporter" time="0.079"/>
  <testcase classname="com.aventstack.extentreports.reporter.FileReporterPathsTest" name="jsonPathAsDirectory" time="0.02"/>
  <testcase classname="com.aventstack.extentreports.reporter.FileReporterPathsTest" name="jsonPathAsFile" time="0.0"/>
  <testcase classname="com.aventstack.extentreports.reporter.FileReporterPathsTest" name="sparkPathAsDirectory" time="0.346"/>
  <testcase classname="com.aventstack.extentreports.reporter.FileReporterPathsTest" name="sparkPathAsFile" time="0.08"/>
  <testcase classname="com.aventstack.extentreports.reporter.JsonFormatterBDDTest" name="supportsThrowable" time="0.12"/>
  <testcase classname="com.aventstack.extentreports.reporter.JsonFormatterBDDTest" name="writeRead" time="0.047"/>
  <testcase classname="com.aventstack.extentreports.reporter.JsonFormatterStandardTest" name="supportsThrowable" time="0.021"/>
  <testcase classname="com.aventstack.extentreports.reporter.JsonFormatterStandardTest" name="writeRead" time="0.018"/>
  <testcase classname="com.aventstack.extentreports.reporter.SparkReporterConfigTest" name="configTest" time="0.0"/>
  <testcase classname="com.aventstack.extentreports.reporter.SparkReporterConfigTest" name="loadJSONConfigFileTest" time="0.0"/>
  <testcase classname="com.aventstack.extentreports.reporter.SparkReporterConfigTest" name="loadJSONConfigStringTest" time="0.0"/>
  <testcase classname="com.aventstack.extentreports.reporter.SparkReporterConfigTest" name="loadXMLConfigFileTest" time="0.0"/>
  <testcase classname="com.aventstack.extentreports.reporter.SparkReporterConfigTest" name="loadXMLConfigPathTest" time="0.014"/>
  <testcase classname="com.aventstack.extentreports.reporter.SparkReporterFilterTest" name="singleStatusFilterTestAllFiltered" time="0.095"/>
  <testcase classname="com.aventstack.extentreports.reporter.SparkReporterFilterTest" name="singleStatusFilterTestOneFiltered" time="0.08"/>
  <testcase classname="com.aventstack.extentreports.reporter.SparkReporterFilterTest" name="singleStatusFilterTestSomeFiltered" time="0.062"/>
  <testcase classname="com.aventstack.extentreports.reporter.SparkReporterTest" name="createsReportWithNoTestsInitFile" time="0.063"/>
  <testcase classname="com.aventstack.extentreports.reporter.SparkReporterTest" name="createsReportWithNoTestsInitPath" time="0.047"/>
  <testcase classname="com.aventstack.extentreports.reporter.SparkReporterTest" name="reportContainsTestsAndNodes" time="0.047"/>
  <testcase classname="com.aventstack.extentreports.reporter.SparkReporterTest" name="reportContainsTestsAndNodesDevices" time="0.064"/>
  <testcase classname="com.aventstack.extentreports.reporter.SparkReporterTest" name="reportContainsTestsAndNodesTags" time="0.063"/>
  <testcase classname="com.aventstack.extentreports.reporter.SparkReporterTest" name="reportContainsTestsAndNodesUsers" time="0.063"/>
  <testcase classname="com.aventstack.extentreports.reporter.SparkReporterTest" name="sparkOffline" time="0.134"/>
  <testcase classname="com.aventstack.extentreports.reporter.SparkReporterTest" name="statusFilterable" time="0.06"/>
  <testcase classname="com.aventstack.extentreports.reporter.SparkReporterTest" name="statusFilterableNode" time="0.074"/>
  <testcase classname="com.aventstack.extentreports.reporter.SparkTagTest" name="nodeTag" time="0.064"/>
  <testcase classname="com.aventstack.extentreports.reporter.SparkTagTest" name="testTag" time="0.093"/>
  <testcase classname="com.aventstack.extentreports.TestIdsTest" name="verifyAllStartedTestsHaveUniqueIds" time="0.016"/>
</testsuite> <!-- Command line test -->
