<?xml version="1.0" encoding="UTF-8"?>
<testng-results ignored="0" total="317" passed="317" failed="0" skipped="0">
  <reporter-output>
  </reporter-output>
  <suite started-at="2024-03-20T21:38:01 IST" name="Command line suite" finished-at="2024-03-20T21:38:09 IST" duration-ms="8433">
    <groups>
    </groups>
    <test started-at="2024-03-20T21:38:01 IST" name="Command line test" finished-at="2024-03-20T21:38:09 IST" duration-ms="8433">
      <class name="io.github.happyusha.ParallelTest">
        <test-method signature="parallelFlush()[pri:0, instance:io.github.happyusha.ParallelTest@8462f31]" started-at="2024-03-20T21:38:04 IST" name="parallelFlush" finished-at="2024-03-20T21:38:04 IST" duration-ms="5" status="PASS">
          <reporter-output>
          </reporter-output>
        </test-method> <!-- parallelFlush -->
        <test-method signature="parallelLogs()[pri:0, instance:io.github.happyusha.ParallelTest@8462f31]" started-at="2024-03-20T21:38:04 IST" name="parallelLogs" finished-at="2024-03-20T21:38:06 IST" duration-ms="2456" status="PASS">
          <reporter-output>
          </reporter-output>
        </test-method> <!-- parallelLogs -->
        <test-method signature="parallelTests()[pri:0, instance:io.github.happyusha.ParallelTest@8462f31]" started-at="2024-03-20T21:38:06 IST" name="parallelTests" finished-at="2024-03-20T21:38:06 IST" duration-ms="22" status="PASS">
          <reporter-output>
          </reporter-output>
        </test-method> <!-- parallelTests -->
        <test-method signature="parallelTestsWithReporter()[pri:0, instance:io.github.happyusha.ParallelTest@8462f31]" started-at="2024-03-20T21:38:06 IST" name="parallelTestsWithReporter" finished-at="2024-03-20T21:38:07 IST" duration-ms="108" status="PASS">
          <reporter-output>
          </reporter-output>
        </test-method> <!-- parallelTestsWithReporter -->
      </class> <!-- io.github.happyusha.ParallelTest -->
      <class name="io.github.happyusha.observer.ReportEntityObserverTest">
        <test-method signature="disposableNonNull()[pri:0, instance:io.github.happyusha.observer.ReportEntityObserverTest@4d1c005e]" started-at="2024-03-20T21:38:04 IST" name="disposableNonNull" finished-at="2024-03-20T21:38:04 IST" duration-ms="4" status="PASS">
          <reporter-output>
          </reporter-output>
        </test-method> <!-- disposableNonNull -->
      </class> <!-- io.github.happyusha.observer.ReportEntityObserverTest -->
      <class name="io.github.happyusha.BddTypeTest">
        <test-method signature="andIsOfBddTypeWithBddChild(java.lang.reflect.Method)[pri:0, instance:io.github.happyusha.BddTypeTest@62230c58]" started-at="2024-03-20T21:38:01 IST" name="andIsOfBddTypeWithBddChild" finished-at="2024-03-20T21:38:01 IST" duration-ms="7" status="PASS">
          <params>
            <param index="0">
              <value>
                <![CDATA[public void io.github.happyusha.BddTypeTest.andIsOfBddTypeWithBddChild(java.lang.reflect.Method)]]>
              </value>
            </param>
          </params>
          <reporter-output>
          </reporter-output>
        </test-method> <!-- andIsOfBddTypeWithBddChild -->
        <test-method signature="asteriskIsOfBddTypeWithBddChild(java.lang.reflect.Method)[pri:0, instance:io.github.happyusha.BddTypeTest@62230c58]" started-at="2024-03-20T21:38:01 IST" name="asteriskIsOfBddTypeWithBddChild" finished-at="2024-03-20T21:38:01 IST" duration-ms="3" status="PASS">
          <params>
            <param index="0">
              <value>
                <![CDATA[public void io.github.happyusha.BddTypeTest.asteriskIsOfBddTypeWithBddChild(java.lang.reflect.Method)]]>
              </value>
            </param>
          </params>
          <reporter-output>
          </reporter-output>
        </test-method> <!-- asteriskIsOfBddTypeWithBddChild -->
        <test-method signature="backgroundIsOfBddTypeWithBddChild(java.lang.reflect.Method)[pri:0, instance:io.github.happyusha.BddTypeTest@62230c58]" started-at="2024-03-20T21:38:01 IST" name="backgroundIsOfBddTypeWithBddChild" finished-at="2024-03-20T21:38:01 IST" duration-ms="3" status="PASS">
          <params>
            <param index="0">
              <value>
                <![CDATA[public void io.github.happyusha.BddTypeTest.backgroundIsOfBddTypeWithBddChild(java.lang.reflect.Method)]]>
              </value>
            </param>
          </params>
          <reporter-output>
          </reporter-output>
        </test-method> <!-- backgroundIsOfBddTypeWithBddChild -->
        <test-method signature="butIsOfBddTypeWithBddChild(java.lang.reflect.Method)[pri:0, instance:io.github.happyusha.BddTypeTest@62230c58]" started-at="2024-03-20T21:38:01 IST" name="butIsOfBddTypeWithBddChild" finished-at="2024-03-20T21:38:01 IST" duration-ms="4" status="PASS">
          <params>
            <param index="0">
              <value>
                <![CDATA[public void io.github.happyusha.BddTypeTest.butIsOfBddTypeWithBddChild(java.lang.reflect.Method)]]>
              </value>
            </param>
          </params>
          <reporter-output>
          </reporter-output>
        </test-method> <!-- butIsOfBddTypeWithBddChild -->
        <test-method signature="featureIsOfBddType(java.lang.reflect.Method)[pri:0, instance:io.github.happyusha.BddTypeTest@62230c58]" started-at="2024-03-20T21:38:01 IST" name="featureIsOfBddType" finished-at="2024-03-20T21:38:01 IST" duration-ms="1" status="PASS">
          <params>
            <param index="0">
              <value>
                <![CDATA[public void io.github.happyusha.BddTypeTest.featureIsOfBddType(java.lang.reflect.Method)]]>
              </value>
            </param>
          </params>
          <reporter-output>
          </reporter-output>
        </test-method> <!-- featureIsOfBddType -->
        <test-method signature="givenIsOfBddTypeWithBddChild(java.lang.reflect.Method)[pri:0, instance:io.github.happyusha.BddTypeTest@62230c58]" started-at="2024-03-20T21:38:01 IST" name="givenIsOfBddTypeWithBddChild" finished-at="2024-03-20T21:38:01 IST" duration-ms="4" status="PASS">
          <params>
            <param index="0">
              <value>
                <![CDATA[public void io.github.happyusha.BddTypeTest.givenIsOfBddTypeWithBddChild(java.lang.reflect.Method)]]>
              </value>
            </param>
          </params>
          <reporter-output>
          </reporter-output>
        </test-method> <!-- givenIsOfBddTypeWithBddChild -->
        <test-method signature="scenarioIsOfBddTypeWithBddChild(java.lang.reflect.Method)[pri:0, instance:io.github.happyusha.BddTypeTest@62230c58]" started-at="2024-03-20T21:38:01 IST" name="scenarioIsOfBddTypeWithBddChild" finished-at="2024-03-20T21:38:01 IST" duration-ms="1" status="PASS">
          <params>
            <param index="0">
              <value>
                <![CDATA[public void io.github.happyusha.BddTypeTest.scenarioIsOfBddTypeWithBddChild(java.lang.reflect.Method)]]>
              </value>
            </param>
          </params>
          <reporter-output>
          </reporter-output>
        </test-method> <!-- scenarioIsOfBddTypeWithBddChild -->
        <test-method signature="scenarioOutlineIsOfBddTypeWithBddChild(java.lang.reflect.Method)[pri:0, instance:io.github.happyusha.BddTypeTest@62230c58]" started-at="2024-03-20T21:38:01 IST" name="scenarioOutlineIsOfBddTypeWithBddChild" finished-at="2024-03-20T21:38:01 IST" duration-ms="1" status="PASS">
          <params>
            <param index="0">
              <value>
                <![CDATA[public void io.github.happyusha.BddTypeTest.scenarioOutlineIsOfBddTypeWithBddChild(java.lang.reflect.Method)]]>
              </value>
            </param>
          </params>
          <reporter-output>
          </reporter-output>
        </test-method> <!-- scenarioOutlineIsOfBddTypeWithBddChild -->
        <test-method signature="thenIsOfBddTypeWithBddChild(java.lang.reflect.Method)[pri:0, instance:io.github.happyusha.BddTypeTest@62230c58]" started-at="2024-03-20T21:38:01 IST" name="thenIsOfBddTypeWithBddChild" finished-at="2024-03-20T21:38:01 IST" duration-ms="4" status="PASS">
          <params>
            <param index="0">
              <value>
                <![CDATA[public void io.github.happyusha.BddTypeTest.thenIsOfBddTypeWithBddChild(java.lang.reflect.Method)]]>
              </value>
            </param>
          </params>
          <reporter-output>
          </reporter-output>
        </test-method> <!-- thenIsOfBddTypeWithBddChild -->
        <test-method signature="whenIsOfBddTypeWithBddChild(java.lang.reflect.Method)[pri:0, instance:io.github.happyusha.BddTypeTest@62230c58]" started-at="2024-03-20T21:38:01 IST" name="whenIsOfBddTypeWithBddChild" finished-at="2024-03-20T21:38:01 IST" duration-ms="3" status="PASS">
          <params>
            <param index="0">
              <value>
                <![CDATA[public void io.github.happyusha.BddTypeTest.whenIsOfBddTypeWithBddChild(java.lang.reflect.Method)]]>
              </value>
            </param>
          </params>
          <reporter-output>
          </reporter-output>
        </test-method> <!-- whenIsOfBddTypeWithBddChild -->
      </class> <!-- io.github.happyusha.BddTypeTest -->
      <class name="io.github.happyusha.markuputils.ListTest">
        <test-method signature="orderedListFromArray()[pri:0, instance:io.github.happyusha.markuputils.ListTest@221a3fa4]" started-at="2024-03-20T21:38:02 IST" name="orderedListFromArray" finished-at="2024-03-20T21:38:02 IST" duration-ms="14" status="PASS">
          <reporter-output>
          </reporter-output>
        </test-method> <!-- orderedListFromArray -->
        <test-method signature="orderedListFromMap()[pri:0, instance:io.github.happyusha.markuputils.ListTest@221a3fa4]" started-at="2024-03-20T21:38:02 IST" name="orderedListFromMap" finished-at="2024-03-20T21:38:02 IST" duration-ms="5" status="PASS">
          <reporter-output>
          </reporter-output>
        </test-method> <!-- orderedListFromMap -->
        <test-method signature="orderedListFromList()[pri:0, instance:io.github.happyusha.markuputils.ListTest@221a3fa4]" started-at="2024-03-20T21:38:02 IST" name="orderedListFromList" finished-at="2024-03-20T21:38:02 IST" duration-ms="0" status="PASS">
          <reporter-output>
          </reporter-output>
        </test-method> <!-- orderedListFromList -->
        <test-method signature="orderedListFromSet()[pri:0, instance:io.github.happyusha.markuputils.ListTest@221a3fa4]" started-at="2024-03-20T21:38:02 IST" name="orderedListFromSet" finished-at="2024-03-20T21:38:02 IST" duration-ms="0" status="PASS">
          <reporter-output>
          </reporter-output>
        </test-method> <!-- orderedListFromSet -->
        <test-method signature="orderedListFromString()[pri:0, instance:io.github.happyusha.markuputils.ListTest@221a3fa4]" started-at="2024-03-20T21:38:02 IST" name="orderedListFromString" finished-at="2024-03-20T21:38:02 IST" duration-ms="0" status="PASS">
          <reporter-output>
          </reporter-output>
        </test-method> <!-- orderedListFromString -->
        <test-method signature="unorderedListFromArray()[pri:0, instance:io.github.happyusha.markuputils.ListTest@221a3fa4]" started-at="2024-03-20T21:38:02 IST" name="unorderedListFromArray" finished-at="2024-03-20T21:38:02 IST" duration-ms="7" status="PASS">
          <reporter-output>
          </reporter-output>
        </test-method> <!-- unorderedListFromArray -->
        <test-method signature="unorderedListFromMap()[pri:0, instance:io.github.happyusha.markuputils.ListTest@221a3fa4]" started-at="2024-03-20T21:38:02 IST" name="unorderedListFromMap" finished-at="2024-03-20T21:38:02 IST" duration-ms="3" status="PASS">
          <reporter-output>
          </reporter-output>
        </test-method> <!-- unorderedListFromMap -->
        <test-method signature="unorderedListFromList()[pri:0, instance:io.github.happyusha.markuputils.ListTest@221a3fa4]" started-at="2024-03-20T21:38:02 IST" name="unorderedListFromList" finished-at="2024-03-20T21:38:02 IST" duration-ms="0" status="PASS">
          <reporter-output>
          </reporter-output>
        </test-method> <!-- unorderedListFromList -->
        <test-method signature="unorderedListFromString()[pri:0, instance:io.github.happyusha.markuputils.ListTest@221a3fa4]" started-at="2024-03-20T21:38:02 IST" name="unorderedListFromString" finished-at="2024-03-20T21:38:02 IST" duration-ms="1" status="PASS">
          <reporter-output>
          </reporter-output>
        </test-method> <!-- unorderedListFromString -->
        <test-method signature="unorderedListFromSet()[pri:0, instance:io.github.happyusha.markuputils.ListTest@221a3fa4]" started-at="2024-03-20T21:38:02 IST" name="unorderedListFromSet" finished-at="2024-03-20T21:38:02 IST" duration-ms="0" status="PASS">
          <reporter-output>
          </reporter-output>
        </test-method> <!-- unorderedListFromSet -->
      </class> <!-- io.github.happyusha.markuputils.ListTest -->
      <class name="io.github.happyusha.entity.LogEntityTest">
        <test-method signature="addMediaDefault()[pri:0, instance:io.github.happyusha.entity.LogEntityTest@11bd0f3b]" started-at="2024-03-20T21:38:01 IST" name="addMediaDefault" finished-at="2024-03-20T21:38:01 IST" duration-ms="0" status="PASS">
          <reporter-output>
          </reporter-output>
        </test-method> <!-- addMediaDefault -->
        <test-method signature="addMediaWithPathToLog()[pri:0, instance:io.github.happyusha.entity.LogEntityTest@11bd0f3b]" started-at="2024-03-20T21:38:01 IST" name="addMediaWithPathToLog" finished-at="2024-03-20T21:38:01 IST" duration-ms="1" status="PASS">
          <reporter-output>
          </reporter-output>
        </test-method> <!-- addMediaWithPathToLog -->
        <test-method signature="addMediaWithResolvedPathToLog()[pri:0, instance:io.github.happyusha.entity.LogEntityTest@11bd0f3b]" started-at="2024-03-20T21:38:01 IST" name="addMediaWithResolvedPathToLog" finished-at="2024-03-20T21:38:01 IST" duration-ms="0" status="PASS">
          <reporter-output>
          </reporter-output>
        </test-method> <!-- addMediaWithResolvedPathToLog -->
        <test-method signature="changedStatus()[pri:0, instance:io.github.happyusha.entity.LogEntityTest@11bd0f3b]" started-at="2024-03-20T21:38:01 IST" name="changedStatus" finished-at="2024-03-20T21:38:01 IST" duration-ms="0" status="PASS">
          <reporter-output>
          </reporter-output>
        </test-method> <!-- changedStatus -->
        <test-method signature="defaultStatusBuilder()[pri:0, instance:io.github.happyusha.entity.LogEntityTest@11bd0f3b]" started-at="2024-03-20T21:38:01 IST" name="defaultStatusBuilder" finished-at="2024-03-20T21:38:01 IST" duration-ms="0" status="PASS">
          <reporter-output>
          </reporter-output>
        </test-method> <!-- defaultStatusBuilder -->
        <test-method signature="detailsNullOnInit()[pri:0, instance:io.github.happyusha.entity.LogEntityTest@11bd0f3b]" started-at="2024-03-20T21:38:01 IST" name="detailsNullOnInit" finished-at="2024-03-20T21:38:01 IST" duration-ms="0" status="PASS">
          <reporter-output>
          </reporter-output>
        </test-method> <!-- detailsNullOnInit -->
        <test-method signature="exceptionsEmptyOnInit()[pri:0, instance:io.github.happyusha.entity.LogEntityTest@11bd0f3b]" started-at="2024-03-20T21:38:01 IST" name="exceptionsEmptyOnInit" finished-at="2024-03-20T21:38:01 IST" duration-ms="0" status="PASS">
          <reporter-output>
          </reporter-output>
        </test-method> <!-- exceptionsEmptyOnInit -->
        <test-method signature="mediaEmptyOnInit()[pri:0, instance:io.github.happyusha.entity.LogEntityTest@11bd0f3b]" started-at="2024-03-20T21:38:01 IST" name="mediaEmptyOnInit" finished-at="2024-03-20T21:38:01 IST" duration-ms="1" status="PASS">
          <reporter-output>
          </reporter-output>
        </test-method> <!-- mediaEmptyOnInit -->
        <test-method signature="seqNegOnInit()[pri:0, instance:io.github.happyusha.entity.LogEntityTest@11bd0f3b]" started-at="2024-03-20T21:38:01 IST" name="seqNegOnInit" finished-at="2024-03-20T21:38:01 IST" duration-ms="0" status="PASS">
          <reporter-output>
          </reporter-output>
        </test-method> <!-- seqNegOnInit -->
        <test-method signature="timestampNonNullOnInit()[pri:0, instance:io.github.happyusha.entity.LogEntityTest@11bd0f3b]" started-at="2024-03-20T21:38:01 IST" name="timestampNonNullOnInit" finished-at="2024-03-20T21:38:01 IST" duration-ms="0" status="PASS">
          <reporter-output>
          </reporter-output>
        </test-method> <!-- timestampNonNullOnInit -->
      </class> <!-- io.github.happyusha.entity.LogEntityTest -->
      <class name="io.github.happyusha.ExtentTestMediaTest">
        <test-method signature="addScreenCaptureEmptyPathTestLog()[pri:0, instance:io.github.happyusha.ExtentTestMediaTest@6440112d]" started-at="2024-03-20T21:38:02 IST" name="addScreenCaptureEmptyPathTestLog" finished-at="2024-03-20T21:38:02 IST" duration-ms="1" status="PASS">
          <exception class="java.lang.IllegalArgumentException">
            <message>
              <![CDATA[ScreenCapture path must not be null or empty]]>
            </message>
            <full-stacktrace>
              <![CDATA[java.lang.IllegalArgumentException: ScreenCapture path must not be null or empty
at io.github.happyusha.util.Assert.notEmpty(Assert.java:12)
at io.github.happyusha.MediaEntityBuilder.createScreenCaptureFromPath(MediaEntityBuilder.java:34)
at io.github.happyusha.MediaEntityBuilder.createScreenCaptureFromPath(MediaEntityBuilder.java:40)
at io.github.happyusha.ExtentTestMediaTest.addScreenCaptureEmptyPathTestLog(ExtentTestMediaTest.java:69)
at java.base/jdk.internal.reflect.NativeMethodAccessorImpl.invoke0(Native Method)
at java.base/jdk.internal.reflect.NativeMethodAccessorImpl.invoke(NativeMethodAccessorImpl.java:62)
at java.base/jdk.internal.reflect.DelegatingMethodAccessorImpl.invoke(DelegatingMethodAccessorImpl.java:43)
at java.base/java.lang.reflect.Method.invoke(Method.java:566)
at org.testng.internal.invokers.MethodInvocationHelper.invokeMethod(MethodInvocationHelper.java:139)
at org.testng.internal.invokers.TestInvoker.invokeMethod(TestInvoker.java:677)
at org.testng.internal.invokers.TestInvoker.invokeTestMethod(TestInvoker.java:221)
at org.testng.internal.invokers.MethodRunner.runInSequence(MethodRunner.java:50)
at org.testng.internal.invokers.TestInvoker$MethodInvocationAgent.invoke(TestInvoker.java:969)
at org.testng.internal.invokers.TestInvoker.invokeTestMethods(TestInvoker.java:194)
at org.testng.internal.invokers.TestMethodWorker.invokeTestMethods(TestMethodWorker.java:148)
at org.testng.internal.invokers.TestMethodWorker.run(TestMethodWorker.java:128)
at java.base/java.util.ArrayList.forEach(ArrayList.java:1540)
at org.testng.TestRunner.privateRun(TestRunner.java:829)
at org.testng.TestRunner.run(TestRunner.java:602)
at org.testng.SuiteRunner.runTest(SuiteRunner.java:437)
at org.testng.SuiteRunner.runSequentially(SuiteRunner.java:431)
at org.testng.SuiteRunner.privateRun(SuiteRunner.java:391)
at org.testng.SuiteRunner.run(SuiteRunner.java:330)
at org.testng.SuiteRunnerWorker.runSuite(SuiteRunnerWorker.java:52)
at org.testng.SuiteRunnerWorker.run(SuiteRunnerWorker.java:95)
at org.testng.TestNG.runSuitesSequentially(TestNG.java:1256)
at org.testng.TestNG.runSuitesLocally(TestNG.java:1176)
at org.testng.TestNG.runSuites(TestNG.java:1099)
at org.testng.TestNG.run(TestNG.java:1067)
at org.apache.maven.surefire.testng.TestNGExecutor.run(TestNGExecutor.java:77)
at org.apache.maven.surefire.testng.TestNGDirectoryTestSuite.executeMulti(TestNGDirectoryTestSuite.java:159)
at org.apache.maven.surefire.testng.TestNGDirectoryTestSuite.execute(TestNGDirectoryTestSuite.java:99)
at org.apache.maven.surefire.testng.TestNGProvider.invoke(TestNGProvider.java:106)
at java.base/jdk.internal.reflect.NativeMethodAccessorImpl.invoke0(Native Method)
at java.base/jdk.internal.reflect.NativeMethodAccessorImpl.invoke(NativeMethodAccessorImpl.java:62)
at java.base/jdk.internal.reflect.DelegatingMethodAccessorImpl.invoke(DelegatingMethodAccessorImpl.java:43)
at java.base/java.lang.reflect.Method.invoke(Method.java:566)
at org.apache.maven.surefire.util.ReflectionUtils.invokeMethodWithArray(ReflectionUtils.java:189)
at org.apache.maven.surefire.booter.ProviderFactory$ProviderProxy.invoke(ProviderFactory.java:165)
at org.apache.maven.surefire.booter.ProviderFactory.invokeProvider(ProviderFactory.java:85)
at org.apache.maven.surefire.booter.ForkedBooter.runSuitesInProcess(ForkedBooter.java:115)
at org.apache.maven.surefire.booter.ForkedBooter.main(ForkedBooter.java:75)
]]>
            </full-stacktrace>
          </exception> <!-- java.lang.IllegalArgumentException -->
          <reporter-output>
          </reporter-output>
        </test-method> <!-- addScreenCaptureEmptyPathTestLog -->
        <test-method signature="addScreenCaptureFromBase64Node()[pri:0, instance:io.github.happyusha.ExtentTestMediaTest@6440112d]" started-at="2024-03-20T21:38:02 IST" name="addScreenCaptureFromBase64Node" finished-at="2024-03-20T21:38:02 IST" duration-ms="0" status="PASS">
          <reporter-output>
          </reporter-output>
        </test-method> <!-- addScreenCaptureFromBase64Node -->
        <test-method signature="addScreenCaptureFromBase64NodeLog()[pri:0, instance:io.github.happyusha.ExtentTestMediaTest@6440112d]" started-at="2024-03-20T21:38:02 IST" name="addScreenCaptureFromBase64NodeLog" finished-at="2024-03-20T21:38:02 IST" duration-ms="0" status="PASS">
          <reporter-output>
          </reporter-output>
        </test-method> <!-- addScreenCaptureFromBase64NodeLog -->
        <test-method signature="addScreenCaptureFromBase64NodeLogOverloads()[pri:0, instance:io.github.happyusha.ExtentTestMediaTest@6440112d]" started-at="2024-03-20T21:38:02 IST" name="addScreenCaptureFromBase64NodeLogOverloads" finished-at="2024-03-20T21:38:02 IST" duration-ms="0" status="PASS">
          <reporter-output>
          </reporter-output>
        </test-method> <!-- addScreenCaptureFromBase64NodeLogOverloads -->
        <test-method signature="addScreenCaptureFromBase64NodeOverloads()[pri:0, instance:io.github.happyusha.ExtentTestMediaTest@6440112d]" started-at="2024-03-20T21:38:02 IST" name="addScreenCaptureFromBase64NodeOverloads" finished-at="2024-03-20T21:38:02 IST" duration-ms="1" status="PASS">
          <reporter-output>
          </reporter-output>
        </test-method> <!-- addScreenCaptureFromBase64NodeOverloads -->
        <test-method signature="addScreenCaptureFromBase64Test()[pri:0, instance:io.github.happyusha.ExtentTestMediaTest@6440112d]" started-at="2024-03-20T21:38:02 IST" name="addScreenCaptureFromBase64Test" finished-at="2024-03-20T21:38:02 IST" duration-ms="1" status="PASS">
          <reporter-output>
          </reporter-output>
        </test-method> <!-- addScreenCaptureFromBase64Test -->
        <test-method signature="addScreenCaptureFromBase64TestLog()[pri:0, instance:io.github.happyusha.ExtentTestMediaTest@6440112d]" started-at="2024-03-20T21:38:02 IST" name="addScreenCaptureFromBase64TestLog" finished-at="2024-03-20T21:38:02 IST" duration-ms="1" status="PASS">
          <reporter-output>
          </reporter-output>
        </test-method> <!-- addScreenCaptureFromBase64TestLog -->
        <test-method signature="addScreenCaptureFromEmptyBase64Test()[pri:0, instance:io.github.happyusha.ExtentTestMediaTest@6440112d]" started-at="2024-03-20T21:38:02 IST" name="addScreenCaptureFromEmptyBase64Test" finished-at="2024-03-20T21:38:02 IST" duration-ms="0" status="PASS">
          <exception class="java.lang.IllegalArgumentException">
            <message>
              <![CDATA[ScreenCapture's base64 string must not be null or empty]]>
            </message>
            <full-stacktrace>
              <![CDATA[java.lang.IllegalArgumentException: ScreenCapture's base64 string must not be null or empty
at io.github.happyusha.util.Assert.notEmpty(Assert.java:12)
at io.github.happyusha.ExtentTest.addScreenCaptureFromBase64String(ExtentTest.java:1112)
at io.github.happyusha.ExtentTest.addScreenCaptureFromBase64String(ExtentTest.java:1122)
at io.github.happyusha.ExtentTestMediaTest.addScreenCaptureFromEmptyBase64Test(ExtentTestMediaTest.java:112)
at java.base/jdk.internal.reflect.NativeMethodAccessorImpl.invoke0(Native Method)
at java.base/jdk.internal.reflect.NativeMethodAccessorImpl.invoke(NativeMethodAccessorImpl.java:62)
at java.base/jdk.internal.reflect.DelegatingMethodAccessorImpl.invoke(DelegatingMethodAccessorImpl.java:43)
at java.base/java.lang.reflect.Method.invoke(Method.java:566)
at org.testng.internal.invokers.MethodInvocationHelper.invokeMethod(MethodInvocationHelper.java:139)
at org.testng.internal.invokers.TestInvoker.invokeMethod(TestInvoker.java:677)
at org.testng.internal.invokers.TestInvoker.invokeTestMethod(TestInvoker.java:221)
at org.testng.internal.invokers.MethodRunner.runInSequence(MethodRunner.java:50)
at org.testng.internal.invokers.TestInvoker$MethodInvocationAgent.invoke(TestInvoker.java:969)
at org.testng.internal.invokers.TestInvoker.invokeTestMethods(TestInvoker.java:194)
at org.testng.internal.invokers.TestMethodWorker.invokeTestMethods(TestMethodWorker.java:148)
at org.testng.internal.invokers.TestMethodWorker.run(TestMethodWorker.java:128)
at java.base/java.util.ArrayList.forEach(ArrayList.java:1540)
at org.testng.TestRunner.privateRun(TestRunner.java:829)
at org.testng.TestRunner.run(TestRunner.java:602)
at org.testng.SuiteRunner.runTest(SuiteRunner.java:437)
at org.testng.SuiteRunner.runSequentially(SuiteRunner.java:431)
at org.testng.SuiteRunner.privateRun(SuiteRunner.java:391)
at org.testng.SuiteRunner.run(SuiteRunner.java:330)
at org.testng.SuiteRunnerWorker.runSuite(SuiteRunnerWorker.java:52)
at org.testng.SuiteRunnerWorker.run(SuiteRunnerWorker.java:95)
at org.testng.TestNG.runSuitesSequentially(TestNG.java:1256)
at org.testng.TestNG.runSuitesLocally(TestNG.java:1176)
at org.testng.TestNG.runSuites(TestNG.java:1099)
at org.testng.TestNG.run(TestNG.java:1067)
at org.apache.maven.surefire.testng.TestNGExecutor.run(TestNGExecutor.java:77)
at org.apache.maven.surefire.testng.TestNGDirectoryTestSuite.executeMulti(TestNGDirectoryTestSuite.java:159)
at org.apache.maven.surefire.testng.TestNGDirectoryTestSuite.execute(TestNGDirectoryTestSuite.java:99)
at org.apache.maven.surefire.testng.TestNGProvider.invoke(TestNGProvider.java:106)
at java.base/jdk.internal.reflect.NativeMethodAccessorImpl.invoke0(Native Method)
at java.base/jdk.internal.reflect.NativeMethodAccessorImpl.invoke(NativeMethodAccessorImpl.java:62)
at java.base/jdk.internal.reflect.DelegatingMethodAccessorImpl.invoke(DelegatingMethodAccessorImpl.java:43)
at java.base/java.lang.reflect.Method.invoke(Method.java:566)
at org.apache.maven.surefire.util.ReflectionUtils.invokeMethodWithArray(ReflectionUtils.java:189)
at org.apache.maven.surefire.booter.ProviderFactory$ProviderProxy.invoke(ProviderFactory.java:165)
at org.apache.maven.surefire.booter.ProviderFactory.invokeProvider(ProviderFactory.java:85)
at org.apache.maven.surefire.booter.ForkedBooter.runSuitesInProcess(ForkedBooter.java:115)
at org.apache.maven.surefire.booter.ForkedBooter.main(ForkedBooter.java:75)
]]>
            </full-stacktrace>
          </exception> <!-- java.lang.IllegalArgumentException -->
          <reporter-output>
          </reporter-output>
        </test-method> <!-- addScreenCaptureFromEmptyBase64Test -->
        <test-method signature="addScreenCaptureFromEmptyPathTest()[pri:0, instance:io.github.happyusha.ExtentTestMediaTest@6440112d]" started-at="2024-03-20T21:38:02 IST" name="addScreenCaptureFromEmptyPathTest" finished-at="2024-03-20T21:38:02 IST" duration-ms="0" status="PASS">
          <exception class="java.lang.IllegalArgumentException">
            <message>
              <![CDATA[ScreenCapture path must not be null or empty]]>
            </message>
            <full-stacktrace>
              <![CDATA[java.lang.IllegalArgumentException: ScreenCapture path must not be null or empty
at io.github.happyusha.util.Assert.notEmpty(Assert.java:12)
at io.github.happyusha.ExtentTest.addScreenCaptureFromPath(ExtentTest.java:1100)
at io.github.happyusha.ExtentTest.addScreenCaptureFromPath(ExtentTest.java:1108)
at io.github.happyusha.ExtentTestMediaTest.addScreenCaptureFromEmptyPathTest(ExtentTestMediaTest.java:25)
at java.base/jdk.internal.reflect.NativeMethodAccessorImpl.invoke0(Native Method)
at java.base/jdk.internal.reflect.NativeMethodAccessorImpl.invoke(NativeMethodAccessorImpl.java:62)
at java.base/jdk.internal.reflect.DelegatingMethodAccessorImpl.invoke(DelegatingMethodAccessorImpl.java:43)
at java.base/java.lang.reflect.Method.invoke(Method.java:566)
at org.testng.internal.invokers.MethodInvocationHelper.invokeMethod(MethodInvocationHelper.java:139)
at org.testng.internal.invokers.TestInvoker.invokeMethod(TestInvoker.java:677)
at org.testng.internal.invokers.TestInvoker.invokeTestMethod(TestInvoker.java:221)
at org.testng.internal.invokers.MethodRunner.runInSequence(MethodRunner.java:50)
at org.testng.internal.invokers.TestInvoker$MethodInvocationAgent.invoke(TestInvoker.java:969)
at org.testng.internal.invokers.TestInvoker.invokeTestMethods(TestInvoker.java:194)
at org.testng.internal.invokers.TestMethodWorker.invokeTestMethods(TestMethodWorker.java:148)
at org.testng.internal.invokers.TestMethodWorker.run(TestMethodWorker.java:128)
at java.base/java.util.ArrayList.forEach(ArrayList.java:1540)
at org.testng.TestRunner.privateRun(TestRunner.java:829)
at org.testng.TestRunner.run(TestRunner.java:602)
at org.testng.SuiteRunner.runTest(SuiteRunner.java:437)
at org.testng.SuiteRunner.runSequentially(SuiteRunner.java:431)
at org.testng.SuiteRunner.privateRun(SuiteRunner.java:391)
at org.testng.SuiteRunner.run(SuiteRunner.java:330)
at org.testng.SuiteRunnerWorker.runSuite(SuiteRunnerWorker.java:52)
at org.testng.SuiteRunnerWorker.run(SuiteRunnerWorker.java:95)
at org.testng.TestNG.runSuitesSequentially(TestNG.java:1256)
at org.testng.TestNG.runSuitesLocally(TestNG.java:1176)
at org.testng.TestNG.runSuites(TestNG.java:1099)
at org.testng.TestNG.run(TestNG.java:1067)
at org.apache.maven.surefire.testng.TestNGExecutor.run(TestNGExecutor.java:77)
at org.apache.maven.surefire.testng.TestNGDirectoryTestSuite.executeMulti(TestNGDirectoryTestSuite.java:159)
at org.apache.maven.surefire.testng.TestNGDirectoryTestSuite.execute(TestNGDirectoryTestSuite.java:99)
at org.apache.maven.surefire.testng.TestNGProvider.invoke(TestNGProvider.java:106)
at java.base/jdk.internal.reflect.NativeMethodAccessorImpl.invoke0(Native Method)
at java.base/jdk.internal.reflect.NativeMethodAccessorImpl.invoke(NativeMethodAccessorImpl.java:62)
at java.base/jdk.internal.reflect.DelegatingMethodAccessorImpl.invoke(DelegatingMethodAccessorImpl.java:43)
at java.base/java.lang.reflect.Method.invoke(Method.java:566)
at org.apache.maven.surefire.util.ReflectionUtils.invokeMethodWithArray(ReflectionUtils.java:189)
at org.apache.maven.surefire.booter.ProviderFactory$ProviderProxy.invoke(ProviderFactory.java:165)
at org.apache.maven.surefire.booter.ProviderFactory.invokeProvider(ProviderFactory.java:85)
at org.apache.maven.surefire.booter.ForkedBooter.runSuitesInProcess(ForkedBooter.java:115)
at org.apache.maven.surefire.booter.ForkedBooter.main(ForkedBooter.java:75)
]]>
            </full-stacktrace>
          </exception> <!-- java.lang.IllegalArgumentException -->
          <reporter-output>
          </reporter-output>
        </test-method> <!-- addScreenCaptureFromEmptyPathTest -->
        <test-method signature="addScreenCaptureFromNullBase64Test()[pri:0, instance:io.github.happyusha.ExtentTestMediaTest@6440112d]" started-at="2024-03-20T21:38:02 IST" name="addScreenCaptureFromNullBase64Test" finished-at="2024-03-20T21:38:02 IST" duration-ms="0" status="PASS">
          <exception class="java.lang.IllegalArgumentException">
            <message>
              <![CDATA[ScreenCapture's base64 string must not be null or empty]]>
            </message>
            <full-stacktrace>
              <![CDATA[java.lang.IllegalArgumentException: ScreenCapture's base64 string must not be null or empty
at io.github.happyusha.util.Assert.notEmpty(Assert.java:12)
at io.github.happyusha.ExtentTest.addScreenCaptureFromBase64String(ExtentTest.java:1112)
at io.github.happyusha.ExtentTest.addScreenCaptureFromBase64String(ExtentTest.java:1122)
at io.github.happyusha.ExtentTestMediaTest.addScreenCaptureFromNullBase64Test(ExtentTestMediaTest.java:118)
at java.base/jdk.internal.reflect.NativeMethodAccessorImpl.invoke0(Native Method)
at java.base/jdk.internal.reflect.NativeMethodAccessorImpl.invoke(NativeMethodAccessorImpl.java:62)
at java.base/jdk.internal.reflect.DelegatingMethodAccessorImpl.invoke(DelegatingMethodAccessorImpl.java:43)
at java.base/java.lang.reflect.Method.invoke(Method.java:566)
at org.testng.internal.invokers.MethodInvocationHelper.invokeMethod(MethodInvocationHelper.java:139)
at org.testng.internal.invokers.TestInvoker.invokeMethod(TestInvoker.java:677)
at org.testng.internal.invokers.TestInvoker.invokeTestMethod(TestInvoker.java:221)
at org.testng.internal.invokers.MethodRunner.runInSequence(MethodRunner.java:50)
at org.testng.internal.invokers.TestInvoker$MethodInvocationAgent.invoke(TestInvoker.java:969)
at org.testng.internal.invokers.TestInvoker.invokeTestMethods(TestInvoker.java:194)
at org.testng.internal.invokers.TestMethodWorker.invokeTestMethods(TestMethodWorker.java:148)
at org.testng.internal.invokers.TestMethodWorker.run(TestMethodWorker.java:128)
at java.base/java.util.ArrayList.forEach(ArrayList.java:1540)
at org.testng.TestRunner.privateRun(TestRunner.java:829)
at org.testng.TestRunner.run(TestRunner.java:602)
at org.testng.SuiteRunner.runTest(SuiteRunner.java:437)
at org.testng.SuiteRunner.runSequentially(SuiteRunner.java:431)
at org.testng.SuiteRunner.privateRun(SuiteRunner.java:391)
at org.testng.SuiteRunner.run(SuiteRunner.java:330)
at org.testng.SuiteRunnerWorker.runSuite(SuiteRunnerWorker.java:52)
at org.testng.SuiteRunnerWorker.run(SuiteRunnerWorker.java:95)
at org.testng.TestNG.runSuitesSequentially(TestNG.java:1256)
at org.testng.TestNG.runSuitesLocally(TestNG.java:1176)
at org.testng.TestNG.runSuites(TestNG.java:1099)
at org.testng.TestNG.run(TestNG.java:1067)
at org.apache.maven.surefire.testng.TestNGExecutor.run(TestNGExecutor.java:77)
at org.apache.maven.surefire.testng.TestNGDirectoryTestSuite.executeMulti(TestNGDirectoryTestSuite.java:159)
at org.apache.maven.surefire.testng.TestNGDirectoryTestSuite.execute(TestNGDirectoryTestSuite.java:99)
at org.apache.maven.surefire.testng.TestNGProvider.invoke(TestNGProvider.java:106)
at java.base/jdk.internal.reflect.NativeMethodAccessorImpl.invoke0(Native Method)
at java.base/jdk.internal.reflect.NativeMethodAccessorImpl.invoke(NativeMethodAccessorImpl.java:62)
at java.base/jdk.internal.reflect.DelegatingMethodAccessorImpl.invoke(DelegatingMethodAccessorImpl.java:43)
at java.base/java.lang.reflect.Method.invoke(Method.java:566)
at org.apache.maven.surefire.util.ReflectionUtils.invokeMethodWithArray(ReflectionUtils.java:189)
at org.apache.maven.surefire.booter.ProviderFactory$ProviderProxy.invoke(ProviderFactory.java:165)
at org.apache.maven.surefire.booter.ProviderFactory.invokeProvider(ProviderFactory.java:85)
at org.apache.maven.surefire.booter.ForkedBooter.runSuitesInProcess(ForkedBooter.java:115)
at org.apache.maven.surefire.booter.ForkedBooter.main(ForkedBooter.java:75)
]]>
            </full-stacktrace>
          </exception> <!-- java.lang.IllegalArgumentException -->
          <reporter-output>
          </reporter-output>
        </test-method> <!-- addScreenCaptureFromNullBase64Test -->
        <test-method signature="addScreenCaptureFromNullPathTest()[pri:0, instance:io.github.happyusha.ExtentTestMediaTest@6440112d]" started-at="2024-03-20T21:38:02 IST" name="addScreenCaptureFromNullPathTest" finished-at="2024-03-20T21:38:02 IST" duration-ms="1" status="PASS">
          <exception class="java.lang.IllegalArgumentException">
            <message>
              <![CDATA[ScreenCapture path must not be null or empty]]>
            </message>
            <full-stacktrace>
              <![CDATA[java.lang.IllegalArgumentException: ScreenCapture path must not be null or empty
at io.github.happyusha.util.Assert.notEmpty(Assert.java:12)
at io.github.happyusha.ExtentTest.addScreenCaptureFromPath(ExtentTest.java:1100)
at io.github.happyusha.ExtentTest.addScreenCaptureFromPath(ExtentTest.java:1108)
at io.github.happyusha.ExtentTestMediaTest.addScreenCaptureFromNullPathTest(ExtentTestMediaTest.java:31)
at java.base/jdk.internal.reflect.NativeMethodAccessorImpl.invoke0(Native Method)
at java.base/jdk.internal.reflect.NativeMethodAccessorImpl.invoke(NativeMethodAccessorImpl.java:62)
at java.base/jdk.internal.reflect.DelegatingMethodAccessorImpl.invoke(DelegatingMethodAccessorImpl.java:43)
at java.base/java.lang.reflect.Method.invoke(Method.java:566)
at org.testng.internal.invokers.MethodInvocationHelper.invokeMethod(MethodInvocationHelper.java:139)
at org.testng.internal.invokers.TestInvoker.invokeMethod(TestInvoker.java:677)
at org.testng.internal.invokers.TestInvoker.invokeTestMethod(TestInvoker.java:221)
at org.testng.internal.invokers.MethodRunner.runInSequence(MethodRunner.java:50)
at org.testng.internal.invokers.TestInvoker$MethodInvocationAgent.invoke(TestInvoker.java:969)
at org.testng.internal.invokers.TestInvoker.invokeTestMethods(TestInvoker.java:194)
at org.testng.internal.invokers.TestMethodWorker.invokeTestMethods(TestMethodWorker.java:148)
at org.testng.internal.invokers.TestMethodWorker.run(TestMethodWorker.java:128)
at java.base/java.util.ArrayList.forEach(ArrayList.java:1540)
at org.testng.TestRunner.privateRun(TestRunner.java:829)
at org.testng.TestRunner.run(TestRunner.java:602)
at org.testng.SuiteRunner.runTest(SuiteRunner.java:437)
at org.testng.SuiteRunner.runSequentially(SuiteRunner.java:431)
at org.testng.SuiteRunner.privateRun(SuiteRunner.java:391)
at org.testng.SuiteRunner.run(SuiteRunner.java:330)
at org.testng.SuiteRunnerWorker.runSuite(SuiteRunnerWorker.java:52)
at org.testng.SuiteRunnerWorker.run(SuiteRunnerWorker.java:95)
at org.testng.TestNG.runSuitesSequentially(TestNG.java:1256)
at org.testng.TestNG.runSuitesLocally(TestNG.java:1176)
at org.testng.TestNG.runSuites(TestNG.java:1099)
at org.testng.TestNG.run(TestNG.java:1067)
at org.apache.maven.surefire.testng.TestNGExecutor.run(TestNGExecutor.java:77)
at org.apache.maven.surefire.testng.TestNGDirectoryTestSuite.executeMulti(TestNGDirectoryTestSuite.java:159)
at org.apache.maven.surefire.testng.TestNGDirectoryTestSuite.execute(TestNGDirectoryTestSuite.java:99)
at org.apache.maven.surefire.testng.TestNGProvider.invoke(TestNGProvider.java:106)
at java.base/jdk.internal.reflect.NativeMethodAccessorImpl.invoke0(Native Method)
at java.base/jdk.internal.reflect.NativeMethodAccessorImpl.invoke(NativeMethodAccessorImpl.java:62)
at java.base/jdk.internal.reflect.DelegatingMethodAccessorImpl.invoke(DelegatingMethodAccessorImpl.java:43)
at java.base/java.lang.reflect.Method.invoke(Method.java:566)
at org.apache.maven.surefire.util.ReflectionUtils.invokeMethodWithArray(ReflectionUtils.java:189)
at org.apache.maven.surefire.booter.ProviderFactory$ProviderProxy.invoke(ProviderFactory.java:165)
at org.apache.maven.surefire.booter.ProviderFactory.invokeProvider(ProviderFactory.java:85)
at org.apache.maven.surefire.booter.ForkedBooter.runSuitesInProcess(ForkedBooter.java:115)
at org.apache.maven.surefire.booter.ForkedBooter.main(ForkedBooter.java:75)
]]>
            </full-stacktrace>
          </exception> <!-- java.lang.IllegalArgumentException -->
          <reporter-output>
          </reporter-output>
        </test-method> <!-- addScreenCaptureFromNullPathTest -->
        <test-method signature="addScreenCaptureFromPathNode()[pri:0, instance:io.github.happyusha.ExtentTestMediaTest@6440112d]" started-at="2024-03-20T21:38:02 IST" name="addScreenCaptureFromPathNode" finished-at="2024-03-20T21:38:02 IST" duration-ms="0" status="PASS">
          <reporter-output>
          </reporter-output>
        </test-method> <!-- addScreenCaptureFromPathNode -->
        <test-method signature="addScreenCaptureFromPathNodeLog()[pri:0, instance:io.github.happyusha.ExtentTestMediaTest@6440112d]" started-at="2024-03-20T21:38:02 IST" name="addScreenCaptureFromPathNodeLog" finished-at="2024-03-20T21:38:02 IST" duration-ms="0" status="PASS">
          <reporter-output>
          </reporter-output>
        </test-method> <!-- addScreenCaptureFromPathNodeLog -->
        <test-method signature="addScreenCaptureFromPathTest()[pri:0, instance:io.github.happyusha.ExtentTestMediaTest@6440112d]" started-at="2024-03-20T21:38:02 IST" name="addScreenCaptureFromPathTest" finished-at="2024-03-20T21:38:02 IST" duration-ms="0" status="PASS">
          <reporter-output>
          </reporter-output>
        </test-method> <!-- addScreenCaptureFromPathTest -->
        <test-method signature="addScreenCaptureFromPathTestLog()[pri:0, instance:io.github.happyusha.ExtentTestMediaTest@6440112d]" started-at="2024-03-20T21:38:02 IST" name="addScreenCaptureFromPathTestLog" finished-at="2024-03-20T21:38:02 IST" duration-ms="0" status="PASS">
          <reporter-output>
          </reporter-output>
        </test-method> <!-- addScreenCaptureFromPathTestLog -->
        <test-method signature="addScreenCaptureFromPathTestLogOverloads()[pri:0, instance:io.github.happyusha.ExtentTestMediaTest@6440112d]" started-at="2024-03-20T21:38:02 IST" name="addScreenCaptureFromPathTestLogOverloads" finished-at="2024-03-20T21:38:02 IST" duration-ms="0" status="PASS">
          <reporter-output>
          </reporter-output>
        </test-method> <!-- addScreenCaptureFromPathTestLogOverloads -->
        <test-method signature="addScreenCaptureFromPathTestOverloads()[pri:0, instance:io.github.happyusha.ExtentTestMediaTest@6440112d]" started-at="2024-03-20T21:38:02 IST" name="addScreenCaptureFromPathTestOverloads" finished-at="2024-03-20T21:38:02 IST" duration-ms="0" status="PASS">
          <reporter-output>
          </reporter-output>
        </test-method> <!-- addScreenCaptureFromPathTestOverloads -->
        <test-method signature="addScreenCaptureNullPathTestLog()[pri:0, instance:io.github.happyusha.ExtentTestMediaTest@6440112d]" started-at="2024-03-20T21:38:02 IST" name="addScreenCaptureNullPathTestLog" finished-at="2024-03-20T21:38:02 IST" duration-ms="0" status="PASS">
          <exception class="java.lang.IllegalArgumentException">
            <message>
              <![CDATA[ScreenCapture path must not be null or empty]]>
            </message>
            <full-stacktrace>
              <![CDATA[java.lang.IllegalArgumentException: ScreenCapture path must not be null or empty
at io.github.happyusha.util.Assert.notEmpty(Assert.java:12)
at io.github.happyusha.MediaEntityBuilder.createScreenCaptureFromPath(MediaEntityBuilder.java:34)
at io.github.happyusha.MediaEntityBuilder.createScreenCaptureFromPath(MediaEntityBuilder.java:40)
at io.github.happyusha.ExtentTestMediaTest.addScreenCaptureNullPathTestLog(ExtentTestMediaTest.java:75)
at java.base/jdk.internal.reflect.NativeMethodAccessorImpl.invoke0(Native Method)
at java.base/jdk.internal.reflect.NativeMethodAccessorImpl.invoke(NativeMethodAccessorImpl.java:62)
at java.base/jdk.internal.reflect.DelegatingMethodAccessorImpl.invoke(DelegatingMethodAccessorImpl.java:43)
at java.base/java.lang.reflect.Method.invoke(Method.java:566)
at org.testng.internal.invokers.MethodInvocationHelper.invokeMethod(MethodInvocationHelper.java:139)
at org.testng.internal.invokers.TestInvoker.invokeMethod(TestInvoker.java:677)
at org.testng.internal.invokers.TestInvoker.invokeTestMethod(TestInvoker.java:221)
at org.testng.internal.invokers.MethodRunner.runInSequence(MethodRunner.java:50)
at org.testng.internal.invokers.TestInvoker$MethodInvocationAgent.invoke(TestInvoker.java:969)
at org.testng.internal.invokers.TestInvoker.invokeTestMethods(TestInvoker.java:194)
at org.testng.internal.invokers.TestMethodWorker.invokeTestMethods(TestMethodWorker.java:148)
at org.testng.internal.invokers.TestMethodWorker.run(TestMethodWorker.java:128)
at java.base/java.util.ArrayList.forEach(ArrayList.java:1540)
at org.testng.TestRunner.privateRun(TestRunner.java:829)
at org.testng.TestRunner.run(TestRunner.java:602)
at org.testng.SuiteRunner.runTest(SuiteRunner.java:437)
at org.testng.SuiteRunner.runSequentially(SuiteRunner.java:431)
at org.testng.SuiteRunner.privateRun(SuiteRunner.java:391)
at org.testng.SuiteRunner.run(SuiteRunner.java:330)
at org.testng.SuiteRunnerWorker.runSuite(SuiteRunnerWorker.java:52)
at org.testng.SuiteRunnerWorker.run(SuiteRunnerWorker.java:95)
at org.testng.TestNG.runSuitesSequentially(TestNG.java:1256)
at org.testng.TestNG.runSuitesLocally(TestNG.java:1176)
at org.testng.TestNG.runSuites(TestNG.java:1099)
at org.testng.TestNG.run(TestNG.java:1067)
at org.apache.maven.surefire.testng.TestNGExecutor.run(TestNGExecutor.java:77)
at org.apache.maven.surefire.testng.TestNGDirectoryTestSuite.executeMulti(TestNGDirectoryTestSuite.java:159)
at org.apache.maven.surefire.testng.TestNGDirectoryTestSuite.execute(TestNGDirectoryTestSuite.java:99)
at org.apache.maven.surefire.testng.TestNGProvider.invoke(TestNGProvider.java:106)
at java.base/jdk.internal.reflect.NativeMethodAccessorImpl.invoke0(Native Method)
at java.base/jdk.internal.reflect.NativeMethodAccessorImpl.invoke(NativeMethodAccessorImpl.java:62)
at java.base/jdk.internal.reflect.DelegatingMethodAccessorImpl.invoke(DelegatingMethodAccessorImpl.java:43)
at java.base/java.lang.reflect.Method.invoke(Method.java:566)
at org.apache.maven.surefire.util.ReflectionUtils.invokeMethodWithArray(ReflectionUtils.java:189)
at org.apache.maven.surefire.booter.ProviderFactory$ProviderProxy.invoke(ProviderFactory.java:165)
at org.apache.maven.surefire.booter.ProviderFactory.invokeProvider(ProviderFactory.java:85)
at org.apache.maven.surefire.booter.ForkedBooter.runSuitesInProcess(ForkedBooter.java:115)
at org.apache.maven.surefire.booter.ForkedBooter.main(ForkedBooter.java:75)
]]>
            </full-stacktrace>
          </exception> <!-- java.lang.IllegalArgumentException -->
          <reporter-output>
          </reporter-output>
        </test-method> <!-- addScreenCaptureNullPathTestLog -->
      </class> <!-- io.github.happyusha.ExtentTestMediaTest -->
      <class name="io.github.happyusha.entity.ReportEntityTest">
        <test-method signature="authorCtx()[pri:0, instance:io.github.happyusha.entity.ReportEntityTest@c333c60]" started-at="2024-03-20T21:38:01 IST" name="authorCtx" finished-at="2024-03-20T21:38:01 IST" duration-ms="18" status="PASS">
          <reporter-output>
          </reporter-output>
        </test-method> <!-- authorCtx -->
        <test-method signature="categoryCtx()[pri:0, instance:io.github.happyusha.entity.ReportEntityTest@c333c60]" started-at="2024-03-20T21:38:01 IST" name="categoryCtx" finished-at="2024-03-20T21:38:01 IST" duration-ms="5" status="PASS">
          <reporter-output>
          </reporter-output>
        </test-method> <!-- categoryCtx -->
        <test-method signature="deviceCtx()[pri:0, instance:io.github.happyusha.entity.ReportEntityTest@c333c60]" started-at="2024-03-20T21:38:01 IST" name="deviceCtx" finished-at="2024-03-20T21:38:01 IST" duration-ms="3" status="PASS">
          <reporter-output>
          </reporter-output>
        </test-method> <!-- deviceCtx -->
        <test-method signature="exceptionContext()[pri:0, instance:io.github.happyusha.entity.ReportEntityTest@c333c60]" started-at="2024-03-20T21:38:01 IST" name="exceptionContext" finished-at="2024-03-20T21:38:01 IST" duration-ms="16" status="PASS">
          <reporter-output>
          </reporter-output>
        </test-method> <!-- exceptionContext -->
        <test-method signature="reportIsBDD()[pri:0, instance:io.github.happyusha.entity.ReportEntityTest@c333c60]" started-at="2024-03-20T21:38:01 IST" name="reportIsBDD" finished-at="2024-03-20T21:38:01 IST" duration-ms="5" status="PASS">
          <reporter-output>
          </reporter-output>
        </test-method> <!-- reportIsBDD -->
        <test-method signature="reportTestHasStatus()[pri:0, instance:io.github.happyusha.entity.ReportEntityTest@c333c60]" started-at="2024-03-20T21:38:01 IST" name="reportTestHasStatus" finished-at="2024-03-20T21:38:01 IST" duration-ms="2" status="PASS">
          <reporter-output>
          </reporter-output>
        </test-method> <!-- reportTestHasStatus -->
        <test-method signature="reportTestListSize()[pri:0, instance:io.github.happyusha.entity.ReportEntityTest@c333c60]" started-at="2024-03-20T21:38:01 IST" name="reportTestListSize" finished-at="2024-03-20T21:38:01 IST" duration-ms="0" status="PASS">
          <reporter-output>
          </reporter-output>
        </test-method> <!-- reportTestListSize -->
        <test-method signature="startIsPassOnInit()[pri:0, instance:io.github.happyusha.entity.ReportEntityTest@c333c60]" started-at="2024-03-20T21:38:01 IST" name="startIsPassOnInit" finished-at="2024-03-20T21:38:01 IST" duration-ms="2" status="PASS">
          <reporter-output>
          </reporter-output>
        </test-method> <!-- startIsPassOnInit -->
        <test-method signature="startAndEndTimesNonNullAtInit()[pri:0, instance:io.github.happyusha.entity.ReportEntityTest@c333c60]" started-at="2024-03-20T21:38:01 IST" name="startAndEndTimesNonNullAtInit" finished-at="2024-03-20T21:38:01 IST" duration-ms="0" status="PASS">
          <reporter-output>
          </reporter-output>
        </test-method> <!-- startAndEndTimesNonNullAtInit -->
        <test-method signature="statsNonNullAtInit()[pri:0, instance:io.github.happyusha.entity.ReportEntityTest@c333c60]" started-at="2024-03-20T21:38:01 IST" name="statsNonNullAtInit" finished-at="2024-03-20T21:38:01 IST" duration-ms="0" status="PASS">
          <reporter-output>
          </reporter-output>
        </test-method> <!-- statsNonNullAtInit -->
        <test-method signature="testRunnerLogs()[pri:0, instance:io.github.happyusha.entity.ReportEntityTest@c333c60]" started-at="2024-03-20T21:38:01 IST" name="testRunnerLogs" finished-at="2024-03-20T21:38:01 IST" duration-ms="2" status="PASS">
          <reporter-output>
          </reporter-output>
        </test-method> <!-- testRunnerLogs -->
        <test-method signature="testsEmptyOnInit()[pri:0, instance:io.github.happyusha.entity.ReportEntityTest@c333c60]" started-at="2024-03-20T21:38:01 IST" name="testsEmptyOnInit" finished-at="2024-03-20T21:38:01 IST" duration-ms="1" status="PASS">
          <reporter-output>
          </reporter-output>
        </test-method> <!-- testsEmptyOnInit -->
        <test-method signature="timeTaken()[pri:0, instance:io.github.happyusha.entity.ReportEntityTest@c333c60]" started-at="2024-03-20T21:38:01 IST" name="timeTaken" finished-at="2024-03-20T21:38:01 IST" duration-ms="0" status="PASS">
          <reporter-output>
          </reporter-output>
        </test-method> <!-- timeTaken -->
      </class> <!-- io.github.happyusha.entity.ReportEntityTest -->
      <class name="io.github.happyusha.markuputils.TableMarkupTest">
        <test-method signature="tableWithData()[pri:0, instance:io.github.happyusha.markuputils.TableMarkupTest@451001e5]" started-at="2024-03-20T21:38:02 IST" name="tableWithData" finished-at="2024-03-20T21:38:02 IST" duration-ms="8" status="PASS">
          <reporter-output>
          </reporter-output>
        </test-method> <!-- tableWithData -->
        <test-method signature="tableWithNullText()[pri:0, instance:io.github.happyusha.markuputils.TableMarkupTest@451001e5]" started-at="2024-03-20T21:38:02 IST" name="tableWithNullText" finished-at="2024-03-20T21:38:02 IST" duration-ms="0" status="PASS">
          <reporter-output>
          </reporter-output>
        </test-method> <!-- tableWithNullText -->
        <test-method signature="tableWithPojoBeginningEndingTags()[pri:0, instance:io.github.happyusha.markuputils.TableMarkupTest@451001e5]" started-at="2024-03-20T21:38:02 IST" name="tableWithPojoBeginningEndingTags" finished-at="2024-03-20T21:38:02 IST" duration-ms="16" status="PASS">
          <reporter-output>
          </reporter-output>
        </test-method> <!-- tableWithPojoBeginningEndingTags -->
        <test-method signature="tableWithPojoCells()[pri:0, instance:io.github.happyusha.markuputils.TableMarkupTest@451001e5]" started-at="2024-03-20T21:38:02 IST" name="tableWithPojoCells" finished-at="2024-03-20T21:38:02 IST" duration-ms="0" status="PASS">
          <reporter-output>
          </reporter-output>
        </test-method> <!-- tableWithPojoCells -->
        <test-method signature="tableWithPojoHeaders()[pri:0, instance:io.github.happyusha.markuputils.TableMarkupTest@451001e5]" started-at="2024-03-20T21:38:02 IST" name="tableWithPojoHeaders" finished-at="2024-03-20T21:38:02 IST" duration-ms="0" status="PASS">
          <reporter-output>
          </reporter-output>
        </test-method> <!-- tableWithPojoHeaders -->
        <test-method signature="tableWithSingleArray()[pri:0, instance:io.github.happyusha.markuputils.TableMarkupTest@451001e5]" started-at="2024-03-20T21:38:02 IST" name="tableWithSingleArray" finished-at="2024-03-20T21:38:02 IST" duration-ms="1" status="PASS">
          <reporter-output>
          </reporter-output>
        </test-method> <!-- tableWithSingleArray -->
        <test-method signature="tableWithSingleSet()[pri:0, instance:io.github.happyusha.markuputils.TableMarkupTest@451001e5]" started-at="2024-03-20T21:38:02 IST" name="tableWithSingleSet" finished-at="2024-03-20T21:38:02 IST" duration-ms="0" status="PASS">
          <reporter-output>
          </reporter-output>
        </test-method> <!-- tableWithSingleSet -->
        <test-method signature="tableWithSingleList()[pri:0, instance:io.github.happyusha.markuputils.TableMarkupTest@451001e5]" started-at="2024-03-20T21:38:02 IST" name="tableWithSingleList" finished-at="2024-03-20T21:38:02 IST" duration-ms="0" status="PASS">
          <reporter-output>
          </reporter-output>
        </test-method> <!-- tableWithSingleList -->
        <test-method signature="tableWithSingleStringField()[pri:0, instance:io.github.happyusha.markuputils.TableMarkupTest@451001e5]" started-at="2024-03-20T21:38:02 IST" name="tableWithSingleStringField" finished-at="2024-03-20T21:38:02 IST" duration-ms="1" status="PASS">
          <reporter-output>
          </reporter-output>
        </test-method> <!-- tableWithSingleStringField -->
      </class> <!-- io.github.happyusha.markuputils.TableMarkupTest -->
      <class name="io.github.happyusha.entity.AuthorEntityTest">
        <test-method signature="authorName()[pri:0, instance:io.github.happyusha.entity.AuthorEntityTest@378542de]" started-at="2024-03-20T21:38:01 IST" name="authorName" finished-at="2024-03-20T21:38:01 IST" duration-ms="0" status="PASS">
          <reporter-output>
          </reporter-output>
        </test-method> <!-- authorName -->
      </class> <!-- io.github.happyusha.entity.AuthorEntityTest -->
      <class name="io.github.happyusha.markuputils.CodeBlockMarkupTest">
        <test-method signature="jsonCodeBlock()[pri:0, instance:io.github.happyusha.markuputils.CodeBlockMarkupTest@183ec003]" started-at="2024-03-20T21:38:02 IST" name="jsonCodeBlock" finished-at="2024-03-20T21:38:02 IST" duration-ms="1" status="PASS">
          <reporter-output>
          </reporter-output>
        </test-method> <!-- jsonCodeBlock -->
        <test-method signature="multipleCodeBlocks1()[pri:0, instance:io.github.happyusha.markuputils.CodeBlockMarkupTest@183ec003]" started-at="2024-03-20T21:38:02 IST" name="multipleCodeBlocks1" finished-at="2024-03-20T21:38:02 IST" duration-ms="0" status="PASS">
          <reporter-output>
          </reporter-output>
        </test-method> <!-- multipleCodeBlocks1 -->
        <test-method signature="multipleCodeBlocks2()[pri:0, instance:io.github.happyusha.markuputils.CodeBlockMarkupTest@183ec003]" started-at="2024-03-20T21:38:02 IST" name="multipleCodeBlocks2" finished-at="2024-03-20T21:38:02 IST" duration-ms="0" status="PASS">
          <reporter-output>
          </reporter-output>
        </test-method> <!-- multipleCodeBlocks2 -->
        <test-method signature="multipleCodeBlocks4()[pri:0, instance:io.github.happyusha.markuputils.CodeBlockMarkupTest@183ec003]" started-at="2024-03-20T21:38:02 IST" name="multipleCodeBlocks4" finished-at="2024-03-20T21:38:02 IST" duration-ms="1" status="PASS">
          <reporter-output>
          </reporter-output>
        </test-method> <!-- multipleCodeBlocks4 -->
        <test-method signature="multipleCodeBlocks3()[pri:0, instance:io.github.happyusha.markuputils.CodeBlockMarkupTest@183ec003]" started-at="2024-03-20T21:38:02 IST" name="multipleCodeBlocks3" finished-at="2024-03-20T21:38:02 IST" duration-ms="0" status="PASS">
          <reporter-output>
          </reporter-output>
        </test-method> <!-- multipleCodeBlocks3 -->
        <test-method signature="nullCodeBlockContent()[pri:0, instance:io.github.happyusha.markuputils.CodeBlockMarkupTest@183ec003]" started-at="2024-03-20T21:38:02 IST" name="nullCodeBlockContent" finished-at="2024-03-20T21:38:02 IST" duration-ms="0" status="PASS">
          <reporter-output>
          </reporter-output>
        </test-method> <!-- nullCodeBlockContent -->
        <test-method signature="xmlCodeBlock()[pri:0, instance:io.github.happyusha.markuputils.CodeBlockMarkupTest@183ec003]" started-at="2024-03-20T21:38:02 IST" name="xmlCodeBlock" finished-at="2024-03-20T21:38:02 IST" duration-ms="1" status="PASS">
          <reporter-output>
          </reporter-output>
        </test-method> <!-- xmlCodeBlock -->
        <test-method signature="xmlCodeBlockWithLang()[pri:0, instance:io.github.happyusha.markuputils.CodeBlockMarkupTest@183ec003]" started-at="2024-03-20T21:38:02 IST" name="xmlCodeBlockWithLang" finished-at="2024-03-20T21:38:02 IST" duration-ms="0" status="PASS">
          <reporter-output>
          </reporter-output>
        </test-method> <!-- xmlCodeBlockWithLang -->
        <test-method signature="jsonCodeBlockWithLang()[pri:1, instance:io.github.happyusha.markuputils.CodeBlockMarkupTest@183ec003]" started-at="2024-03-20T21:38:02 IST" name="jsonCodeBlockWithLang" finished-at="2024-03-20T21:38:02 IST" duration-ms="1" status="PASS">
          <reporter-output>
          </reporter-output>
        </test-method> <!-- jsonCodeBlockWithLang -->
        <test-method signature="jsonCodeBlockWithLangMultiple()[pri:2, instance:io.github.happyusha.markuputils.CodeBlockMarkupTest@183ec003]" started-at="2024-03-20T21:38:02 IST" name="jsonCodeBlockWithLangMultiple" finished-at="2024-03-20T21:38:02 IST" duration-ms="1" status="PASS">
          <reporter-output>
          </reporter-output>
        </test-method> <!-- jsonCodeBlockWithLangMultiple -->
      </class> <!-- io.github.happyusha.markuputils.CodeBlockMarkupTest -->
      <class name="io.github.happyusha.ExtentTestLogHierarchyTest">
        <test-method signature="info()[pri:0, instance:io.github.happyusha.ExtentTestLogHierarchyTest@6c284af]" started-at="2024-03-20T21:38:02 IST" name="info" finished-at="2024-03-20T21:38:02 IST" duration-ms="0" status="PASS">
          <reporter-output>
          </reporter-output>
        </test-method> <!-- info -->
        <test-method signature="overall()[pri:0, instance:io.github.happyusha.ExtentTestLogHierarchyTest@6c284af]" started-at="2024-03-20T21:38:02 IST" name="overall" finished-at="2024-03-20T21:38:02 IST" duration-ms="0" status="PASS">
          <reporter-output>
          </reporter-output>
        </test-method> <!-- overall -->
        <test-method signature="passed()[pri:0, instance:io.github.happyusha.ExtentTestLogHierarchyTest@6c284af]" started-at="2024-03-20T21:38:02 IST" name="passed" finished-at="2024-03-20T21:38:02 IST" duration-ms="0" status="PASS">
          <reporter-output>
          </reporter-output>
        </test-method> <!-- passed -->
        <test-method signature="skipped()[pri:0, instance:io.github.happyusha.ExtentTestLogHierarchyTest@6c284af]" started-at="2024-03-20T21:38:02 IST" name="skipped" finished-at="2024-03-20T21:38:02 IST" duration-ms="1" status="PASS">
          <reporter-output>
          </reporter-output>
        </test-method> <!-- skipped -->
        <test-method signature="warning()[pri:0, instance:io.github.happyusha.ExtentTestLogHierarchyTest@6c284af]" started-at="2024-03-20T21:38:02 IST" name="warning" finished-at="2024-03-20T21:38:02 IST" duration-ms="0" status="PASS">
          <reporter-output>
          </reporter-output>
        </test-method> <!-- warning -->
      </class> <!-- io.github.happyusha.ExtentTestLogHierarchyTest -->
      <class name="io.github.happyusha.reporter.SparkReporterConfigTest">
        <test-method signature="configTest()[pri:0, instance:io.github.happyusha.reporter.SparkReporterConfigTest@496bc455]" started-at="2024-03-20T21:38:07 IST" name="configTest" finished-at="2024-03-20T21:38:07 IST" duration-ms="1" status="PASS">
          <reporter-output>
          </reporter-output>
        </test-method> <!-- configTest -->
        <test-method signature="loadJSONConfigFileTest()[pri:0, instance:io.github.happyusha.reporter.SparkReporterConfigTest@496bc455]" started-at="2024-03-20T21:38:07 IST" name="loadJSONConfigFileTest" finished-at="2024-03-20T21:38:07 IST" duration-ms="3" status="PASS">
          <reporter-output>
          </reporter-output>
        </test-method> <!-- loadJSONConfigFileTest -->
        <test-method signature="loadJSONConfigStringTest()[pri:0, instance:io.github.happyusha.reporter.SparkReporterConfigTest@496bc455]" started-at="2024-03-20T21:38:07 IST" name="loadJSONConfigStringTest" finished-at="2024-03-20T21:38:07 IST" duration-ms="1" status="PASS">
          <reporter-output>
          </reporter-output>
        </test-method> <!-- loadJSONConfigStringTest -->
        <test-method signature="loadXMLConfigFileTest()[pri:0, instance:io.github.happyusha.reporter.SparkReporterConfigTest@496bc455]" started-at="2024-03-20T21:38:07 IST" name="loadXMLConfigFileTest" finished-at="2024-03-20T21:38:07 IST" duration-ms="5" status="PASS">
          <reporter-output>
          </reporter-output>
        </test-method> <!-- loadXMLConfigFileTest -->
        <test-method signature="loadXMLConfigPathTest()[pri:0, instance:io.github.happyusha.reporter.SparkReporterConfigTest@496bc455]" started-at="2024-03-20T21:38:07 IST" name="loadXMLConfigPathTest" finished-at="2024-03-20T21:38:07 IST" duration-ms="4" status="PASS">
          <reporter-output>
          </reporter-output>
        </test-method> <!-- loadXMLConfigPathTest -->
      </class> <!-- io.github.happyusha.reporter.SparkReporterConfigTest -->
      <class name="io.github.happyusha.entity.DeviceEntityTest">
        <test-method signature="deviceName()[pri:0, instance:io.github.happyusha.entity.DeviceEntityTest@69e1dd28]" started-at="2024-03-20T21:38:01 IST" name="deviceName" finished-at="2024-03-20T21:38:01 IST" duration-ms="1" status="PASS">
          <reporter-output>
          </reporter-output>
        </test-method> <!-- deviceName -->
      </class> <!-- io.github.happyusha.entity.DeviceEntityTest -->
      <class name="io.github.happyusha.reporter.FileReporterPathsTest">
        <test-method signature="jsonPathAsDirectory()[pri:0, instance:io.github.happyusha.reporter.FileReporterPathsTest@24569dba]" started-at="2024-03-20T21:38:07 IST" name="jsonPathAsDirectory" finished-at="2024-03-20T21:38:07 IST" duration-ms="14" status="PASS">
          <reporter-output>
          </reporter-output>
        </test-method> <!-- jsonPathAsDirectory -->
        <test-method signature="jsonPathAsFile()[pri:0, instance:io.github.happyusha.reporter.FileReporterPathsTest@24569dba]" started-at="2024-03-20T21:38:07 IST" name="jsonPathAsFile" finished-at="2024-03-20T21:38:07 IST" duration-ms="6" status="PASS">
          <reporter-output>
          </reporter-output>
        </test-method> <!-- jsonPathAsFile -->
        <test-method signature="sparkPathAsDirectory()[pri:0, instance:io.github.happyusha.reporter.FileReporterPathsTest@24569dba]" started-at="2024-03-20T21:38:07 IST" name="sparkPathAsDirectory" finished-at="2024-03-20T21:38:07 IST" duration-ms="318" status="PASS">
          <reporter-output>
          </reporter-output>
        </test-method> <!-- sparkPathAsDirectory -->
        <test-method signature="sparkPathAsFile()[pri:0, instance:io.github.happyusha.reporter.FileReporterPathsTest@24569dba]" started-at="2024-03-20T21:38:07 IST" name="sparkPathAsFile" finished-at="2024-03-20T21:38:07 IST" duration-ms="92" status="PASS">
          <reporter-output>
          </reporter-output>
        </test-method> <!-- sparkPathAsFile -->
      </class> <!-- io.github.happyusha.reporter.FileReporterPathsTest -->
      <class name="io.github.happyusha.reporter.SparkReporterTest">
        <test-method signature="createsReportWithNoTestsInitFile()[pri:0, instance:io.github.happyusha.reporter.SparkReporterTest@7188af83]" started-at="2024-03-20T21:38:07 IST" name="createsReportWithNoTestsInitFile" finished-at="2024-03-20T21:38:08 IST" duration-ms="173" status="PASS">
          <reporter-output>
          </reporter-output>
        </test-method> <!-- createsReportWithNoTestsInitFile -->
        <test-method signature="createsReportWithNoTestsInitPath()[pri:0, instance:io.github.happyusha.reporter.SparkReporterTest@7188af83]" started-at="2024-03-20T21:38:08 IST" name="createsReportWithNoTestsInitPath" finished-at="2024-03-20T21:38:08 IST" duration-ms="84" status="PASS">
          <reporter-output>
          </reporter-output>
        </test-method> <!-- createsReportWithNoTestsInitPath -->
        <test-method signature="reportContainsTestsAndNodes()[pri:0, instance:io.github.happyusha.reporter.SparkReporterTest@7188af83]" started-at="2024-03-20T21:38:08 IST" name="reportContainsTestsAndNodes" finished-at="2024-03-20T21:38:08 IST" duration-ms="123" status="PASS">
          <reporter-output>
          </reporter-output>
        </test-method> <!-- reportContainsTestsAndNodes -->
        <test-method signature="reportContainsTestsAndNodesDevices()[pri:0, instance:io.github.happyusha.reporter.SparkReporterTest@7188af83]" started-at="2024-03-20T21:38:08 IST" name="reportContainsTestsAndNodesDevices" finished-at="2024-03-20T21:38:08 IST" duration-ms="122" status="PASS">
          <reporter-output>
          </reporter-output>
        </test-method> <!-- reportContainsTestsAndNodesDevices -->
        <test-method signature="reportContainsTestsAndNodesTags()[pri:0, instance:io.github.happyusha.reporter.SparkReporterTest@7188af83]" started-at="2024-03-20T21:38:08 IST" name="reportContainsTestsAndNodesTags" finished-at="2024-03-20T21:38:08 IST" duration-ms="127" status="PASS">
          <reporter-output>
          </reporter-output>
        </test-method> <!-- reportContainsTestsAndNodesTags -->
        <test-method signature="reportContainsTestsAndNodesUsers()[pri:0, instance:io.github.happyusha.reporter.SparkReporterTest@7188af83]" started-at="2024-03-20T21:38:08 IST" name="reportContainsTestsAndNodesUsers" finished-at="2024-03-20T21:38:08 IST" duration-ms="138" status="PASS">
          <reporter-output>
          </reporter-output>
        </test-method> <!-- reportContainsTestsAndNodesUsers -->
        <test-method signature="sparkOffline()[pri:0, instance:io.github.happyusha.reporter.SparkReporterTest@7188af83]" started-at="2024-03-20T21:38:08 IST" name="sparkOffline" finished-at="2024-03-20T21:38:08 IST" duration-ms="206" status="PASS">
          <reporter-output>
          </reporter-output>
        </test-method> <!-- sparkOffline -->
        <test-method signature="statusFilterable()[pri:0, instance:io.github.happyusha.reporter.SparkReporterTest@7188af83]" started-at="2024-03-20T21:38:08 IST" name="statusFilterable" finished-at="2024-03-20T21:38:09 IST" duration-ms="136" status="PASS">
          <reporter-output>
          </reporter-output>
        </test-method> <!-- statusFilterable -->
        <test-method signature="statusFilterableNode()[pri:0, instance:io.github.happyusha.reporter.SparkReporterTest@7188af83]" started-at="2024-03-20T21:38:09 IST" name="statusFilterableNode" finished-at="2024-03-20T21:38:09 IST" duration-ms="113" status="PASS">
          <reporter-output>
          </reporter-output>
        </test-method> <!-- statusFilterableNode -->
      </class> <!-- io.github.happyusha.reporter.SparkReporterTest -->
      <class name="io.github.happyusha.gherkin.GherkinKeywordTest">
        <test-method signature="testEnglishGherkinKeywords()[pri:0, instance:io.github.happyusha.gherkin.GherkinKeywordTest@231f98ef]" started-at="2024-03-20T21:38:02 IST" name="testEnglishGherkinKeywords" finished-at="2024-03-20T21:38:02 IST" duration-ms="1" status="PASS">
          <reporter-output>
          </reporter-output>
        </test-method> <!-- testEnglishGherkinKeywords -->
        <test-method signature="testGermanGherkinKeywords()[pri:0, instance:io.github.happyusha.gherkin.GherkinKeywordTest@231f98ef]" started-at="2024-03-20T21:38:02 IST" name="testGermanGherkinKeywords" finished-at="2024-03-20T21:38:02 IST" duration-ms="4" status="PASS">
          <reporter-output>
          </reporter-output>
        </test-method> <!-- testGermanGherkinKeywords -->
        <test-method signature="testMixedGherkinKeywords()[pri:0, instance:io.github.happyusha.gherkin.GherkinKeywordTest@231f98ef]" started-at="2024-03-20T21:38:02 IST" name="testMixedGherkinKeywords" finished-at="2024-03-20T21:38:02 IST" duration-ms="8" status="PASS">
          <reporter-output>
          </reporter-output>
        </test-method> <!-- testMixedGherkinKeywords -->
      </class> <!-- io.github.happyusha.gherkin.GherkinKeywordTest -->
      <class name="io.github.happyusha.ExtentTestAttributesTest">
        <test-method signature="extentTestWithAuthor()[pri:0, instance:io.github.happyusha.ExtentTestAttributesTest@57d7f8ca]" started-at="2024-03-20T21:38:02 IST" name="extentTestWithAuthor" finished-at="2024-03-20T21:38:02 IST" duration-ms="8" status="PASS">
          <reporter-output>
          </reporter-output>
        </test-method> <!-- extentTestWithAuthor -->
        <test-method signature="extentTestWithCategory()[pri:0, instance:io.github.happyusha.ExtentTestAttributesTest@57d7f8ca]" started-at="2024-03-20T21:38:02 IST" name="extentTestWithCategory" finished-at="2024-03-20T21:38:02 IST" duration-ms="1" status="PASS">
          <reporter-output>
          </reporter-output>
        </test-method> <!-- extentTestWithCategory -->
        <test-method signature="extentTestWithDevice()[pri:0, instance:io.github.happyusha.ExtentTestAttributesTest@57d7f8ca]" started-at="2024-03-20T21:38:02 IST" name="extentTestWithDevice" finished-at="2024-03-20T21:38:02 IST" duration-ms="1" status="PASS">
          <reporter-output>
          </reporter-output>
        </test-method> <!-- extentTestWithDevice -->
        <test-method signature="extentTestWithNoAuthor()[pri:0, instance:io.github.happyusha.ExtentTestAttributesTest@57d7f8ca]" started-at="2024-03-20T21:38:02 IST" name="extentTestWithNoAuthor" finished-at="2024-03-20T21:38:02 IST" duration-ms="0" status="PASS">
          <reporter-output>
          </reporter-output>
        </test-method> <!-- extentTestWithNoAuthor -->
        <test-method signature="extentTestWithNoCategory()[pri:0, instance:io.github.happyusha.ExtentTestAttributesTest@57d7f8ca]" started-at="2024-03-20T21:38:02 IST" name="extentTestWithNoCategory" finished-at="2024-03-20T21:38:02 IST" duration-ms="4" status="PASS">
          <reporter-output>
          </reporter-output>
        </test-method> <!-- extentTestWithNoCategory -->
        <test-method signature="extentTestWithNoDevice()[pri:0, instance:io.github.happyusha.ExtentTestAttributesTest@57d7f8ca]" started-at="2024-03-20T21:38:02 IST" name="extentTestWithNoDevice" finished-at="2024-03-20T21:38:02 IST" duration-ms="0" status="PASS">
          <reporter-output>
          </reporter-output>
        </test-method> <!-- extentTestWithNoDevice -->
      </class> <!-- io.github.happyusha.ExtentTestAttributesTest -->
      <class name="io.github.happyusha.reporter.JsonFormatterStandardTest">
        <test-method is-config="true" signature="beforeHook()[pri:0, instance:io.github.happyusha.reporter.JsonFormatterStandardTest@70ed52de]" started-at="2024-03-20T21:38:07 IST" name="beforeHook" finished-at="2024-03-20T21:38:07 IST" duration-ms="2" status="PASS">
          <reporter-output>
          </reporter-output>
        </test-method> <!-- beforeHook -->
        <test-method signature="supportsThrowable()[pri:0, instance:io.github.happyusha.reporter.JsonFormatterStandardTest@70ed52de]" started-at="2024-03-20T21:38:07 IST" name="supportsThrowable" finished-at="2024-03-20T21:38:07 IST" duration-ms="11" status="PASS">
          <reporter-output>
          </reporter-output>
        </test-method> <!-- supportsThrowable -->
        <test-method is-config="true" signature="beforeHook()[pri:0, instance:io.github.happyusha.reporter.JsonFormatterStandardTest@70ed52de]" started-at="2024-03-20T21:38:07 IST" name="beforeHook" finished-at="2024-03-20T21:38:07 IST" duration-ms="2" status="PASS">
          <reporter-output>
          </reporter-output>
        </test-method> <!-- beforeHook -->
        <test-method signature="writeRead()[pri:0, instance:io.github.happyusha.reporter.JsonFormatterStandardTest@70ed52de]" started-at="2024-03-20T21:38:07 IST" name="writeRead" finished-at="2024-03-20T21:38:07 IST" duration-ms="7" status="PASS">
          <reporter-output>
          </reporter-output>
        </test-method> <!-- writeRead -->
      </class> <!-- io.github.happyusha.reporter.JsonFormatterStandardTest -->
      <class name="io.github.happyusha.entity.service.TestServiceTest">
        <test-method signature="deleteNode()[pri:0, instance:io.github.happyusha.entity.service.TestServiceTest@5fd4f8f5]" started-at="2024-03-20T21:38:01 IST" name="deleteNode" finished-at="2024-03-20T21:38:01 IST" duration-ms="1" status="PASS">
          <reporter-output>
          </reporter-output>
        </test-method> <!-- deleteNode -->
        <test-method signature="deleteTest()[pri:0, instance:io.github.happyusha.entity.service.TestServiceTest@5fd4f8f5]" started-at="2024-03-20T21:38:01 IST" name="deleteTest" finished-at="2024-03-20T21:38:01 IST" duration-ms="0" status="PASS">
          <reporter-output>
          </reporter-output>
        </test-method> <!-- deleteTest -->
        <test-method signature="testHasScreenCaptureDeepLog()[pri:0, instance:io.github.happyusha.entity.service.TestServiceTest@5fd4f8f5]" started-at="2024-03-20T21:38:02 IST" name="testHasScreenCaptureDeepLog" finished-at="2024-03-20T21:38:02 IST" duration-ms="1" status="PASS">
          <reporter-output>
          </reporter-output>
        </test-method> <!-- testHasScreenCaptureDeepLog -->
        <test-method signature="testHasScreenCaptureDeepNode()[pri:0, instance:io.github.happyusha.entity.service.TestServiceTest@5fd4f8f5]" started-at="2024-03-20T21:38:02 IST" name="testHasScreenCaptureDeepNode" finished-at="2024-03-20T21:38:02 IST" duration-ms="2" status="PASS">
          <reporter-output>
          </reporter-output>
        </test-method> <!-- testHasScreenCaptureDeepNode -->
        <test-method signature="testHasScreenCaptureDeepNodeLog()[pri:0, instance:io.github.happyusha.entity.service.TestServiceTest@5fd4f8f5]" started-at="2024-03-20T21:38:02 IST" name="testHasScreenCaptureDeepNodeLog" finished-at="2024-03-20T21:38:02 IST" duration-ms="1" status="PASS">
          <reporter-output>
          </reporter-output>
        </test-method> <!-- testHasScreenCaptureDeepNodeLog -->
        <test-method signature="testWithBddType()[pri:0, instance:io.github.happyusha.entity.service.TestServiceTest@5fd4f8f5]" started-at="2024-03-20T21:38:02 IST" name="testWithBddType" finished-at="2024-03-20T21:38:02 IST" duration-ms="1" status="PASS">
          <reporter-output>
          </reporter-output>
        </test-method> <!-- testWithBddType -->
        <test-method signature="testWithBddTypeGherkinKeyword()[pri:0, instance:io.github.happyusha.entity.service.TestServiceTest@5fd4f8f5]" started-at="2024-03-20T21:38:02 IST" name="testWithBddTypeGherkinKeyword" finished-at="2024-03-20T21:38:02 IST" duration-ms="34" status="PASS">
          <reporter-output>
          </reporter-output>
        </test-method> <!-- testWithBddTypeGherkinKeyword -->
        <test-method signature="testWithDescription()[pri:0, instance:io.github.happyusha.entity.service.TestServiceTest@5fd4f8f5]" started-at="2024-03-20T21:38:02 IST" name="testWithDescription" finished-at="2024-03-20T21:38:02 IST" duration-ms="0" status="PASS">
          <reporter-output>
          </reporter-output>
        </test-method> <!-- testWithDescription -->
        <test-method signature="testWithEmptyDescription()[pri:0, instance:io.github.happyusha.entity.service.TestServiceTest@5fd4f8f5]" started-at="2024-03-20T21:38:02 IST" name="testWithEmptyDescription" finished-at="2024-03-20T21:38:02 IST" duration-ms="0" status="PASS">
          <reporter-output>
          </reporter-output>
        </test-method> <!-- testWithEmptyDescription -->
        <test-method signature="testWithEmptyName()[pri:0, instance:io.github.happyusha.entity.service.TestServiceTest@5fd4f8f5]" started-at="2024-03-20T21:38:02 IST" name="testWithEmptyName" finished-at="2024-03-20T21:38:02 IST" duration-ms="0" status="PASS">
          <exception class="java.lang.IllegalArgumentException">
            <message>
              <![CDATA[Test name must not be null or empty]]>
            </message>
            <full-stacktrace>
              <![CDATA[java.lang.IllegalArgumentException: Test name must not be null or empty
at io.github.happyusha.util.Assert.notEmpty(Assert.java:12)
at io.github.happyusha.model.service.TestService.createTest(TestService.java:24)
at io.github.happyusha.model.service.TestService.createTest(TestService.java:33)
at io.github.happyusha.model.service.TestService.createTest(TestService.java:37)
at io.github.happyusha.entity.service.TestServiceTest.testWithEmptyName(TestServiceTest.java:32)
at java.base/jdk.internal.reflect.NativeMethodAccessorImpl.invoke0(Native Method)
at java.base/jdk.internal.reflect.NativeMethodAccessorImpl.invoke(NativeMethodAccessorImpl.java:62)
at java.base/jdk.internal.reflect.DelegatingMethodAccessorImpl.invoke(DelegatingMethodAccessorImpl.java:43)
at java.base/java.lang.reflect.Method.invoke(Method.java:566)
at org.testng.internal.invokers.MethodInvocationHelper.invokeMethod(MethodInvocationHelper.java:139)
at org.testng.internal.invokers.TestInvoker.invokeMethod(TestInvoker.java:677)
at org.testng.internal.invokers.TestInvoker.invokeTestMethod(TestInvoker.java:221)
at org.testng.internal.invokers.MethodRunner.runInSequence(MethodRunner.java:50)
at org.testng.internal.invokers.TestInvoker$MethodInvocationAgent.invoke(TestInvoker.java:969)
at org.testng.internal.invokers.TestInvoker.invokeTestMethods(TestInvoker.java:194)
at org.testng.internal.invokers.TestMethodWorker.invokeTestMethods(TestMethodWorker.java:148)
at org.testng.internal.invokers.TestMethodWorker.run(TestMethodWorker.java:128)
at java.base/java.util.ArrayList.forEach(ArrayList.java:1540)
at org.testng.TestRunner.privateRun(TestRunner.java:829)
at org.testng.TestRunner.run(TestRunner.java:602)
at org.testng.SuiteRunner.runTest(SuiteRunner.java:437)
[...]
          <reporter-output>
          </reporter-output>
        </test-method> <!-- createNodeOverloadTypeNameDesc -->
        <test-method signature="timeCalcNodes()[pri:0, instance:io.github.happyusha.ExtentTestNodeTest@31ea9581]" started-at="2024-03-20T21:38:02 IST" name="timeCalcNodes" finished-at="2024-03-20T21:38:02 IST" duration-ms="115" status="PASS">
          <reporter-output>
          </reporter-output>
        </test-method> <!-- timeCalcNodes -->
      </class> <!-- io.github.happyusha.ExtentTestNodeTest -->
      <class name="io.github.happyusha.config.ConfigStoreTest">
        <test-method signature="configEmpty()[pri:0, instance:io.github.happyusha.config.ConfigStoreTest@2e55dd0c]" started-at="2024-03-20T21:38:01 IST" name="configEmpty" finished-at="2024-03-20T21:38:01 IST" duration-ms="0" status="PASS">
          <reporter-output>
          </reporter-output>
        </test-method> <!-- configEmpty -->
        <test-method signature="configValueTest()[pri:0, instance:io.github.happyusha.config.ConfigStoreTest@2e55dd0c]" started-at="2024-03-20T21:38:01 IST" name="configValueTest" finished-at="2024-03-20T21:38:01 IST" duration-ms="0" status="PASS">
          <reporter-output>
          </reporter-output>
        </test-method> <!-- configValueTest -->
        <test-method signature="containsConfig()[pri:0, instance:io.github.happyusha.config.ConfigStoreTest@2e55dd0c]" started-at="2024-03-20T21:38:01 IST" name="containsConfig" finished-at="2024-03-20T21:38:01 IST" duration-ms="0" status="PASS">
          <reporter-output>
          </reporter-output>
        </test-method> <!-- containsConfig -->
        <test-method signature="duplicateConfig()[pri:0, instance:io.github.happyusha.config.ConfigStoreTest@2e55dd0c]" started-at="2024-03-20T21:38:01 IST" name="duplicateConfig" finished-at="2024-03-20T21:38:01 IST" duration-ms="0" status="PASS">
          <reporter-output>
          </reporter-output>
        </test-method> <!-- duplicateConfig -->
        <test-method signature="extendConfigWithMap()[pri:0, instance:io.github.happyusha.config.ConfigStoreTest@2e55dd0c]" started-at="2024-03-20T21:38:01 IST" name="extendConfigWithMap" finished-at="2024-03-20T21:38:01 IST" duration-ms="0" status="PASS">
          <reporter-output>
          </reporter-output>
        </test-method> <!-- extendConfigWithMap -->
        <test-method signature="extendConfigWithStore()[pri:0, instance:io.github.happyusha.config.ConfigStoreTest@2e55dd0c]" started-at="2024-03-20T21:38:01 IST" name="extendConfigWithStore" finished-at="2024-03-20T21:38:01 IST" duration-ms="0" status="PASS">
          <reporter-output>
          </reporter-output>
        </test-method> <!-- extendConfigWithStore -->
        <test-method signature="removeConfig()[pri:0, instance:io.github.happyusha.config.ConfigStoreTest@2e55dd0c]" started-at="2024-03-20T21:38:01 IST" name="removeConfig" finished-at="2024-03-20T21:38:01 IST" duration-ms="1" status="PASS">
          <reporter-output>
          </reporter-output>
        </test-method> <!-- removeConfig -->
      </class> <!-- io.github.happyusha.config.ConfigStoreTest -->
      <class name="io.github.happyusha.ExtentReportsRemoveTest">
        <test-method is-config="true" signature="beforeMethod()[pri:0, instance:io.github.happyusha.ExtentReportsRemoveTest@41e1e210]" started-at="2024-03-20T21:38:02 IST" name="beforeMethod" finished-at="2024-03-20T21:38:02 IST" duration-ms="15" status="PASS">
          <reporter-output>
          </reporter-output>
        </test-method> <!-- beforeMethod -->
        <test-method signature="removeNode()[pri:0, instance:io.github.happyusha.ExtentReportsRemoveTest@41e1e210]" started-at="2024-03-20T21:38:02 IST" name="removeNode" finished-at="2024-03-20T21:38:02 IST" duration-ms="0" status="PASS">
          <reporter-output>
          </reporter-output>
        </test-method> <!-- removeNode -->
        <test-method signature="removeNodeByName()[pri:0, instance:io.github.happyusha.ExtentReportsRemoveTest@41e1e210]" started-at="2024-03-20T21:38:02 IST" name="removeNodeByName" finished-at="2024-03-20T21:38:02 IST" duration-ms="1" status="PASS">
          <reporter-output>
          </reporter-output>
        </test-method> <!-- removeNodeByName -->
        <test-method is-config="true" signature="beforeMethod()[pri:0, instance:io.github.happyusha.ExtentReportsRemoveTest@41e1e210]" started-at="2024-03-20T21:38:02 IST" name="beforeMethod" finished-at="2024-03-20T21:38:02 IST" duration-ms="0" status="PASS">
          <reporter-output>
          </reporter-output>
        </test-method> <!-- beforeMethod -->
        <test-method signature="removeTest()[pri:0, instance:io.github.happyusha.ExtentReportsRemoveTest@41e1e210]" started-at="2024-03-20T21:38:02 IST" name="removeTest" finished-at="2024-03-20T21:38:02 IST" duration-ms="0" status="PASS">
          <reporter-output>
          </reporter-output>
        </test-method> <!-- removeTest -->
        <test-method is-config="true" signature="beforeMethod()[pri:0, instance:io.github.happyusha.ExtentReportsRemoveTest@41e1e210]" started-at="2024-03-20T21:38:02 IST" name="beforeMethod" finished-at="2024-03-20T21:38:02 IST" duration-ms="0" status="PASS">
          <reporter-output>
          </reporter-output>
        </test-method> <!-- beforeMethod -->
        <test-method is-config="true" signature="beforeMethod()[pri:0, instance:io.github.happyusha.ExtentReportsRemoveTest@41e1e210]" started-at="2024-03-20T21:38:02 IST" name="beforeMethod" finished-at="2024-03-20T21:38:02 IST" duration-ms="0" status="PASS">
          <reporter-output>
          </reporter-output>
        </test-method> <!-- beforeMethod -->
        <test-method signature="removeTestByName()[pri:0, instance:io.github.happyusha.ExtentReportsRemoveTest@41e1e210]" started-at="2024-03-20T21:38:02 IST" name="removeTestByName" finished-at="2024-03-20T21:38:02 IST" duration-ms="0" status="PASS">
          <reporter-output>
          </reporter-output>
        </test-method> <!-- removeTestByName -->
        <test-method is-config="true" signature="beforeMethod()[pri:0, instance:io.github.happyusha.ExtentReportsRemoveTest@41e1e210]" started-at="2024-03-20T21:38:02 IST" name="beforeMethod" finished-at="2024-03-20T21:38:02 IST" duration-ms="2" status="PASS">
          <reporter-output>
          </reporter-output>
        </test-method> <!-- beforeMethod -->
        <test-method signature="removeTestWithTag()[pri:0, instance:io.github.happyusha.ExtentReportsRemoveTest@41e1e210]" started-at="2024-03-20T21:38:02 IST" name="removeTestWithTag" finished-at="2024-03-20T21:38:02 IST" duration-ms="0" status="PASS">
          <reporter-output>
          </reporter-output>
        </test-method> <!-- removeTestWithTag -->
      </class> <!-- io.github.happyusha.ExtentReportsRemoveTest -->
      <class name="io.github.happyusha.config.external.JsonConfigLoaderTest">
        <test-method signature="jsonConfigLowerCaseEnumTest()[pri:0, instance:io.github.happyusha.config.external.JsonConfigLoaderTest@74455848]" started-at="2024-03-20T21:38:01 IST" name="jsonConfigLowerCaseEnumTest" finished-at="2024-03-20T21:38:01 IST" duration-ms="44" status="PASS">
          <reporter-output>
          </reporter-output>
        </test-method> <!-- jsonConfigLowerCaseEnumTest -->
        <test-method signature="jsonConfigTest()[pri:0, instance:io.github.happyusha.config.external.JsonConfigLoaderTest@74455848]" started-at="2024-03-20T21:38:01 IST" name="jsonConfigTest" finished-at="2024-03-20T21:38:01 IST" duration-ms="3" status="PASS">
          <reporter-output>
          </reporter-output>
        </test-method> <!-- jsonConfigTest -->
      </class> <!-- io.github.happyusha.config.external.JsonConfigLoaderTest -->
      <class name="io.github.happyusha.reporter.SparkReporterFilterTest">
        <test-method signature="singleStatusFilterTestAllFiltered()[pri:0, instance:io.github.happyusha.reporter.SparkReporterFilterTest@59402b8f]" started-at="2024-03-20T21:38:07 IST" name="singleStatusFilterTestAllFiltered" finished-at="2024-03-20T21:38:07 IST" duration-ms="99" status="PASS">
          <reporter-output>
          </reporter-output>
        </test-method> <!-- singleStatusFilterTestAllFiltered -->
        <test-method signature="singleStatusFilterTestOneFiltered()[pri:0, instance:io.github.happyusha.reporter.SparkReporterFilterTest@59402b8f]" started-at="2024-03-20T21:38:07 IST" name="singleStatusFilterTestOneFiltered" finished-at="2024-03-20T21:38:07 IST" duration-ms="100" status="PASS">
          <reporter-output>
          </reporter-output>
        </test-method> <!-- singleStatusFilterTestOneFiltered -->
        <test-method signature="singleStatusFilterTestSomeFiltered()[pri:0, instance:io.github.happyusha.reporter.SparkReporterFilterTest@59402b8f]" started-at="2024-03-20T21:38:07 IST" name="singleStatusFilterTestSomeFiltered" finished-at="2024-03-20T21:38:07 IST" duration-ms="100" status="PASS">
          <reporter-output>
          </reporter-output>
        </test-method> <!-- singleStatusFilterTestSomeFiltered -->
      </class> <!-- io.github.happyusha.reporter.SparkReporterFilterTest -->
      <class name="io.github.happyusha.gherkin.GherkinNameTest">
        <test-method signature="testAndGherkinName()[pri:0, instance:io.github.happyusha.gherkin.GherkinNameTest@7c137fd5]" started-at="2024-03-20T21:38:02 IST" name="testAndGherkinName" finished-at="2024-03-20T21:38:02 IST" duration-ms="2" status="PASS">
          <reporter-output>
          </reporter-output>
        </test-method> <!-- testAndGherkinName -->
        <test-method signature="testAndToString()[pri:0, instance:io.github.happyusha.gherkin.GherkinNameTest@7c137fd5]" started-at="2024-03-20T21:38:02 IST" name="testAndToString" finished-at="2024-03-20T21:38:02 IST" duration-ms="0" status="PASS">
          <reporter-output>
          </reporter-output>
        </test-method> <!-- testAndToString -->
        <test-method signature="testAsteriskToString()[pri:0, instance:io.github.happyusha.gherkin.GherkinNameTest@7c137fd5]" started-at="2024-03-20T21:38:02 IST" name="testAsteriskToString" finished-at="2024-03-20T21:38:02 IST" duration-ms="0" status="PASS">
          <reporter-output>
          </reporter-output>
        </test-method> <!-- testAsteriskToString -->
        <test-method signature="testAsteriskGherkinName()[pri:0, instance:io.github.happyusha.gherkin.GherkinNameTest@7c137fd5]" started-at="2024-03-20T21:38:02 IST" name="testAsteriskGherkinName" finished-at="2024-03-20T21:38:02 IST" duration-ms="0" status="PASS">
          <reporter-output>
          </reporter-output>
        </test-method> <!-- testAsteriskGherkinName -->
        <test-method signature="testButGherkinName()[pri:0, instance:io.github.happyusha.gherkin.GherkinNameTest@7c137fd5]" started-at="2024-03-20T21:38:02 IST" name="testButGherkinName" finished-at="2024-03-20T21:38:02 IST" duration-ms="1" status="PASS">
          <reporter-output>
          </reporter-output>
        </test-method> <!-- testButGherkinName -->
        <test-method signature="testBackgroundToString()[pri:0, instance:io.github.happyusha.gherkin.GherkinNameTest@7c137fd5]" started-at="2024-03-20T21:38:02 IST" name="testBackgroundToString" finished-at="2024-03-20T21:38:02 IST" duration-ms="0" status="PASS">
          <reporter-output>
          </reporter-output>
        </test-method> <!-- testBackgroundToString -->
        <test-method signature="testBackgroundGherkinName()[pri:0, instance:io.github.happyusha.gherkin.GherkinNameTest@7c137fd5]" started-at="2024-03-20T21:38:02 IST" name="testBackgroundGherkinName" finished-at="2024-03-20T21:38:02 IST" duration-ms="0" status="PASS">
          <reporter-output>
          </reporter-output>
        </test-method> <!-- testBackgroundGherkinName -->
        <test-method signature="testButToString()[pri:0, instance:io.github.happyusha.gherkin.GherkinNameTest@7c137fd5]" started-at="2024-03-20T21:38:02 IST" name="testButToString" finished-at="2024-03-20T21:38:02 IST" duration-ms="0" status="PASS">
          <reporter-output>
          </reporter-output>
        </test-method> <!-- testButToString -->
        <test-method signature="testFeatureGherkinName()[pri:0, instance:io.github.happyusha.gherkin.GherkinNameTest@7c137fd5]" started-at="2024-03-20T21:38:02 IST" name="testFeatureGherkinName" finished-at="2024-03-20T21:38:02 IST" duration-ms="0" status="PASS">
          <reporter-output>
          </reporter-output>
        </test-method> <!-- testFeatureGherkinName -->
        <test-method signature="testFeatureToString()[pri:0, instance:io.github.happyusha.gherkin.GherkinNameTest@7c137fd5]" started-at="2024-03-20T21:38:02 IST" name="testFeatureToString" finished-at="2024-03-20T21:38:02 IST" duration-ms="0" status="PASS">
          <reporter-output>
          </reporter-output>
        </test-method> <!-- testFeatureToString -->
        <test-method signature="testGivenToString()[pri:0, instance:io.github.happyusha.gherkin.GherkinNameTest@7c137fd5]" started-at="2024-03-20T21:38:02 IST" name="testGivenToString" finished-at="2024-03-20T21:38:02 IST" duration-ms="0" status="PASS">
          <reporter-output>
          </reporter-output>
        </test-method> <!-- testGivenToString -->
        <test-method signature="testGivenGherkinName()[pri:0, instance:io.github.happyusha.gherkin.GherkinNameTest@7c137fd5]" started-at="2024-03-20T21:38:02 IST" name="testGivenGherkinName" finished-at="2024-03-20T21:38:02 IST" duration-ms="0" status="PASS">
          <reporter-output>
          </reporter-output>
        </test-method> <!-- testGivenGherkinName -->
        <test-method signature="testScenarioOutlineGherkinName()[pri:0, instance:io.github.happyusha.gherkin.GherkinNameTest@7c137fd5]" started-at="2024-03-20T21:38:02 IST" name="testScenarioOutlineGherkinName" finished-at="2024-03-20T21:38:02 IST" duration-ms="0" status="PASS">
          <reporter-output>
          </reporter-output>
        </test-method> <!-- testScenarioOutlineGherkinName -->
        <test-method signature="testScenarioGherkinName()[pri:0, instance:io.github.happyusha.gherkin.GherkinNameTest@7c137fd5]" started-at="2024-03-20T21:38:02 IST" name="testScenarioGherkinName" finished-at="2024-03-20T21:38:02 IST" duration-ms="0" status="PASS">
          <reporter-output>
          </reporter-output>
        </test-method> <!-- testScenarioGherkinName -->
        <test-method signature="testScenarioOutlineToString()[pri:0, instance:io.github.happyusha.gherkin.GherkinNameTest@7c137fd5]" started-at="2024-03-20T21:38:02 IST" name="testScenarioOutlineToString" finished-at="2024-03-20T21:38:02 IST" duration-ms="0" status="PASS">
          <reporter-output>
          </reporter-output>
        </test-method> <!-- testScenarioOutlineToString -->
        <test-method signature="testScenarioToString()[pri:0, instance:io.github.happyusha.gherkin.GherkinNameTest@7c137fd5]" started-at="2024-03-20T21:38:02 IST" name="testScenarioToString" finished-at="2024-03-20T21:38:02 IST" duration-ms="0" status="PASS">
          <reporter-output>
          </reporter-output>
        </test-method> <!-- testScenarioToString -->
        <test-method signature="testThenToString()[pri:0, instance:io.github.happyusha.gherkin.GherkinNameTest@7c137fd5]" started-at="2024-03-20T21:38:02 IST" name="testThenToString" finished-at="2024-03-20T21:38:02 IST" duration-ms="1" status="PASS">
          <reporter-output>
          </reporter-output>
        </test-method> <!-- testThenToString -->
        <test-method signature="testThenGherkinName()[pri:0, instance:io.github.happyusha.gherkin.GherkinNameTest@7c137fd5]" started-at="2024-03-20T21:38:02 IST" name="testThenGherkinName" finished-at="2024-03-20T21:38:02 IST" duration-ms="0" status="PASS">
          <reporter-output>
          </reporter-output>
        </test-method> <!-- testThenGherkinName -->
        <test-method signature="testWhenGherkinName()[pri:0, instance:io.github.happyusha.gherkin.GherkinNameTest@7c137fd5]" started-at="2024-03-20T21:38:02 IST" name="testWhenGherkinName" finished-at="2024-03-20T21:38:02 IST" duration-ms="0" status="PASS">
          <reporter-output>
          </reporter-output>
        </test-method> <!-- testWhenGherkinName -->
        <test-method signature="testWhenToString()[pri:0, instance:io.github.happyusha.gherkin.GherkinNameTest@7c137fd5]" started-at="2024-03-20T21:38:02 IST" name="testWhenToString" finished-at="2024-03-20T21:38:02 IST" duration-ms="0" status="PASS">
          <reporter-output>
          </reporter-output>
        </test-method> <!-- testWhenToString -->
      </class> <!-- io.github.happyusha.gherkin.GherkinNameTest -->
      <class name="io.github.happyusha.markuputils.LabelMarkupTest">
        <test-method signature="labelWithEmptyText()[pri:0, instance:io.github.happyusha.markuputils.LabelMarkupTest@7d9d0818]" started-at="2024-03-20T21:38:02 IST" name="labelWithEmptyText" finished-at="2024-03-20T21:38:02 IST" duration-ms="8" status="PASS">
          <reporter-output>
          </reporter-output>
        </test-method> <!-- labelWithEmptyText -->
        <test-method signature="labelWithNullText()[pri:0, instance:io.github.happyusha.markuputils.LabelMarkupTest@7d9d0818]" started-at="2024-03-20T21:38:02 IST" name="labelWithNullText" finished-at="2024-03-20T21:38:02 IST" duration-ms="1" status="PASS">
          <reporter-output>
          </reporter-output>
        </test-method> <!-- labelWithNullText -->
        <test-method signature="labelWithText()[pri:0, instance:io.github.happyusha.markuputils.LabelMarkupTest@7d9d0818]" started-at="2024-03-20T21:38:02 IST" name="labelWithText" finished-at="2024-03-20T21:38:02 IST" duration-ms="4" status="PASS">
          <reporter-output>
          </reporter-output>
        </test-method> <!-- labelWithText -->
      </class> <!-- io.github.happyusha.markuputils.LabelMarkupTest -->
      <class name="io.github.happyusha.entity.service.ExceptionInfoServiceTest">
        <test-method signature="exceptionInfo()[pri:0, instance:io.github.happyusha.entity.service.ExceptionInfoServiceTest@72cde7cc]" started-at="2024-03-20T21:38:01 IST" name="exceptionInfo" finished-at="2024-03-20T21:38:01 IST" duration-ms="1" status="PASS">
          <reporter-output>
          </reporter-output>
        </test-method> <!-- exceptionInfo -->
      </class> <!-- io.github.happyusha.entity.service.ExceptionInfoServiceTest -->
      <class name="io.github.happyusha.entity.ReportStatsConcurrentTest">
        <test-method signature="concurrentAddModifyUpdateFlush()[pri:0, instance:io.github.happyusha.entity.ReportStatsConcurrentTest@79da8dc5]" started-at="2024-03-20T21:38:01 IST" name="concurrentAddModifyUpdateFlush" finished-at="2024-03-20T21:38:01 IST" duration-ms="63" status="PASS">
          <reporter-output>
          </reporter-output>
        </test-method> <!-- concurrentAddModifyUpdateFlush -->
        <test-method signature="concurrentAddRemoveUpdateFlush()[pri:0, instance:io.github.happyusha.entity.ReportStatsConcurrentTest@79da8dc5]" started-at="2024-03-20T21:38:01 IST" name="concurrentAddRemoveUpdateFlush" finished-at="2024-03-20T21:38:01 IST" duration-ms="19" status="PASS">
          <reporter-output>
          </reporter-output>
        </test-method> <!-- concurrentAddRemoveUpdateFlush -->
        <test-method signature="concurrentAddUpdateFlush()[pri:0, instance:io.github.happyusha.entity.ReportStatsConcurrentTest@79da8dc5]" started-at="2024-03-20T21:38:01 IST" name="concurrentAddUpdateFlush" finished-at="2024-03-20T21:38:01 IST" duration-ms="24" status="PASS">
          <reporter-output>
          </reporter-output>
        </test-method> <!-- concurrentAddUpdateFlush -->
      </class> <!-- io.github.happyusha.entity.ReportStatsConcurrentTest -->
    </test> <!-- Command line test -->
  </suite> <!-- Command line suite -->
</testng-results>
