<?xml version="1.0" encoding="UTF-8"?>
<testng-results ignored="0" total="317" passed="317" failed="0" skipped="0">
  <reporter-output>
  </reporter-output>
  <suite started-at="2024-02-28T18:49:21 IST" name="Command line suite" finished-at="2024-02-28T18:49:31 IST" duration-ms="9440">
    <groups>
    </groups>
    <test started-at="2024-02-28T18:49:21 IST" name="Command line test" finished-at="2024-02-28T18:49:31 IST" duration-ms="9440">
      <class name="com.aventstack.extentreports.entity.service.ExceptionInfoServiceTest">
        <test-method signature="exceptionInfo()[pri:0, instance:com.aventstack.extentreports.entity.service.ExceptionInfoServiceTest@53976f5c]" started-at="2024-02-28T18:49:22 IST" name="exceptionInfo" finished-at="2024-02-28T18:49:22 IST" duration-ms="2" status="PASS">
          <reporter-output>
          </reporter-output>
        </test-method> <!-- exceptionInfo -->
      </class> <!-- com.aventstack.extentreports.entity.service.ExceptionInfoServiceTest -->
      <class name="com.aventstack.extentreports.reporter.SparkReporterTest">
        <test-method signature="createsReportWithNoTestsInitFile()[pri:0, instance:com.aventstack.extentreports.reporter.SparkReporterTest@1033576a]" started-at="2024-02-28T18:49:29 IST" name="createsReportWithNoTestsInitFile" finished-at="2024-02-28T18:49:29 IST" duration-ms="118" status="PASS">
          <reporter-output>
          </reporter-output>
        </test-method> <!-- createsReportWithNoTestsInitFile -->
        <test-method signature="createsReportWithNoTestsInitPath()[pri:0, instance:com.aventstack.extentreports.reporter.SparkReporterTest@1033576a]" started-at="2024-02-28T18:49:29 IST" name="createsReportWithNoTestsInitPath" finished-at="2024-02-28T18:49:29 IST" duration-ms="114" status="PASS">
          <reporter-output>
          </reporter-output>
        </test-method> <!-- createsReportWithNoTestsInitPath -->
        <test-method signature="reportContainsTestsAndNodes()[pri:0, instance:com.aventstack.extentreports.reporter.SparkReporterTest@1033576a]" started-at="2024-02-28T18:49:29 IST" name="reportContainsTestsAndNodes" finished-at="2024-02-28T18:49:29 IST" duration-ms="138" status="PASS">
          <reporter-output>
          </reporter-output>
        </test-method> <!-- reportContainsTestsAndNodes -->
        <test-method signature="reportContainsTestsAndNodesDevices()[pri:0, instance:com.aventstack.extentreports.reporter.SparkReporterTest@1033576a]" started-at="2024-02-28T18:49:29 IST" name="reportContainsTestsAndNodesDevices" finished-at="2024-02-28T18:49:29 IST" duration-ms="137" status="PASS">
          <reporter-output>
          </reporter-output>
        </test-method> <!-- reportContainsTestsAndNodesDevices -->
        <test-method signature="reportContainsTestsAndNodesTags()[pri:0, instance:com.aventstack.extentreports.reporter.SparkReporterTest@1033576a]" started-at="2024-02-28T18:49:29 IST" name="reportContainsTestsAndNodesTags" finished-at="2024-02-28T18:49:30 IST" duration-ms="127" status="PASS">
          <reporter-output>
          </reporter-output>
        </test-method> <!-- reportContainsTestsAndNodesTags -->
        <test-method signature="reportContainsTestsAndNodesUsers()[pri:0, instance:com.aventstack.extentreports.reporter.SparkReporterTest@1033576a]" started-at="2024-02-28T18:49:30 IST" name="reportContainsTestsAndNodesUsers" finished-at="2024-02-28T18:49:30 IST" duration-ms="127" status="PASS">
          <reporter-output>
          </reporter-output>
        </test-method> <!-- reportContainsTestsAndNodesUsers -->
        <test-method signature="sparkOffline()[pri:0, instance:com.aventstack.extentreports.reporter.SparkReporterTest@1033576a]" started-at="2024-02-28T18:49:30 IST" name="sparkOffline" finished-at="2024-02-28T18:49:30 IST" duration-ms="284" status="PASS">
          <reporter-output>
          </reporter-output>
        </test-method> <!-- sparkOffline -->
        <test-method signature="statusFilterable()[pri:0, instance:com.aventstack.extentreports.reporter.SparkReporterTest@1033576a]" started-at="2024-02-28T18:49:30 IST" name="statusFilterable" finished-at="2024-02-28T18:49:30 IST" duration-ms="143" status="PASS">
          <reporter-output>
          </reporter-output>
        </test-method> <!-- statusFilterable -->
        <test-method signature="statusFilterableNode()[pri:0, instance:com.aventstack.extentreports.reporter.SparkReporterTest@1033576a]" started-at="2024-02-28T18:49:30 IST" name="statusFilterableNode" finished-at="2024-02-28T18:49:30 IST" duration-ms="142" status="PASS">
          <reporter-output>
          </reporter-output>
        </test-method> <!-- statusFilterableNode -->
      </class> <!-- com.aventstack.extentreports.reporter.SparkReporterTest -->
      <class name="com.aventstack.extentreports.reporter.FileReporterPathsTest">
        <test-method signature="jsonPathAsDirectory()[pri:0, instance:com.aventstack.extentreports.reporter.FileReporterPathsTest@59402b8f]" started-at="2024-02-28T18:49:27 IST" name="jsonPathAsDirectory" finished-at="2024-02-28T18:49:27 IST" duration-ms="23" status="PASS">
          <reporter-output>
          </reporter-output>
        </test-method> <!-- jsonPathAsDirectory -->
        <test-method signature="jsonPathAsFile()[pri:0, instance:com.aventstack.extentreports.reporter.FileReporterPathsTest@59402b8f]" started-at="2024-02-28T18:49:27 IST" name="jsonPathAsFile" finished-at="2024-02-28T18:49:27 IST" duration-ms="54" status="PASS">
          <reporter-output>
          </reporter-output>
        </test-method> <!-- jsonPathAsFile -->
        <test-method signature="sparkPathAsDirectory()[pri:0, instance:com.aventstack.extentreports.reporter.FileReporterPathsTest@59402b8f]" started-at="2024-02-28T18:49:27 IST" name="sparkPathAsDirectory" finished-at="2024-02-28T18:49:28 IST" duration-ms="569" status="PASS">
          <reporter-output>
          </reporter-output>
        </test-method> <!-- sparkPathAsDirectory -->
        <test-method signature="sparkPathAsFile()[pri:0, instance:com.aventstack.extentreports.reporter.FileReporterPathsTest@59402b8f]" started-at="2024-02-28T18:49:28 IST" name="sparkPathAsFile" finished-at="2024-02-28T18:49:28 IST" duration-ms="206" status="PASS">
          <reporter-output>
          </reporter-output>
        </test-method> <!-- sparkPathAsFile -->
      </class> <!-- com.aventstack.extentreports.reporter.FileReporterPathsTest -->
      <class name="com.aventstack.extentreports.gherkin.GherkinKeywordTest">
        <test-method signature="testEnglishGherkinKeywords()[pri:0, instance:com.aventstack.extentreports.gherkin.GherkinKeywordTest@221a3fa4]" started-at="2024-02-28T18:49:23 IST" name="testEnglishGherkinKeywords" finished-at="2024-02-28T18:49:23 IST" duration-ms="1" status="PASS">
          <reporter-output>
          </reporter-output>
        </test-method> <!-- testEnglishGherkinKeywords -->
        <test-method signature="testGermanGherkinKeywords()[pri:0, instance:com.aventstack.extentreports.gherkin.GherkinKeywordTest@221a3fa4]" started-at="2024-02-28T18:49:23 IST" name="testGermanGherkinKeywords" finished-at="2024-02-28T18:49:23 IST" duration-ms="7" status="PASS">
          <reporter-output>
          </reporter-output>
        </test-method> <!-- testGermanGherkinKeywords -->
        <test-method signature="testMixedGherkinKeywords()[pri:0, instance:com.aventstack.extentreports.gherkin.GherkinKeywordTest@221a3fa4]" started-at="2024-02-28T18:49:23 IST" name="testMixedGherkinKeywords" finished-at="2024-02-28T18:49:23 IST" duration-ms="7" status="PASS">
          <reporter-output>
          </reporter-output>
        </test-method> <!-- testMixedGherkinKeywords -->
      </class> <!-- com.aventstack.extentreports.gherkin.GherkinKeywordTest -->
      <class name="com.aventstack.extentreports.entity.TestEntityTest">
        <test-method signature="addChildToNullTest()[pri:0, instance:com.aventstack.extentreports.entity.TestEntityTest@41e1e210]" started-at="2024-02-28T18:49:22 IST" name="addChildToNullTest" finished-at="2024-02-28T18:49:22 IST" duration-ms="0" status="PASS">
          <exception class="java.lang.IllegalArgumentException">
            <message>
              <![CDATA[Node must not be null]]>
            </message>
            <full-stacktrace>
              <![CDATA[java.lang.IllegalArgumentException: Node must not be null
at com.aventstack.extentreports.util.Assert.notNull(Assert.java:6)
at com.aventstack.extentreports.model.Test.addChild(Test.java:70)
at com.aventstack.extentreports.entity.TestEntityTest.addChildToNullTest(TestEntityTest.java:52)
at java.base/jdk.internal.reflect.NativeMethodAccessorImpl.invoke0(Native Method)
at java.base/jdk.internal.reflect.NativeMethodAccessorImpl.invoke(NativeMethodAccessorImpl.java:62)
at java.base/jdk.internal.reflect.DelegatingMethodAccessorImpl.invoke(DelegatingMethodAccessorImpl.java:43)
at java.base/java.lang.reflect.Method.invoke(Method.java:566)
at org.testng.internal.invokers.MethodInvocationHelper.invokeMethod(MethodInvocationHelper.java:139)
at org.testng.internal.invokers.TestInvoker.invokeMethod(TestInvoker.java:677)
at org.testng.internal.invokers.TestInvoker.invokeTestMethod(TestInvoker.java:221)
at org.testng.internal.invokers.MethodRunner.runInSequence(MethodRunner.java:50)
at org.testng.internal.invokers.TestInvoker$MethodInvocationAgent.invoke(TestInvoker.java:969)
at org.testng.internal.invokers.TestInvoker.invokeTestMethods(TestInvoker.java:194)
at org.testng.internal.invokers.TestMethodWorker.invokeTestMethods(TestMethodWorker.java:148)
at org.testng.internal.invokers.TestMethodWorker.run(TestMethodWorker.java:128)
at java.base/java.util.ArrayList.forEach(ArrayList.java:1540)
at org.testng.TestRunner.privateRun(TestRunner.java:829)
at org.testng.TestRunner.run(TestRunner.java:602)
at org.testng.SuiteRunner.runTest(SuiteRunner.java:437)
at org.testng.SuiteRunner.runSequentially(SuiteRunner.java:431)
at org.testng.SuiteRunner.privateRun(SuiteRunner.java:391)
at org.testng.SuiteRunner.run(SuiteRunner.java:330)
at org.testng.SuiteRunnerWorker.runSuite(SuiteRunnerWorker.java:52)
at org.testng.SuiteRunnerWorker.run(SuiteRunnerWorker.java:95)
at org.testng.TestNG.runSuitesSequentially(TestNG.java:1256)
at org.testng.TestNG.runSuitesLocally(TestNG.java:1176)
at org.testng.TestNG.runSuites(TestNG.java:1099)
at org.testng.TestNG.run(TestNG.java:1067)
at org.apache.maven.surefire.testng.TestNGExecutor.run(TestNGExecutor.java:77)
at org.apache.maven.surefire.testng.TestNGDirectoryTestSuite.executeMulti(TestNGDirectoryTestSuite.java:159)
at org.apache.maven.surefire.testng.TestNGDirectoryTestSuite.execute(TestNGDirectoryTestSuite.java:99)
at org.apache.maven.surefire.testng.TestNGProvider.invoke(TestNGProvider.java:106)
at java.base/jdk.internal.reflect.NativeMethodAccessorImpl.invoke0(Native Method)
at java.base/jdk.internal.reflect.NativeMethodAccessorImpl.invoke(NativeMethodAccessorImpl.java:62)
at java.base/jdk.internal.reflect.DelegatingMethodAccessorImpl.invoke(DelegatingMethodAccessorImpl.java:43)
at java.base/java.lang.reflect.Method.invoke(Method.java:566)
at org.apache.maven.surefire.util.ReflectionUtils.invokeMethodWithArray(ReflectionUtils.java:189)
at org.apache.maven.surefire.booter.ProviderFactory$ProviderProxy.invoke(ProviderFactory.java:165)
at org.apache.maven.surefire.booter.ProviderFactory.invokeProvider(ProviderFactory.java:85)
at org.apache.maven.surefire.booter.ForkedBooter.runSuitesInProcess(ForkedBooter.java:115)
at org.apache.maven.surefire.booter.ForkedBooter.main(ForkedBooter.java:75)
]]>
            </full-stacktrace>
          </exception> <!-- java.lang.IllegalArgumentException -->
          <reporter-output>
          </reporter-output>
        </test-method> <!-- addChildToNullTest -->
        <test-method signature="addChildToTest()[pri:0, instance:com.aventstack.extentreports.entity.TestEntityTest@41e1e210]" started-at="2024-02-28T18:49:22 IST" name="addChildToTest" finished-at="2024-02-28T18:49:22 IST" duration-ms="0" status="PASS">
          <reporter-output>
          </reporter-output>
        </test-method> <!-- addChildToTest -->
        <test-method signature="addChildToTestLeaf()[pri:0, instance:com.aventstack.extentreports.entity.TestEntityTest@41e1e210]" started-at="2024-02-28T18:49:22 IST" name="addChildToTestLeaf" finished-at="2024-02-28T18:49:22 IST" duration-ms="1" status="PASS">
          <reporter-output>
          </reporter-output>
        </test-method> <!-- addChildToTestLeaf -->
        <test-method signature="addChildToTestLevel()[pri:0, instance:com.aventstack.extentreports.entity.TestEntityTest@41e1e210]" started-at="2024-02-28T18:49:22 IST" name="addChildToTestLevel" finished-at="2024-02-28T18:49:22 IST" duration-ms="0" status="PASS">
          <reporter-output>
          </reporter-output>
        </test-method> <!-- addChildToTestLevel -->
        <test-method signature="addFailLogToTest()[pri:0, instance:com.aventstack.extentreports.entity.TestEntityTest@41e1e210]" started-at="2024-02-28T18:49:22 IST" name="addFailLogToTest" finished-at="2024-02-28T18:49:22 IST" duration-ms="0" status="PASS">
          <reporter-output>
          </reporter-output>
        </test-method> <!-- addFailLogToTest -->
        <test-method signature="addLogToTest()[pri:0, instance:com.aventstack.extentreports.entity.TestEntityTest@41e1e210]" started-at="2024-02-28T18:49:22 IST" name="addLogToTest" finished-at="2024-02-28T18:49:22 IST" duration-ms="0" status="PASS">
          <reporter-output>
          </reporter-output>
        </test-method> <!-- addLogToTest -->
        <test-method signature="addNullLogToTest()[pri:0, instance:com.aventstack.extentreports.entity.TestEntityTest@41e1e210]" started-at="2024-02-28T18:49:22 IST" name="addNullLogToTest" finished-at="2024-02-28T18:49:22 IST" duration-ms="0" status="PASS">
          <exception class="java.lang.IllegalArgumentException">
            <message>
              <![CDATA[Log must not be null]]>
            </message>
            <full-stacktrace>
              <![CDATA[java.lang.IllegalArgumentException: Log must not be null
at com.aventstack.extentreports.util.Assert.notNull(Assert.java:6)
at com.aventstack.extentreports.model.Test.addLog(Test.java:106)
at com.aventstack.extentreports.model.Test.addLog(Test.java:98)
at com.aventstack.extentreports.entity.TestEntityTest.addNullLogToTest(TestEntityTest.java:86)
at java.base/jdk.internal.reflect.NativeMethodAccessorImpl.invoke0(Native Method)
at java.base/jdk.internal.reflect.NativeMethodAccessorImpl.invoke(NativeMethodAccessorImpl.java:62)
at java.base/jdk.internal.reflect.DelegatingMethodAccessorImpl.invoke(DelegatingMethodAccessorImpl.java:43)
at java.base/java.lang.reflect.Method.invoke(Method.java:566)
at org.testng.internal.invokers.MethodInvocationHelper.invokeMethod(MethodInvocationHelper.java:139)
at org.testng.internal.invokers.TestInvoker.invokeMethod(TestInvoker.java:677)
at org.testng.internal.invokers.TestInvoker.invokeTestMethod(TestInvoker.java:221)
at org.testng.internal.invokers.MethodRunner.runInSequence(MethodRunner.java:50)
at org.testng.internal.invokers.TestInvoker$MethodInvocationAgent.invoke(TestInvoker.java:969)
at org.testng.internal.invokers.TestInvoker.invokeTestMethods(TestInvoker.java:194)
at org.testng.internal.invokers.TestMethodWorker.invokeTestMethods(TestMethodWorker.java:148)
at org.testng.internal.invokers.TestMethodWorker.run(TestMethodWorker.java:128)
at java.base/java.util.ArrayList.forEach(ArrayList.java:1540)
at org.testng.TestRunner.privateRun(TestRunner.java:829)
at org.testng.TestRunner.run(TestRunner.java:602)
at org.testng.SuiteRunner.runTest(SuiteRunner.java:437)
at org.testng.SuiteRunner.runSequentially(SuiteRunner.java:431)
at org.testng.SuiteRunner.privateRun(SuiteRunner.java:391)
at org.testng.SuiteRunner.run(SuiteRunner.java:330)
at org.testng.SuiteRunnerWorker.runSuite(SuiteRunnerWorker.java:52)
at org.testng.SuiteRunnerWorker.run(SuiteRunnerWorker.java:95)
at org.testng.TestNG.runSuitesSequentially(TestNG.java:1256)
at org.testng.TestNG.runSuitesLocally(TestNG.java:1176)
at org.testng.TestNG.runSuites(TestNG.java:1099)
at org.testng.TestNG.run(TestNG.java:1067)
at org.apache.maven.surefire.testng.TestNGExecutor.run(TestNGExecutor.java:77)
at org.apache.maven.surefire.testng.TestNGDirectoryTestSuite.executeMulti(TestNGDirectoryTestSuite.java:159)
at org.apache.maven.surefire.testng.TestNGDirectoryTestSuite.execute(TestNGDirectoryTestSuite.java:99)
at org.apache.maven.surefire.testng.TestNGProvider.invoke(TestNGProvider.java:106)
at java.base/jdk.internal.reflect.NativeMethodAccessorImpl.invoke0(Native Method)
at java.base/jdk.internal.reflect.NativeMethodAccessorImpl.invoke(NativeMethodAccessorImpl.java:62)
at java.base/jdk.internal.reflect.DelegatingMethodAccessorImpl.invoke(DelegatingMethodAccessorImpl.java:43)
at java.base/java.lang.reflect.Method.invoke(Method.java:566)
at org.apache.maven.surefire.util.ReflectionUtils.invokeMethodWithArray(ReflectionUtils.java:189)
at org.apache.maven.surefire.booter.ProviderFactory$ProviderProxy.invoke(ProviderFactory.java:165)
at org.apache.maven.surefire.booter.ProviderFactory.invokeProvider(ProviderFactory.java:85)
at org.apache.maven.surefire.booter.ForkedBooter.runSuitesInProcess(ForkedBooter.java:115)
at org.apache.maven.surefire.booter.ForkedBooter.main(ForkedBooter.java:75)
]]>
            </full-stacktrace>
          </exception> <!-- java.lang.IllegalArgumentException -->
          <reporter-output>
          </reporter-output>
        </test-method> <!-- addNullLogToTest -->
        <test-method signature="addSkipLogToTest()[pri:0, instance:com.aventstack.extentreports.entity.TestEntityTest@41e1e210]" started-at="2024-02-28T18:49:22 IST" name="addSkipLogToTest" finished-at="2024-02-28T18:49:22 IST" duration-ms="0" status="PASS">
          <reporter-output>
          </reporter-output>
        </test-method> <!-- addSkipLogToTest -->
        <test-method signature="ancestor()[pri:0, instance:com.aventstack.extentreports.entity.TestEntityTest@41e1e210]" started-at="2024-02-28T18:49:22 IST" name="ancestor" finished-at="2024-02-28T18:49:22 IST" duration-ms="1" status="PASS">
          <reporter-output>
          </reporter-output>
        </test-method> <!-- ancestor -->
        <test-method signature="computeTestStatusNode()[pri:0, instance:com.aventstack.extentreports.entity.TestEntityTest@41e1e210]" started-at="2024-02-28T18:49:22 IST" name="computeTestStatusNode" finished-at="2024-02-28T18:49:22 IST" duration-ms="1" status="PASS">
          <reporter-output>
          </reporter-output>
        </test-method> <!-- computeTestStatusNode -->
        <test-method signature="computeTestStatusNoLog()[pri:0, instance:com.aventstack.extentreports.entity.TestEntityTest@41e1e210]" started-at="2024-02-28T18:49:22 IST" name="computeTestStatusNoLog" finished-at="2024-02-28T18:49:22 IST" duration-ms="0" status="PASS">
          <reporter-output>
          </reporter-output>
        </test-method> <!-- computeTestStatusNoLog -->
        <test-method signature="computeTestStatusSkipAndFailLog()[pri:0, instance:com.aventstack.extentreports.entity.TestEntityTest@41e1e210]" started-at="2024-02-28T18:49:22 IST" name="computeTestStatusSkipAndFailLog" finished-at="2024-02-28T18:49:22 IST" duration-ms="0" status="PASS">
          <reporter-output>
          </reporter-output>
        </test-method> <!-- computeTestStatusSkipAndFailLog -->
        <test-method signature="computeTestStatusSkipLog()[pri:0, instance:com.aventstack.extentreports.entity.TestEntityTest@41e1e210]" started-at="2024-02-28T18:49:22 IST" name="computeTestStatusSkipLog" finished-at="2024-02-28T18:49:22 IST" duration-ms="0" status="PASS">
          <reporter-output>
          </reporter-output>
        </test-method> <!-- computeTestStatusSkipLog -->
        <test-method signature="hasAttributes()[pri:0, instance:com.aventstack.extentreports.entity.TestEntityTest@41e1e210]" started-at="2024-02-28T18:49:22 IST" name="hasAttributes" finished-at="2024-02-28T18:49:22 IST" duration-ms="1" status="PASS">
          <reporter-output>
          </reporter-output>
        </test-method> <!-- hasAttributes -->
        <test-method signature="generatedLog()[pri:0, instance:com.aventstack.extentreports.entity.TestEntityTest@41e1e210]" started-at="2024-02-28T18:49:22 IST" name="generatedLog" finished-at="2024-02-28T18:49:22 IST" duration-ms="0" status="PASS">
          <reporter-output>
          </reporter-output>
        </test-method> <!-- generatedLog -->
        <test-method signature="hasAuthor()[pri:0, instance:com.aventstack.extentreports.entity.TestEntityTest@41e1e210]" started-at="2024-02-28T18:49:22 IST" name="hasAuthor" finished-at="2024-02-28T18:49:22 IST" duration-ms="0" status="PASS">
          <reporter-output>
          </reporter-output>
        </test-method> <!-- hasAuthor -->
        <test-method signature="hasCategory()[pri:0, instance:com.aventstack.extentreports.entity.TestEntityTest@41e1e210]" started-at="2024-02-28T18:49:22 IST" name="hasCategory" finished-at="2024-02-28T18:49:22 IST" duration-ms="0" status="PASS">
          <reporter-output>
          </reporter-output>
        </test-method> <!-- hasCategory -->
        <test-method signature="hasDevice()[pri:0, instance:com.aventstack.extentreports.entity.TestEntityTest@41e1e210]" started-at="2024-02-28T18:49:22 IST" name="hasDevice" finished-at="2024-02-28T18:49:22 IST" duration-ms="0" status="PASS">
          <reporter-output>
          </reporter-output>
        </test-method> <!-- hasDevice -->
        <test-method signature="hasScreenCapture()[pri:0, instance:com.aventstack.extentreports.entity.TestEntityTest@41e1e210]" started-at="2024-02-28T18:49:22 IST" name="hasScreenCapture" finished-at="2024-02-28T18:49:22 IST" duration-ms="0" status="PASS">
          <reporter-output>
          </reporter-output>
        </test-method> <!-- hasScreenCapture -->
        <test-method signature="isTestBDD()[pri:0, instance:com.aventstack.extentreports.entity.TestEntityTest@41e1e210]" started-at="2024-02-28T18:49:22 IST" name="isTestBDD" finished-at="2024-02-28T18:49:22 IST" duration-ms="0" status="PASS">
          <reporter-output>
          </reporter-output>
        </test-method> <!-- isTestBDD -->
        <test-method signature="logSeqIncrements(java.lang.reflect.Method)[pri:0, instance:com.aventstack.extentreports.entity.TestEntityTest@41e1e210]" started-at="2024-02-28T18:49:22 IST" name="logSeqIncrements" finished-at="2024-02-28T18:49:22 IST" duration-ms="0" status="PASS">
          <params>
            <param index="0">
              <value>
                <![CDATA[public void com.aventstack.extentreports.entity.TestEntityTest.logSeqIncrements(java.lang.reflect.Method)]]>
              </value>
            </param>
          </params>
          <reporter-output>
          </reporter-output>
        </test-method> <!-- logSeqIncrements -->
        <test-method signature="testFullName()[pri:0, instance:com.aventstack.extentreports.entity.TestEntityTest@41e1e210]" started-at="2024-02-28T18:49:22 IST" name="testFullName" finished-at="2024-02-28T18:49:22 IST" duration-ms="2" status="PASS">
          <reporter-output>
          </reporter-output>
        </test-method> <!-- testFullName -->
        <test-method signature="testEntities(java.lang.reflect.Method)[pri:0, instance:com.aventstack.extentreports.entity.TestEntityTest@41e1e210]" started-at="2024-02-28T18:49:22 IST" name="testEntities" finished-at="2024-02-28T18:49:22 IST" duration-ms="0" status="PASS">
          <params>
            <param index="0">
              <value>
                <![CDATA[public void com.aventstack.extentreports.entity.TestEntityTest.testEntities(java.lang.reflect.Method)]]>
              </value>
            </param>
          </params>
          <reporter-output>
          </reporter-output>
        </test-method> <!-- testEntities -->
        <test-method signature="testHasAngLogWithLog()[pri:0, instance:com.aventstack.extentreports.entity.TestEntityTest@41e1e210]" started-at="2024-02-28T18:49:22 IST" name="testHasAngLogWithLog" finished-at="2024-02-28T18:49:22 IST" duration-ms="1" status="PASS">
          <reporter-output>
          </reporter-output>
        </test-method> <!-- testHasAngLogWithLog -->
        <test-method signature="testHasAngLogWithGeneratedLog()[pri:0, instance:com.aventstack.extentreports.entity.TestEntityTest@41e1e210]" started-at="2024-02-28T18:49:22 IST" name="testHasAngLogWithGeneratedLog" finished-at="2024-02-28T18:49:22 IST" duration-ms="0" status="PASS">
          <reporter-output>
          </reporter-output>
        </test-method> <!-- testHasAngLogWithGeneratedLog -->
        <test-method signature="testHasChildren()[pri:0, instance:com.aventstack.extentreports.entity.TestEntityTest@41e1e210]" started-at="2024-02-28T18:49:22 IST" name="testHasChildren" finished-at="2024-02-28T18:49:22 IST" duration-ms="1" status="PASS">
          <reporter-output>
          </reporter-output>
        </test-method> <!-- testHasChildren -->
        <test-method signature="testHasAngLogWithNoLogs()[pri:0, instance:com.aventstack.extentreports.entity.TestEntityTest@41e1e210]" started-at="2024-02-28T18:49:22 IST" name="testHasAngLogWithNoLogs" finished-at="2024-02-28T18:49:22 IST" duration-ms="0" status="PASS">
          <reporter-output>
          </reporter-output>
        </test-method> <!-- testHasAngLogWithNoLogs -->
        <test-method signature="testHasLog()[pri:0, instance:com.aventstack.extentreports.entity.TestEntityTest@41e1e210]" started-at="2024-02-28T18:49:22 IST" name="testHasLog" finished-at="2024-02-28T18:49:22 IST" duration-ms="0" status="PASS">
          <reporter-output>
          </reporter-output>
        </test-method> <!-- testHasLog -->
        <test-method signature="testStatusWithLog()[pri:0, instance:com.aventstack.extentreports.entity.TestEntityTest@41e1e210]" started-at="2024-02-28T18:49:22 IST" name="testStatusWithLog" finished-at="2024-02-28T18:49:22 IST" duration-ms="2" status="PASS">
          <reporter-output>
          </reporter-output>
        </test-method> <!-- testStatusWithLog -->
        <test-method signature="testStatusWithLogStatusChanged()[pri:0, instance:com.aventstack.extentreports.entity.TestEntityTest@41e1e210]" started-at="2024-02-28T18:49:22 IST" name="testStatusWithLogStatusChanged" finished-at="2024-02-28T18:49:22 IST" duration-ms="0" status="PASS">
          <reporter-output>
          </reporter-output>
        </test-method> <!-- testStatusWithLogStatusChanged -->
        <test-method signature="testStatusWithoutLog()[pri:0, instance:com.aventstack.extentreports.entity.TestEntityTest@41e1e210]" started-at="2024-02-28T18:49:22 IST" name="testStatusWithoutLog" finished-at="2024-02-28T18:49:22 IST" duration-ms="0" status="PASS">
          <reporter-output>
          </reporter-output>
        </test-method> <!-- testStatusWithoutLog -->
        <test-method signature="timeTaken()[pri:0, instance:com.aventstack.extentreports.entity.TestEntityTest@41e1e210]" started-at="2024-02-28T18:49:22 IST" name="timeTaken" finished-at="2024-02-28T18:49:22 IST" duration-ms="0" status="PASS">
          <reporter-output>
          </reporter-output>
        </test-method> <!-- timeTaken -->
        <test-method signature="timeTakenPretty()[pri:0, instance:com.aventstack.extentreports.entity.TestEntityTest@41e1e210]" started-at="2024-02-28T18:49:22 IST" name="timeTakenPretty" finished-at="2024-02-28T18:49:22 IST" duration-ms="2" status="PASS">
          <reporter-output>
          </reporter-output>
        </test-method> <!-- timeTakenPretty -->
        <test-method signature="timeTakenPrettyWithLog()[pri:0, instance:com.aventstack.extentreports.entity.TestEntityTest@41e1e210]" started-at="2024-02-28T18:49:22 IST" name="timeTakenPrettyWithLog" finished-at="2024-02-28T18:49:22 IST" duration-ms="15" status="PASS">
          <reporter-output>
          </reporter-output>
        </test-method> <!-- timeTakenPrettyWithLog -->
      </class> <!-- com.aventstack.extentreports.entity.TestEntityTest -->
      <class name="com.aventstack.extentreports.ExtentTestAttributesTest">
        <test-method signature="extentTestWithAuthor()[pri:0, instance:com.aventstack.extentreports.ExtentTestAttributesTest@fba92d3]" started-at="2024-02-28T18:49:22 IST" name="extentTestWithAuthor" finished-at="2024-02-28T18:49:22 IST" duration-ms="3" status="PASS">
          <reporter-output>
          </reporter-output>
        </test-method> <!-- extentTestWithAuthor -->
        <test-method signature="extentTestWithCategory()[pri:0, instance:com.aventstack.extentreports.ExtentTestAttributesTest@fba92d3]" started-at="2024-02-28T18:49:22 IST" name="extentTestWithCategory" finished-at="2024-02-28T18:49:22 IST" duration-ms="1" status="PASS">
          <reporter-output>
          </reporter-output>
        </test-method> <!-- extentTestWithCategory -->
        <test-method signature="extentTestWithDevice()[pri:0, instance:com.aventstack.extentreports.ExtentTestAttributesTest@fba92d3]" started-at="2024-02-28T18:49:22 IST" name="extentTestWithDevice" finished-at="2024-02-28T18:49:22 IST" duration-ms="1" status="PASS">
          <reporter-output>
          </reporter-output>
        </test-method> <!-- extentTestWithDevice -->
        <test-method signature="extentTestWithNoAuthor()[pri:0, instance:com.aventstack.extentreports.ExtentTestAttributesTest@fba92d3]" started-at="2024-02-28T18:49:22 IST" name="extentTestWithNoAuthor" finished-at="2024-02-28T18:49:22 IST" duration-ms="1" status="PASS">
          <reporter-output>
          </reporter-output>
        </test-method> <!-- extentTestWithNoAuthor -->
        <test-method signature="extentTestWithNoCategory()[pri:0, instance:com.aventstack.extentreports.ExtentTestAttributesTest@fba92d3]" started-at="2024-02-28T18:49:22 IST" name="extentTestWithNoCategory" finished-at="2024-02-28T18:49:22 IST" duration-ms="2" status="PASS">
          <reporter-output>
          </reporter-output>
        </test-method> <!-- extentTestWithNoCategory -->
        <test-method signature="extentTestWithNoDevice()[pri:0, instance:com.aventstack.extentreports.ExtentTestAttributesTest@fba92d3]" started-at="2024-02-28T18:49:22 IST" name="extentTestWithNoDevice" finished-at="2024-02-28T18:49:22 IST" duration-ms="0" status="PASS">
          <reporter-output>
          </reporter-output>
        </test-method> <!-- extentTestWithNoDevice -->
      </class> <!-- com.aventstack.extentreports.ExtentTestAttributesTest -->
      <class name="com.aventstack.extentreports.entity.ReportStatsTest">
        <test-method signature="allLevelMapsNonNull()[pri:0, instance:com.aventstack.extentreports.entity.ReportStatsTest@696da30b]" started-at="2024-02-28T18:49:22 IST" name="allLevelMapsNonNull" finished-at="2024-02-28T18:49:22 IST" duration-ms="1" status="PASS">
          <reporter-output>
          </reporter-output>
        </test-method> <!-- allLevelMapsNonNull -->
        <test-method signature="analysisStrategyDefault()[pri:0, instance:com.aventstack.extentreports.entity.ReportStatsTest@696da30b]" started-at="2024-02-28T18:49:22 IST" name="analysisStrategyDefault" finished-at="2024-02-28T18:49:22 IST" duration-ms="1" status="PASS">
          <reporter-output>
          </reporter-output>
        </test-method> <!-- analysisStrategyDefault -->
        <test-method signature="statsAll()[pri:0, instance:com.aventstack.extentreports.entity.ReportStatsTest@696da30b]" started-at="2024-02-28T18:49:22 IST" name="statsAll" finished-at="2024-02-28T18:49:22 IST" duration-ms="2" status="PASS">
          <reporter-output>
          </reporter-output>
        </test-method> <!-- statsAll -->
        <test-method signature="statsChildStatus()[pri:0, instance:com.aventstack.extentreports.entity.ReportStatsTest@696da30b]" started-at="2024-02-28T18:49:22 IST" name="statsChildStatus" finished-at="2024-02-28T18:49:22 IST" duration-ms="3" status="PASS">
          <reporter-output>
          </reporter-output>
        </test-method> <!-- statsChildStatus -->
        <test-method signature="statsGrandchildStatus()[pri:0, instance:com.aventstack.extentreports.entity.ReportStatsTest@696da30b]" started-at="2024-02-28T18:49:22 IST" name="statsGrandchildStatus" finished-at="2024-02-28T18:49:22 IST" duration-ms="2" status="PASS">
          <reporter-output>
          </reporter-output>
        </test-method> <!-- statsGrandchildStatus -->
        <test-method signature="statsSize()[pri:0, instance:com.aventstack.extentreports.entity.ReportStatsTest@696da30b]" started-at="2024-02-28T18:49:22 IST" name="statsSize" finished-at="2024-02-28T18:49:22 IST" duration-ms="0" status="PASS">
          <reporter-output>
          </reporter-output>
        </test-method> <!-- statsSize -->
        <test-method signature="statsTestStatus()[pri:0, instance:com.aventstack.extentreports.entity.ReportStatsTest@696da30b]" started-at="2024-02-28T18:49:22 IST" name="statsTestStatus" finished-at="2024-02-28T18:49:22 IST" duration-ms="2" status="PASS">
          <reporter-output>
          </reporter-output>
        </test-method> <!-- statsTestStatus -->
      </class> <!-- com.aventstack.extentreports.entity.ReportStatsTest -->
      <class name="com.aventstack.extentreports.ExtentTestLogHierarchyTest">
        <test-method signature="info()[pri:0, instance:com.aventstack.extentreports.ExtentTestLogHierarchyTest@231f98ef]" started-at="2024-02-28T18:49:23 IST" name="info" finished-at="2024-02-28T18:49:23 IST" duration-ms="1" status="PASS">
          <reporter-output>
          </reporter-output>
        </test-method> <!-- info -->
        <test-method signature="skipped()[pri:0, instance:com.aventstack.extentreports.ExtentTestLogHierarchyTest@231f98ef]" started-at="2024-02-28T18:49:23 IST" name="skipped" finished-at="2024-02-28T18:49:23 IST" duration-ms="3" status="PASS">
          <reporter-output>
          </reporter-output>
        </test-method> <!-- skipped -->
        <test-method signature="passed()[pri:0, instance:com.aventstack.extentreports.ExtentTestLogHierarchyTest@231f98ef]" started-at="2024-02-28T18:49:23 IST" name="passed" finished-at="2024-02-28T18:49:23 IST" duration-ms="0" status="PASS">
          <reporter-output>
          </reporter-output>
        </test-method> <!-- passed -->
        <test-method signature="overall()[pri:0, instance:com.aventstack.extentreports.ExtentTestLogHierarchyTest@231f98ef]" started-at="2024-02-28T18:49:23 IST" name="overall" finished-at="2024-02-28T18:49:23 IST" duration-ms="0" status="PASS">
          <reporter-output>
          </reporter-output>
        </test-method> <!-- overall -->
        <test-method signature="warning()[pri:0, instance:com.aventstack.extentreports.ExtentTestLogHierarchyTest@231f98ef]" started-at="2024-02-28T18:49:23 IST" name="warning" finished-at="2024-02-28T18:49:23 IST" duration-ms="1" status="PASS">
          <reporter-output>
          </reporter-output>
        </test-method> <!-- warning -->
      </class> <!-- com.aventstack.extentreports.ExtentTestLogHierarchyTest -->
      <class name="com.aventstack.extentreports.entity.ReportStatsConcurrentTest">
        <test-method signature="concurrentAddModifyUpdateFlush()[pri:0, instance:com.aventstack.extentreports.entity.ReportStatsConcurrentTest@5fd4f8f5]" started-at="2024-02-28T18:49:22 IST" name="concurrentAddModifyUpdateFlush" finished-at="2024-02-28T18:49:22 IST" duration-ms="51" status="PASS">
          <reporter-output>
          </reporter-output>
        </test-method> <!-- concurrentAddModifyUpdateFlush -->
        <test-method signature="concurrentAddRemoveUpdateFlush()[pri:0, instance:com.aventstack.extentreports.entity.ReportStatsConcurrentTest@5fd4f8f5]" started-at="2024-02-28T18:49:22 IST" name="concurrentAddRemoveUpdateFlush" finished-at="2024-02-28T18:49:22 IST" duration-ms="22" status="PASS">
          <reporter-output>
          </reporter-output>
        </test-method> <!-- concurrentAddRemoveUpdateFlush -->
        <test-method signature="concurrentAddUpdateFlush()[pri:0, instance:com.aventstack.extentreports.entity.ReportStatsConcurrentTest@5fd4f8f5]" started-at="2024-02-28T18:49:22 IST" name="concurrentAddUpdateFlush" finished-at="2024-02-28T18:49:22 IST" duration-ms="28" status="PASS">
          <reporter-output>
          </reporter-output>
        </test-method> <!-- concurrentAddUpdateFlush -->
      </class> <!-- com.aventstack.extentreports.entity.ReportStatsConcurrentTest -->
      <class name="com.aventstack.extentreports.model.context.NamedAttributeContextManagerTest">
        <test-method is-config="true" signature="beforeMethod()[pri:0, instance:com.aventstack.extentreports.model.context.NamedAttributeContextManagerTest@24569dba]" started-at="2024-02-28T18:49:23 IST" name="beforeMethod" finished-at="2024-02-28T18:49:23 IST" duration-ms="2" status="PASS">
          <reporter-output>
          </reporter-output>
        </test-method> <!-- beforeMethod -->
        <test-method signature="concurrentlyAssignedDevices()[pri:0, instance:com.aventstack.extentreports.model.context.NamedAttributeContextManagerTest@24569dba]" started-at="2024-02-28T18:49:23 IST" name="concurrentlyAssignedDevices" finished-at="2024-02-28T18:49:23 IST" duration-ms="68" status="PASS">
          <reporter-output>
          </reporter-output>
        </test-method> <!-- concurrentlyAssignedDevices -->
        <test-method is-config="true" signature="beforeMethod()[pri:0, instance:com.aventstack.extentreports.model.context.NamedAttributeContextManagerTest@24569dba]" started-at="2024-02-28T18:49:23 IST" name="beforeMethod" finished-at="2024-02-28T18:49:23 IST" duration-ms="0" status="PASS">
          <reporter-output>
          </reporter-output>
        </test-method> <!-- beforeMethod -->
        <test-method signature="concurrentlyAssignedTags()[pri:0, instance:com.aventstack.extentreports.model.context.NamedAttributeContextManagerTest@24569dba]" started-at="2024-02-28T18:49:23 IST" name="concurrentlyAssignedTags" finished-at="2024-02-28T18:49:23 IST" duration-ms="17" status="PASS">
          <reporter-output>
          </reporter-output>
        </test-method> <!-- concurrentlyAssignedTags -->
        <test-method is-config="true" signature="beforeMethod()[pri:0, instance:com.aventstack.extentreports.model.context.NamedAttributeContextManagerTest@24569dba]" started-at="2024-02-28T18:49:23 IST" name="beforeMethod" finished-at="2024-02-28T18:49:23 IST" duration-ms="1" status="PASS">
          <reporter-output>
          </reporter-output>
        </test-method> <!-- beforeMethod -->
        <test-method signature="concurrentlyAssignedUsers()[pri:0, instance:com.aventstack.extentreports.model.context.NamedAttributeContextManagerTest@24569dba]" started-at="2024-02-28T18:49:23 IST" name="concurrentlyAssignedUsers" finished-at="2024-02-28T18:49:23 IST" duration-ms="10" status="PASS">
          <reporter-output>
          </reporter-output>
        </test-method> <!-- concurrentlyAssignedUsers -->
      </class> <!-- com.aventstack.extentreports.model.context.NamedAttributeContextManagerTest -->
      <class name="com.aventstack.extentreports.entity.AuthorEntityTest">
        <test-method signature="authorName()[pri:0, instance:com.aventstack.extentreports.entity.AuthorEntityTest@c333c60]" started-at="2024-02-28T18:49:22 IST" name="authorName" finished-at="2024-02-28T18:49:22 IST" duration-ms="0" status="PASS">
          <reporter-output>
          </reporter-output>
        </test-method> <!-- authorName -->
      </class> <!-- com.aventstack.extentreports.entity.AuthorEntityTest -->
      <class name="com.aventstack.extentreports.entity.DeviceEntityTest">
        <test-method signature="deviceName()[pri:0, instance:com.aventstack.extentreports.entity.DeviceEntityTest@1eb5174b]" started-at="2024-02-28T18:49:22 IST" name="deviceName" finished-at="2024-02-28T18:49:22 IST" duration-ms="0" status="PASS">
          <reporter-output>
          </reporter-output>
        </test-method> <!-- deviceName -->
      </class> <!-- com.aventstack.extentreports.entity.DeviceEntityTest -->
      <class name="com.aventstack.extentreports.TestIdsTest">
        <test-method signature="verifyAllStartedTestsHaveUniqueIds(java.lang.reflect.Method)[pri:0, instance:com.aventstack.extentreports.TestIdsTest@76494737]" started-at="2024-02-28T18:49:31 IST" name="verifyAllStartedTestsHaveUniqueIds" finished-at="2024-02-28T18:49:31 IST" duration-ms="0" status="PASS">
          <params>
            <param index="0">
              <value>
                <![CDATA[public void com.aventstack.extentreports.TestIdsTest.verifyAllStartedTestsHaveUniqueIds(java.lang.reflect.Method)]]>
              </value>
            </param>
          </params>
          <reporter-output>
          </reporter-output>
        </test-method> <!-- verifyAllStartedTestsHaveUniqueIds -->
      </class> <!-- com.aventstack.extentreports.TestIdsTest -->
      <class name="com.aventstack.extentreports.NaturalConfTest">
        <test-method signature="useNaturalConfReport()[pri:0, instance:com.aventstack.extentreports.NaturalConfTest@5ddeb7cb]" started-at="2024-02-28T18:49:23 IST" name="useNaturalConfReport" finished-at="2024-02-28T18:49:24 IST" duration-ms="512" status="PASS">
          <reporter-output>
          </reporter-output>
        </test-method> <!-- useNaturalConfReport -->
        <test-method signature="useNaturalConfReportWithTimeChanged()[pri:0, instance:com.aventstack.extentreports.NaturalConfTest@5ddeb7cb]" started-at="2024-02-28T18:49:24 IST" name="useNaturalConfReportWithTimeChanged" finished-at="2024-02-28T18:49:24 IST" duration-ms="0" status="PASS">
          <reporter-output>
          </reporter-output>
        </test-method> <!-- useNaturalConfReportWithTimeChanged -->
        <test-method signature="useNaturalConfTest()[pri:0, instance:com.aventstack.extentreports.NaturalConfTest@5ddeb7cb]" started-at="2024-02-28T18:49:24 IST" name="useNaturalConfTest" finished-at="2024-02-28T18:49:24 IST" duration-ms="507" status="PASS">
          <reporter-output>
          </reporter-output>
        </test-method> <!-- useNaturalConfTest -->
        <test-method signature="useNaturalConfTestWithNodes()[pri:0, instance:com.aventstack.extentreports.NaturalConfTest@5ddeb7cb]" started-at="2024-02-28T18:49:24 IST" name="useNaturalConfTestWithNodes" finished-at="2024-02-28T18:49:25 IST" duration-ms="505" status="PASS">
          <reporter-output>
          </reporter-output>
        </test-method> <!-- useNaturalConfTestWithNodes -->
        <test-method signature="useNaturalConfTestWithTimeChanged()[pri:0, instance:com.aventstack.extentreports.NaturalConfTest@5ddeb7cb]" started-at="2024-02-28T18:49:25 IST" name="useNaturalConfTestWithTimeChanged" finished-at="2024-02-28T18:49:25 IST" duration-ms="1" status="PASS">
          <reporter-output>
          </reporter-output>
        </test-method> <!-- useNaturalConfTestWithTimeChanged -->
      </class> <!-- com.aventstack.extentreports.NaturalConfTest -->
      <class name="com.aventstack.extentreports.ExtentTestLogTest">
        <test-method signature="failDetails()[pri:0, instance:com.aventstack.extentreports.ExtentTestLogTest@7c137fd5]" started-at="2024-02-28T18:49:23 IST" name="failDetails" finished-at="2024-02-28T18:49:23 IST" duration-ms="0" status="PASS">
          <reporter-output>
          </reporter-output>
        </test-method> <!-- failDetails -->
        <test-method signature="failMarkup()[pri:0, instance:com.aventstack.extentreports.ExtentTestLogTest@7c137fd5]" started-at="2024-02-28T18:49:23 IST" name="failMarkup" finished-at="2024-02-28T18:49:23 IST" duration-ms="2" status="PASS">
          <reporter-output>
          </reporter-output>
        </test-method> <!-- failMarkup -->
        <test-method signature="failMedia()[pri:0, instance:com.aventstack.extentreports.ExtentTestLogTest@7c137fd5]" started-at="2024-02-28T18:49:23 IST" name="failMedia" finished-at="2024-02-28T18:49:23 IST" duration-ms="0" status="PASS">
          <reporter-output>
          </reporter-output>
        </test-method> <!-- failMedia -->
        <test-method signature="failThrowable()[pri:0, instance:com.aventstack.extentreports.ExtentTestLogTest@7c137fd5]" started-at="2024-02-28T18:49:23 IST" name="failThrowable" finished-at="2024-02-28T18:49:23 IST" duration-ms="6" status="PASS">
          <reporter-output>
          </reporter-output>
        </test-method> <!-- failThrowable -->
        <test-method signature="failThrowableMedia()[pri:0, instance:com.aventstack.extentreports.ExtentTestLogTest@7c137fd5]" started-at="2024-02-28T18:49:23 IST" name="failThrowableMedia" finished-at="2024-02-28T18:49:23 IST" duration-ms="1" status="PASS">
          <reporter-output>
          </reporter-output>
        </test-method> <!-- failThrowableMedia -->
        <test-method signature="infoDetails()[pri:0, instance:com.aventstack.extentreports.ExtentTestLogTest@7c137fd5]" started-at="2024-02-28T18:49:23 IST" name="infoDetails" finished-at="2024-02-28T18:49:23 IST" duration-ms="1" status="PASS">
          <reporter-output>
          </reporter-output>
        </test-method> <!-- infoDetails -->
        <test-method signature="infoMarkup()[pri:0, instance:com.aventstack.extentreports.ExtentTestLogTest@7c137fd5]" started-at="2024-02-28T18:49:23 IST" name="infoMarkup" finished-at="2024-02-28T18:49:23 IST" duration-ms="1" status="PASS">
          <reporter-output>
          </reporter-output>
        </test-method> <!-- infoMarkup -->
        <test-method signature="infoMedia()[pri:0, instance:com.aventstack.extentreports.ExtentTestLogTest@7c137fd5]" started-at="2024-02-28T18:49:23 IST" name="infoMedia" finished-at="2024-02-28T18:49:23 IST" duration-ms="0" status="PASS">
          <reporter-output>
          </reporter-output>
        </test-method> <!-- infoMedia -->
        <test-method signature="infoThrowable()[pri:0, instance:com.aventstack.extentreports.ExtentTestLogTest@7c137fd5]" started-at="2024-02-28T18:49:23 IST" name="infoThrowable" finished-at="2024-02-28T18:49:23 IST" duration-ms="2" status="PASS">
          <reporter-output>
          </reporter-output>
        </test-method> <!-- infoThrowable -->
        <test-method signature="infoThrowableMedia()[pri:0, instance:com.aventstack.extentreports.ExtentTestLogTest@7c137fd5]" started-at="2024-02-28T18:49:23 IST" name="infoThrowableMedia" finished-at="2024-02-28T18:49:23 IST" duration-ms="1" status="PASS">
          <reporter-output>
          </reporter-output>
        </test-method> <!-- infoThrowableMedia -->
        <test-method signature="logDetails()[pri:0, instance:com.aventstack.extentreports.ExtentTestLogTest@7c137fd5]" started-at="2024-02-28T18:49:23 IST" name="logDetails" finished-at="2024-02-28T18:49:23 IST" duration-ms="1" status="PASS">
          <reporter-output>
          </reporter-output>
        </test-method> <!-- logDetails -->
        <test-method signature="logDetailsMedia()[pri:0, instance:com.aventstack.extentreports.ExtentTestLogTest@7c137fd5]" started-at="2024-02-28T18:49:23 IST" name="logDetailsMedia" finished-at="2024-02-28T18:49:23 IST" duration-ms="1" status="PASS">
          <reporter-output>
          </reporter-output>
        </test-method> <!-- logDetailsMedia -->
        <test-method signature="logMarkup()[pri:0, instance:com.aventstack.extentreports.ExtentTestLogTest@7c137fd5]" started-at="2024-02-28T18:49:23 IST" name="logMarkup" finished-at="2024-02-28T18:49:23 IST" duration-ms="1" status="PASS">
          <reporter-output>
          </reporter-output>
        </test-method> <!-- logMarkup -->
        <test-method signature="logMedia()[pri:0, instance:com.aventstack.extentreports.ExtentTestLogTest@7c137fd5]" started-at="2024-02-28T18:49:23 IST" name="logMedia" finished-at="2024-02-28T18:49:23 IST" duration-ms="1" status="PASS">
          <reporter-output>
          </reporter-output>
        </test-method> <!-- logMedia -->
        <test-method signature="logThrowable()[pri:0, instance:com.aventstack.extentreports.ExtentTestLogTest@7c137fd5]" started-at="2024-02-28T18:49:23 IST" name="logThrowable" finished-at="2024-02-28T18:49:23 IST" duration-ms="3" status="PASS">
          <reporter-output>
          </reporter-output>
        </test-method> <!-- logThrowable -->
        <test-method signature="logThrowableMedia()[pri:0, instance:com.aventstack.extentreports.ExtentTestLogTest@7c137fd5]" started-at="2024-02-28T18:49:23 IST" name="logThrowableMedia" finished-at="2024-02-28T18:49:23 IST" duration-ms="3" status="PASS">
          <reporter-output>
          </reporter-output>
        </test-method> <!-- logThrowableMedia -->
        <test-method signature="logWithStatusNull()[pri:0, instance:com.aventstack.extentreports.ExtentTestLogTest@7c137fd5]" started-at="2024-02-28T18:49:23 IST" name="logWithStatusNull" finished-at="2024-02-28T18:49:23 IST" duration-ms="0" status="PASS">
          <exception class="java.lang.IllegalArgumentException">
            <message>
              <![CDATA[Status must not be null]]>
            </message>
            <full-stacktrace>
              <![CDATA[java.lang.IllegalArgumentException: Status must not be null
at com.aventstack.extentreports.util.Assert.notNull(Assert.java:6)
at com.aventstack.extentreports.ExtentTest.log(ExtentTest.java:364)
at com.aventstack.extentreports.ExtentTestLogTest.logWithStatusNull(ExtentTestLogTest.java:25)
at java.base/jdk.internal.reflect.NativeMethodAccessorImpl.invoke0(Native Method)
at java.base/jdk.internal.reflect.NativeMethodAccessorImpl.invoke(NativeMethodAccessorImpl.java:62)
at java.base/jdk.internal.reflect.DelegatingMethodAccessorImpl.invoke(DelegatingMethodAccessorImpl.java:43)
at java.base/java.lang.reflect.Method.invoke(Method.java:566)
at org.testng.internal.invokers.MethodInvocationHelper.invokeMethod(MethodInvocationHelper.java:139)
at org.testng.internal.invokers.TestInvoker.invokeMethod(TestInvoker.java:677)
at org.testng.internal.invokers.TestInvoker.invokeTestMethod(TestInvoker.java:221)
at org.testng.internal.invokers.MethodRunner.runInSequence(MethodRunner.java:50)
at org.testng.internal.invokers.TestInvoker$MethodInvocationAgent.invoke(TestInvoker.java:969)
at org.testng.internal.invokers.TestInvoker.invokeTestMethods(TestInvoker.java:194)
at org.testng.internal.invokers.TestMethodWorker.invokeTestMethods(TestMethodWorker.java:148)
at org.testng.internal.invokers.TestMethodWorker.run(TestMethodWorker.java:128)
at java.base/java.util.ArrayList.forEach(ArrayList.java:1540)
at org.testng.TestRunner.privateRun(TestRunner.java:829)
at org.testng.TestRunner.run(TestRunner.java:602)
at org.testng.SuiteRunner.runTest(SuiteRunner.java:437)
at org.testng.SuiteRunner.runSequentially(SuiteRunner.java:431)
at org.testng.SuiteRunner.privateRun(SuiteRunner.java:391)
at org.testng.SuiteRunner.run(SuiteRunner.java:330)
at org.testng.SuiteRunnerWorker.runSuite(SuiteRunnerWorker.java:52)
at org.testng.SuiteRunnerWorker.run(SuiteRunnerWorker.java:95)
at org.testng.TestNG.runSuitesSequentially(TestNG.java:1256)
at org.testng.TestNG.runSuitesLocally(TestNG.java:1176)
at org.testng.TestNG.runSuites(TestNG.java:1099)
at org.testng.TestNG.run(TestNG.java:1067)
at org.apache.maven.surefire.testng.TestNGExecutor.run(TestNGExecutor.java:77)
at org.apache.maven.surefire.testng.TestNGDirectoryTestSuite.executeMulti(TestNGDirectoryTestSuite.java:159)
at org.apache.maven.surefire.testng.TestNGDirectoryTestSuite.execute(TestNGDirectoryTestSuite.java:99)
at org.apache.maven.surefire.testng.TestNGProvider.invoke(TestNGProvider.java:106)
at java.base/jdk.internal.reflect.NativeMethodAccessorImpl.invoke0(Native Method)
at java.base/jdk.internal.reflect.NativeMethodAccessorImpl.invoke(NativeMethodAccessorImpl.java:62)
at java.base/jdk.internal.reflect.DelegatingMethodAccessorImpl.invoke(DelegatingMethodAccessorImpl.java:43)
at java.base/java.lang.reflect.Method.invoke(Method.java:566)
at org.apache.maven.surefire.util.ReflectionUtils.invokeMethodWithArray(ReflectionUtils.java:189)
at org.apache.maven.surefire.booter.ProviderFactory$ProviderProxy.invoke(ProviderFactory.java:165)
at org.apache.maven.surefire.booter.ProviderFactory.invokeProvider(ProviderFactory.java:85)
at org.apache.maven.surefire.booter.ForkedBooter.runSuitesInProcess(ForkedBooter.java:115)
at org.apache.maven.surefire.booter.ForkedBooter.main(ForkedBooter.java:75)
]]>
            </full-stacktrace>
          </exception> <!-- java.lang.IllegalArgumentException -->
          <reporter-output>
          </reporter-output>
        </test-method> <!-- logWithStatusNull -->
        <test-method signature="passDetails()[pri:0, instance:com.aventstack.extentreports.ExtentTestLogTest@7c137fd5]" started-at="2024-02-28T18:49:23 IST" name="passDetails" finished-at="2024-02-28T18:49:23 IST" duration-ms="0" status="PASS">
          <reporter-output>
          </reporter-output>
        </test-method> <!-- passDetails -->
        <test-method signature="passMarkup()[pri:0, instance:com.aventstack.extentreports.ExtentTestLogTest@7c137fd5]" started-at="2024-02-28T18:49:23 IST" name="passMarkup" finished-at="2024-02-28T18:49:23 IST" duration-ms="1" status="PASS">
          <reporter-output>
          </reporter-output>
        </test-method> <!-- passMarkup -->
        <test-method signature="passMedia()[pri:0, instance:com.aventstack.extentreports.ExtentTestLogTest@7c137fd5]" started-at="2024-02-28T18:49:23 IST" name="passMedia" finished-at="2024-02-28T18:49:23 IST" duration-ms="1" status="PASS">
          <reporter-output>
          </reporter-output>
        </test-method> <!-- passMedia -->
        <test-method signature="passThrowable()[pri:0, instance:com.aventstack.extentreports.ExtentTestLogTest@7c137fd5]" started-at="2024-02-28T18:49:23 IST" name="passThrowable" finished-at="2024-02-28T18:49:23 IST" duration-ms="1" status="PASS">
          <reporter-output>
          </reporter-output>
        </test-method> <!-- passThrowable -->
        <test-method signature="passThrowableMedia()[pri:0, instance:com.aventstack.extentreports.ExtentTestLogTest@7c137fd5]" started-at="2024-02-28T18:49:23 IST" name="passThrowableMedia" finished-at="2024-02-28T18:49:23 IST" duration-ms="0" status="PASS">
          <reporter-output>
          </reporter-output>
        </test-method> <!-- passThrowableMedia -->
        <test-method signature="skipDetails()[pri:0, instance:com.aventstack.extentreports.ExtentTestLogTest@7c137fd5]" started-at="2024-02-28T18:49:23 IST" name="skipDetails" finished-at="2024-02-28T18:49:23 IST" duration-ms="0" status="PASS">
          <reporter-output>
          </reporter-output>
        </test-method> <!-- skipDetails -->
        <test-method signature="skipMarkup()[pri:0, instance:com.aventstack.extentreports.ExtentTestLogTest@7c137fd5]" started-at="2024-02-28T18:49:23 IST" name="skipMarkup" finished-at="2024-02-28T18:49:23 IST" duration-ms="1" status="PASS">
          <reporter-output>
          </reporter-output>
        </test-method> <!-- skipMarkup -->
        <test-method signature="skipMedia()[pri:0, instance:com.aventstack.extentreports.ExtentTestLogTest@7c137fd5]" started-at="2024-02-28T18:49:23 IST" name="skipMedia" finished-at="2024-02-28T18:49:23 IST" duration-ms="3" status="PASS">
          <reporter-output>
          </reporter-output>
        </test-method> <!-- skipMedia -->
        <test-method signature="skipThrowable()[pri:0, instance:com.aventstack.extentreports.ExtentTestLogTest@7c137fd5]" started-at="2024-02-28T18:49:23 IST" name="skipThrowable" finished-at="2024-02-28T18:49:23 IST" duration-ms="2" status="PASS">
          <reporter-output>
          </reporter-output>
        </test-method> <!-- skipThrowable -->
        <test-method signature="skipThrowableMedia()[pri:0, instance:com.aventstack.extentreports.ExtentTestLogTest@7c137fd5]" started-at="2024-02-28T18:49:23 IST" name="skipThrowableMedia" finished-at="2024-02-28T18:49:23 IST" duration-ms="1" status="PASS">
          <reporter-output>
          </reporter-output>
        </test-method> <!-- skipThrowableMedia -->
        <test-method signature="warnDetails()[pri:0, instance:com.aventstack.extentreports.ExtentTestLogTest@7c137fd5]" started-at="2024-02-28T18:49:23 IST" name="warnDetails" finished-at="2024-02-28T18:49:23 IST" duration-ms="1" status="PASS">
          <reporter-output>
          </reporter-output>
        </test-method> <!-- warnDetails -->
        <test-method signature="warnMarkup()[pri:0, instance:com.aventstack.extentreports.ExtentTestLogTest@7c137fd5]" started-at="2024-02-28T18:49:23 IST" name="warnMarkup" finished-at="2024-02-28T18:49:23 IST" duration-ms="1" status="PASS">
          <reporter-output>
          </reporter-output>
        </test-method> <!-- warnMarkup -->
        <test-method signature="warnMedia()[pri:0, instance:com.aventstack.extentreports.ExtentTestLogTest@7c137fd5]" started-at="2024-02-28T18:49:23 IST" name="warnMedia" finished-at="2024-02-28T18:49:23 IST" duration-ms="0" status="PASS">
          <reporter-output>
          </reporter-output>
        </test-method> <!-- warnMedia -->
        <test-method signature="warnThrowable()[pri:0, instance:com.aventstack.extentreports.ExtentTestLogTest@7c137fd5]" started-at="2024-02-28T18:49:23 IST" name="warnThrowable" finished-at="2024-02-28T18:49:23 IST" duration-ms="1" status="PASS">
          <reporter-output>
          </reporter-output>
        </test-method> <!-- warnThrowable -->
        <test-method signature="warnThrowableMedia()[pri:0, instance:com.aventstack.extentreports.ExtentTestLogTest@7c137fd5]" started-at="2024-02-28T18:49:23 IST" name="warnThrowableMedia" finished-at="2024-02-28T18:49:23 IST" duration-ms="1" status="PASS">
          <reporter-output>
          </reporter-output>
        </test-method> <!-- warnThrowableMedia -->
      </class> <!-- com.aventstack.extentreports.ExtentTestLogTest -->
      <class name="com.aventstack.extentreports.BddTypeTest">
        <test-method signature="andIsOfBddTypeWithBddChild(java.lang.reflect.Method)[pri:0, instance:com.aventstack.extentreports.BddTypeTest@e7edb54]" started-at="2024-02-28T18:49:21 IST" name="andIsOfBddTypeWithBddChild" finished-at="2024-02-28T18:49:21 IST" duration-ms="3" status="PASS">
          <params>
            <param index="0">
              <value>
                <![CDATA[public void com.aventstack.extentreports.BddTypeTest.andIsOfBddTypeWithBddChild(java.lang.reflect.Method)]]>
              </value>
            </param>
          </params>
          <reporter-output>
          </reporter-output>
        </test-method> <!-- andIsOfBddTypeWithBddChild -->
        <test-method signature="asteriskIsOfBddTypeWithBddChild(java.lang.reflect.Method)[pri:0, instance:com.aventstack.extentreports.BddTypeTest@e7edb54]" started-at="2024-02-28T18:49:21 IST" name="asteriskIsOfBddTypeWithBddChild" finished-at="2024-02-28T18:49:21 IST" duration-ms="2" status="PASS">
          <params>
            <param index="0">
              <value>
                <![CDATA[public void com.aventstack.extentreports.BddTypeTest.asteriskIsOfBddTypeWithBddChild(java.lang.reflect.Method)]]>
              </value>
            </param>
          </params>
          <reporter-output>
          </reporter-output>
        </test-method> <!-- asteriskIsOfBddTypeWithBddChild -->
        <test-method signature="backgroundIsOfBddTypeWithBddChild(java.lang.reflect.Method)[pri:0, instance:com.aventstack.extentreports.BddTypeTest@e7edb54]" started-at="2024-02-28T18:49:21 IST" name="backgroundIsOfBddTypeWithBddChild" finished-at="2024-02-28T18:49:21 IST" duration-ms="2" status="PASS">
          <params>
            <param index="0">
              <value>
                <![CDATA[public void com.aventstack.extentreports.BddTypeTest.backgroundIsOfBddTypeWithBddChild(java.lang.reflect.Method)]]>
              </value>
            </param>
          </params>
          <reporter-output>
          </reporter-output>
        </test-method> <!-- backgroundIsOfBddTypeWithBddChild -->
        <test-method signature="butIsOfBddTypeWithBddChild(java.lang.reflect.Method)[pri:0, instance:com.aventstack.extentreports.BddTypeTest@e7edb54]" started-at="2024-02-28T18:49:21 IST" name="butIsOfBddTypeWithBddChild" finished-at="2024-02-28T18:49:21 IST" duration-ms="2" status="PASS">
          <params>
            <param index="0">
              <value>
                <![CDATA[public void com.aventstack.extentreports.BddTypeTest.butIsOfBddTypeWithBddChild(java.lang.reflect.Method)]]>
              </value>
            </param>
          </params>
          <reporter-output>
          </reporter-output>
        </test-method> <!-- butIsOfBddTypeWithBddChild -->
        <test-method signature="featureIsOfBddType(java.lang.reflect.Method)[pri:0, instance:com.aventstack.extentreports.BddTypeTest@e7edb54]" started-at="2024-02-28T18:49:21 IST" name="featureIsOfBddType" finished-at="2024-02-28T18:49:21 IST" duration-ms="0" status="PASS">
          <params>
            <param index="0">
              <value>
                <![CDATA[public void com.aventstack.extentreports.BddTypeTest.featureIsOfBddType(java.lang.reflect.Method)]]>
              </value>
            </param>
          </params>
          <reporter-output>
          </reporter-output>
        </test-method> <!-- featureIsOfBddType -->
        <test-method signature="givenIsOfBddTypeWithBddChild(java.lang.reflect.Method)[pri:0, instance:com.aventstack.extentreports.BddTypeTest@e7edb54]" started-at="2024-02-28T18:49:21 IST" name="givenIsOfBddTypeWithBddChild" finished-at="2024-02-28T18:49:21 IST" duration-ms="2" status="PASS">
          <params>
            <param index="0">
              <value>
                <![CDATA[public void com.aventstack.extentreports.BddTypeTest.givenIsOfBddTypeWithBddChild(java.lang.reflect.Method)]]>
              </value>
            </param>
          </params>
          <reporter-output>
          </reporter-output>
        </test-method> <!-- givenIsOfBddTypeWithBddChild -->
        <test-method signature="scenarioIsOfBddTypeWithBddChild(java.lang.reflect.Method)[pri:0, instance:com.aventstack.extentreports.BddTypeTest@e7edb54]" started-at="2024-02-28T18:49:21 IST" name="scenarioIsOfBddTypeWithBddChild" finished-at="2024-02-28T18:49:21 IST" duration-ms="1" status="PASS">
          <params>
            <param index="0">
              <value>
                <![CDATA[public void com.aventstack.extentreports.BddTypeTest.scenarioIsOfBddTypeWithBddChild(java.lang.reflect.Method)]]>
              </value>
            </param>
          </params>
          <reporter-output>
          </reporter-output>
        </test-method> <!-- scenarioIsOfBddTypeWithBddChild -->
        <test-method signature="scenarioOutlineIsOfBddTypeWithBddChild(java.lang.reflect.Method)[pri:0, instance:com.aventstack.extentreports.BddTypeTest@e7edb54]" started-at="2024-02-28T18:49:21 IST" name="scenarioOutlineIsOfBddTypeWithBddChild" finished-at="2024-02-28T18:49:21 IST" duration-ms="1" status="PASS">
          <params>
            <param index="0">
              <value>
                <![CDATA[public void com.aventstack.extentreports.BddTypeTest.scenarioOutlineIsOfBddTypeWithBddChild(java.lang.reflect.Method)]]>
              </value>
            </param>
          </params>
          <reporter-output>
          </reporter-output>
        </test-method> <!-- scenarioOutlineIsOfBddTypeWithBddChild -->
        <test-method signature="thenIsOfBddTypeWithBddChild(java.lang.reflect.Method)[pri:0, instance:com.aventstack.extentreports.BddTypeTest@e7edb54]" started-at="2024-02-28T18:49:21 IST" name="thenIsOfBddTypeWithBddChild" finished-at="2024-02-28T18:49:21 IST" duration-ms="2" status="PASS">
          <params>
            <param index="0">
              <value>
                <![CDATA[public void com.aventstack.extentreports.BddTypeTest.thenIsOfBddTypeWithBddChild(java.lang.reflect.Method)]]>
              </value>
            </param>
          </params>
          <reporter-output>
          </reporter-output>
        </test-method> <!-- thenIsOfBddTypeWithBddChild -->
        <test-method signature="whenIsOfBddTypeWithBddChild(java.lang.reflect.Method)[pri:0, instance:com.aventstack.extentreports.BddTypeTest@e7edb54]" started-at="2024-02-28T18:49:21 IST" name="whenIsOfBddTypeWithBddChild" finished-at="2024-02-28T18:49:22 IST" duration-ms="1" status="PASS">
          <params>
            <param index="0">
              <value>
                <![CDATA[public void com.aventstack.extentreports.BddTypeTest.whenIsOfBddTypeWithBddChild(java.lang.reflect.Method)]]>
              </value>
            </param>
          </params>
          <reporter-output>
          </reporter-output>
        </test-method> <!-- whenIsOfBddTypeWithBddChild -->
      </class> <!-- com.aventstack.extentreports.BddTypeTest -->
      <class name="com.aventstack.extentreports.ExtentTestInvalidArgTest">
        <test-method signature="extentTestWithEmptyName()[pri:0, instance:com.aventstack.extentreports.ExtentTestInvalidArgTest@31ea9581]" started-at="2024-02-28T18:49:23 IST" name="extentTestWithEmptyName" finished-at="2024-02-28T18:49:23 IST" duration-ms="0" status="PASS">
          <exception class="java.lang.IllegalArgumentException">
            <message>
              <![CDATA[Test name must not be null or empty]]>
            </message>
            <full-stacktrace>
              <![CDATA[java.lang.IllegalArgumentException: Test name must not be null or empty
at com.aventstack.extentreports.util.Assert.notEmpty(Assert.java:12)
at com.aventstack.extentreports.ExtentTest.<init>(ExtentTest.java:96)
at com.aventstack.extentreports.ExtentTest.<init>(ExtentTest.java:117)
at com.aventstack.extentreports.ExtentReports.createTest(ExtentReports.java:231)
at com.aventstack.extentreports.ExtentReports.createTest(ExtentReports.java:245)
at com.aventstack.extentreports.ExtentTestInvalidArgTest.extentTestWithEmptyName(ExtentTestInvalidArgTest.java:11)
at java.base/jdk.internal.reflect.NativeMethodAccessorImpl.invoke0(Native Method)
at java.base/jdk.internal.reflect.NativeMethodAccessorImpl.invoke(NativeMethodAccessorImpl.java:62)
at java.base/jdk.internal.reflect.DelegatingMethodAccessorImpl.invoke(DelegatingMethodAccessorImpl.java:43)
at java.base/java.lang.reflect.Method.invoke(Method.java:566)
at org.testng.internal.invokers.MethodInvocationHelper.invokeMethod(MethodInvocationHelper.java:139)
at org.testng.internal.invokers.TestInvoker.invokeMethod(TestInvoker.java:677)
at org.testng.internal.invokers.TestInvoker.invokeTestMethod(TestInvoker.java:221)
at org.testng.internal.invokers.MethodRunner.runInSequence(MethodRunner.java:50)
at org.testng.internal.invokers.TestInvoker$MethodInvocationAgent.invoke(TestInvoker.java:969)
at org.testng.internal.invokers.TestInvoker.invokeTestMethods(TestInvoker.java:194)
at org.testng.internal.invokers.TestMethodWorker.invokeTestMethods(TestMethodWorker.java:148)
at org.testng.internal.invokers.TestMethodWorker.run(TestMethodWorker.java:128)
at java.base/java.util.ArrayList.forEach(ArrayList.java:1540)
at org.testng.TestRunner.privateRun(TestRunner.java:829)
at org.testng.TestRunner.run(TestRunner.java:602)
at org.testng.SuiteRunner.runTest(SuiteRunner.java:437)
at org.testng.SuiteRunner.runSequentially(SuiteRunner.java:431)
at org.testng.SuiteRunner.privateRun(SuiteRunner.java:391)
at org.testng.SuiteRunner.run(SuiteRunner.java:330)
at org.testng.SuiteRunnerWorker.runSuite(SuiteRunnerWorker.java:52)
at org.testng.SuiteRunnerWorker.run(SuiteRunnerWorker.java:95)
at org.testng.TestNG.runSuitesSequentially(TestNG.java:1256)
at org.testng.TestNG.runSuitesLocally(TestNG.java:1176)
at org.testng.TestNG.runSuites(TestNG.java:1099)
at org.testng.TestNG.run(TestNG.java:1067)
at org.apache.maven.surefire.testng.TestNGExecutor.run(TestNGExecutor.java:77)
at org.apache.maven.surefire.testng.TestNGDirectoryTestSuite.executeMulti(TestNGDirectoryTestSuite.java:159)
at org.apache.maven.surefire.testng.TestNGDirectoryTestSuite.execute(TestNGDirectoryTestSuite.java:99)
at org.apache.maven.surefire.testng.TestNGProvider.invoke(TestNGProvider.java:106)
at java.base/jdk.internal.reflect.NativeMethodAccessorImpl.invoke0(Native Method)
at java.base/jdk.internal.reflect.NativeMethodAccessorImpl.invoke(NativeMethodAccessorImpl.java:62)
at java.base/jdk.internal.reflect.DelegatingMethodAccessorImpl.invoke(DelegatingMethodAccessorImpl.java:43)
at java.base/java.lang.reflect.Method.invoke(Method.java:566)
at org.apache.maven.surefire.util.ReflectionUtils.invokeMethodWithArray(ReflectionUtils.java:189)
at org.apache.maven.surefire.booter.ProviderFactory$ProviderProxy.invoke(ProviderFactory.java:165)
at org.apache.maven.surefire.booter.ProviderFactory.invokeProvider(ProviderFactory.java:85)
at org.apache.maven.surefire.booter.ForkedBooter.runSuitesInProcess(ForkedBooter.java:115)
at org.apache.maven.surefire.booter.ForkedBooter.main(ForkedBooter.java:75)
]]>
            </full-stacktrace>
          </exception> <!-- java.lang.IllegalArgumentException -->
          <reporter-output>
          </reporter-output>
        </test-method> <!-- extentTestWithEmptyName -->
        <test-method signature="extentTestWithNullName()[pri:0, instance:com.aventstack.extentreports.ExtentTestInvalidArgTest@31ea9581]" started-at="2024-02-28T18:49:23 IST" name="extentTestWithNullName" finished-at="2024-02-28T18:49:23 IST" duration-ms="0" status="PASS">
          <exception class="java.lang.IllegalArgumentException">
            <message>
              <![CDATA[Test name must not be null or empty]]>
            </message>
            <full-stacktrace>
              <![CDATA[java.lang.IllegalArgumentException: Test name must not be null or empty
at com.aventstack.extentreports.util.Assert.notEmpty(Assert.java:12)
at com.aventstack.extentreports.ExtentTest.<init>(ExtentTest.java:96)
at com.aventstack.extentreports.ExtentTest.<init>(ExtentTest.java:117)
at com.aventstack.extentreports.ExtentReports.createTest(ExtentReports.java:231)
at com.aventstack.extentreports.ExtentReports.createTest(ExtentReports.java:245)
at com.aventstack.extentreports.ExtentTestInvalidArgTest.extentTestWithNullName(ExtentTestInvalidArgTest.java:16)
at java.base/jdk.internal.reflect.NativeMethodAccessorImpl.invoke0(Native Method)
at java.base/jdk.internal.reflect.NativeMethodAccessorImpl.invoke(NativeMethodAccessorImpl.java:62)
at java.base/jdk.internal.reflect.DelegatingMethodAccessorImpl.invoke(DelegatingMethodAccessorImpl.java:43)
at java.base/java.lang.reflect.Method.invoke(Method.java:566)
at org.testng.internal.invokers.MethodInvocationHelper.invokeMethod(MethodInvocationHelper.java:139)
at org.testng.internal.invokers.TestInvoker.invokeMethod(TestInvoker.java:677)
at org.testng.internal.invokers.TestInvoker.invokeTestMethod(TestInvoker.java:221)
at org.testng.internal.invokers.MethodRunner.runInSequence(MethodRunner.java:50)
at org.testng.internal.invokers.TestInvoker$MethodInvocationAgent.invoke(TestInvoker.java:969)
at org.testng.internal.invokers.TestInvoker.invokeTestMethods(TestInvoker.java:194)
at org.testng.internal.invokers.TestMethodWorker.invokeTestMethods(TestMethodWorker.java:148)
at org.testng.internal.invokers.TestMethodWorker.run(TestMethodWorker.java:128)
at java.base/java.util.ArrayList.forEach(ArrayList.java:1540)
at org.testng.TestRunner.privateRun(TestRunner.java:829)
at org.testng.TestRunner.run(TestRunner.java:602)
at org.testng.SuiteRunner.runTest(SuiteRunner.java:437)
at org.testng.SuiteRunner.runSequentially(SuiteRunner.java:431)
at org.testng.SuiteRunner.privateRun(SuiteRunner.java:391)
at org.testng.SuiteRunner.run(SuiteRunner.java:330)
at org.testng.SuiteRunnerWorker.runSuite(SuiteRunnerWorker.java:52)
at org.testng.SuiteRunnerWorker.run(SuiteRunnerWorker.java:95)
at org.testng.TestNG.runSuitesSequentially(TestNG.java:1256)
at org.testng.TestNG.runSuitesLocally(TestNG.java:1176)
at org.testng.TestNG.runSuites(TestNG.java:1099)
at org.testng.TestNG.run(TestNG.java:1067)
at org.apache.maven.surefire.testng.TestNGExecutor.run(TestNGExecutor.java:77)
at org.apache.maven.surefire.testng.TestNGDirectoryTestSuite.executeMulti(TestNGDirectoryTestSuite.java:159)
at org.apache.maven.surefire.testng.TestNGDirectoryTestSuite.execute(TestNGDirectoryTestSuite.java:99)
at org.apache.maven.surefire.testng.TestNGProvider.invoke(TestNGProvider.java:106)
at java.base/jdk.internal.reflect.NativeMethodAccessorImpl.invoke0(Native Method)
at java.base/jdk.internal.reflect.NativeMethodAccessorImpl.invoke(NativeMethodAccessorImpl.java:62)
at java.base/jdk.internal.reflect.DelegatingMethodAccessorImpl.invoke(DelegatingMethodAccessorImpl.java:43)
at java.base/java.lang.reflect.Method.invoke(Method.java:566)
at org.apache.maven.surefire.util.ReflectionUtils.invokeMethodWithArray(ReflectionUtils.java:189)
at org.apache.maven.surefire.booter.ProviderFactory$ProviderProxy.invoke(ProviderFactory.java:165)
at org.apache.maven.surefire.booter.ProviderFactory.invokeProvider(ProviderFactory.java:85)
at org.apache.maven.surefire.booter.ForkedBooter.runSuitesInProcess(ForkedBooter.java:115)
at org.apache.maven.surefire.booter.ForkedBooter.main(ForkedBooter.java:75)
]]>
            </full-stacktrace>
          </exception> <!-- java.lang.IllegalArgumentException -->
          <reporter-output>
          </reporter-output>
        </test-method> <!-- extentTestWithNullName -->
      </class> <!-- com.aventstack.extentreports.ExtentTestInvalidArgTest -->
      <class name="com.aventstack.extentreports.entity.StatusEntityTest">
        <test-method signature="statusHierarchy()[pri:0, instance:com.aventstack.extentreports.entity.StatusEntityTest@2f8dad04]" started-at="2024-02-28T18:49:22 IST" name="statusHierarchy" finished-at="2024-02-28T18:49:22 IST" duration-ms="1" status="PASS">
          <reporter-output>
          </reporter-output>
        </test-method> <!-- statusHierarchy -->
        <test-method signature="statusMax()[pri:0, instance:com.aventstack.extentreports.entity.StatusEntityTest@2f8dad04]" started-at="2024-02-28T18:49:22 IST" name="statusMax" finished-at="2024-02-28T18:49:22 IST" duration-ms="1" status="PASS">
          <reporter-output>
          </reporter-output>
        </test-method> <!-- statusMax -->
        <test-method signature="statusMin()[pri:0, instance:com.aventstack.extentreports.entity.StatusEntityTest@2f8dad04]" started-at="2024-02-28T18:49:22 IST" name="statusMin" finished-at="2024-02-28T18:49:22 IST" duration-ms="1" status="PASS">
          <reporter-output>
          </reporter-output>
        </test-method> <!-- statusMin -->
      </class> <!-- com.aventstack.extentreports.entity.StatusEntityTest -->
      <class name="com.aventstack.extentreports.reporter.SparkReporterConfigTest">
        <test-method signature="loadJSONConfigFileTest()[pri:0, instance:com.aventstack.extentreports.reporter.SparkReporterConfigTest@7c37508a]" started-at="2024-02-28T18:49:29 IST" name="loadJSONConfigFileTest" finished-at="2024-02-28T18:49:29 IST" duration-ms="0" status="PASS">
          <reporter-output>
          </reporter-output>
        </test-method> <!-- loadJSONConfigFileTest -->
        <test-method signature="loadXMLConfigFileTest()[pri:0, instance:com.aventstack.extentreports.reporter.SparkReporterConfigTest@7c37508a]" started-at="2024-02-28T18:49:29 IST" name="loadXMLConfigFileTest" finished-at="2024-02-28T18:49:29 IST" duration-ms="15" status="PASS">
          <reporter-output>
          </reporter-output>
        </test-method> <!-- loadXMLConfigFileTest -->
        <test-method signature="configTest()[pri:0, instance:com.aventstack.extentreports.reporter.SparkReporterConfigTest@7c37508a]" started-at="2024-02-28T18:49:29 IST" name="configTest" finished-at="2024-02-28T18:49:29 IST" duration-ms="0" status="PASS">
          <reporter-output>
          </reporter-output>
        </test-method> <!-- configTest -->
        <test-method signature="loadJSONConfigStringTest()[pri:0, instance:com.aventstack.extentreports.reporter.SparkReporterConfigTest@7c37508a]" started-at="2024-02-28T18:49:29 IST" name="loadJSONConfigStringTest" finished-at="2024-02-28T18:49:29 IST" duration-ms="0" status="PASS">
          <reporter-output>
          </reporter-output>
        </test-method> <!-- loadJSONConfigStringTest -->
        <test-method signature="loadXMLConfigPathTest()[pri:0, instance:com.aventstack.extentreports.reporter.SparkReporterConfigTest@7c37508a]" started-at="2024-02-28T18:49:29 IST" name="loadXMLConfigPathTest" finished-at="2024-02-28T18:49:29 IST" duration-ms="0" status="PASS">
          <reporter-output>
          </reporter-output>
        </test-method> <!-- loadXMLConfigPathTest -->
      </class> <!-- com.aventstack.extentreports.reporter.SparkReporterConfigTest -->
      <class name="com.aventstack.extentreports.markuputils.ListTest">
        <test-method signature="orderedListFromArray()[pri:0, instance:com.aventstack.extentreports.markuputils.ListTest@4d1c005e]" started-at="2024-02-28T18:49:23 IST" name="orderedListFromArray" finished-at="2024-02-28T18:49:23 IST" duration-ms="7" status="PASS">
          <reporter-output>
          </reporter-output>
        </test-method> <!-- orderedListFromArray -->
        <test-method signature="orderedListFromList()[pri:0, instance:com.aventstack.extentreports.markuputils.ListTest@4d1c005e]" started-at="2024-02-28T18:49:23 IST" name="orderedListFromList" finished-at="2024-02-28T18:49:23 IST" duration-ms="0" status="PASS">
          <reporter-output>
          </reporter-output>
        </test-method> <!-- orderedListFromList -->
        <test-method signature="orderedListFromMap()[pri:0, instance:com.aventstack.extentreports.markuputils.ListTest@4d1c005e]" started-at="2024-02-28T18:49:23 IST" name="orderedListFromMap" finished-at="2024-02-28T18:49:23 IST" duration-ms="3" status="PASS">
          <reporter-output>
          </reporter-output>
        </test-method> <!-- orderedListFromMap -->
        <test-method signature="orderedListFromSet()[pri:0, instance:com.aventstack.extentreports.markuputils.ListTest@4d1c005e]" started-at="2024-02-28T18:49:23 IST" name="orderedListFromSet" finished-at="2024-02-28T18:49:23 IST" duration-ms="0" status="PASS">
          <reporter-output>
          </reporter-output>
        </test-method> <!-- orderedListFromSet -->
        <test-method signature="orderedListFromString()[pri:0, instance:com.aventstack.extentreports.markuputils.ListTest@4d1c005e]" started-at="2024-02-28T18:49:23 IST" name="orderedListFromString" finished-at="2024-02-28T18:49:23 IST" duration-ms="0" status="PASS">
          <reporter-output>
          </reporter-output>
        </test-method> <!-- orderedListFromString -->
        <test-method signature="unorderedListFromArray()[pri:0, instance:com.aventstack.extentreports.markuputils.ListTest@4d1c005e]" started-at="2024-02-28T18:49:23 IST" name="unorderedListFromArray" finished-at="2024-02-28T18:49:23 IST" duration-ms="7" status="PASS">
          <reporter-output>
          </reporter-output>
        </test-method> <!-- unorderedListFromArray -->
        <test-method signature="unorderedListFromList()[pri:0, instance:com.aventstack.extentreports.markuputils.ListTest@4d1c005e]" started-at="2024-02-28T18:49:23 IST" name="unorderedListFromList" finished-at="2024-02-28T18:49:23 IST" duration-ms="0" status="PASS">
          <reporter-output>
          </reporter-output>
        </test-method> <!-- unorderedListFromList -->
[...]
      <class name="com.aventstack.extentreports.gherkin.GherkinNameTest">
        <test-method signature="testAndGherkinName()[pri:0, instance:com.aventstack.extentreports.gherkin.GherkinNameTest@451001e5]" started-at="2024-02-28T18:49:23 IST" name="testAndGherkinName" finished-at="2024-02-28T18:49:23 IST" duration-ms="0" status="PASS">
          <reporter-output>
          </reporter-output>
        </test-method> <!-- testAndGherkinName -->
        <test-method signature="testAndToString()[pri:0, instance:com.aventstack.extentreports.gherkin.GherkinNameTest@451001e5]" started-at="2024-02-28T18:49:23 IST" name="testAndToString" finished-at="2024-02-28T18:49:23 IST" duration-ms="0" status="PASS">
          <reporter-output>
          </reporter-output>
        </test-method> <!-- testAndToString -->
        <test-method signature="testAsteriskGherkinName()[pri:0, instance:com.aventstack.extentreports.gherkin.GherkinNameTest@451001e5]" started-at="2024-02-28T18:49:23 IST" name="testAsteriskGherkinName" finished-at="2024-02-28T18:49:23 IST" duration-ms="1" status="PASS">
          <reporter-output>
          </reporter-output>
        </test-method> <!-- testAsteriskGherkinName -->
        <test-method signature="testAsteriskToString()[pri:0, instance:com.aventstack.extentreports.gherkin.GherkinNameTest@451001e5]" started-at="2024-02-28T18:49:23 IST" name="testAsteriskToString" finished-at="2024-02-28T18:49:23 IST" duration-ms="0" status="PASS">
          <reporter-output>
          </reporter-output>
        </test-method> <!-- testAsteriskToString -->
        <test-method signature="testBackgroundGherkinName()[pri:0, instance:com.aventstack.extentreports.gherkin.GherkinNameTest@451001e5]" started-at="2024-02-28T18:49:23 IST" name="testBackgroundGherkinName" finished-at="2024-02-28T18:49:23 IST" duration-ms="1" status="PASS">
          <reporter-output>
          </reporter-output>
        </test-method> <!-- testBackgroundGherkinName -->
        <test-method signature="testBackgroundToString()[pri:0, instance:com.aventstack.extentreports.gherkin.GherkinNameTest@451001e5]" started-at="2024-02-28T18:49:23 IST" name="testBackgroundToString" finished-at="2024-02-28T18:49:23 IST" duration-ms="0" status="PASS">
          <reporter-output>
          </reporter-output>
        </test-method> <!-- testBackgroundToString -->
        <test-method signature="testButGherkinName()[pri:0, instance:com.aventstack.extentreports.gherkin.GherkinNameTest@451001e5]" started-at="2024-02-28T18:49:23 IST" name="testButGherkinName" finished-at="2024-02-28T18:49:23 IST" duration-ms="1" status="PASS">
          <reporter-output>
          </reporter-output>
        </test-method> <!-- testButGherkinName -->
        <test-method signature="testButToString()[pri:0, instance:com.aventstack.extentreports.gherkin.GherkinNameTest@451001e5]" started-at="2024-02-28T18:49:23 IST" name="testButToString" finished-at="2024-02-28T18:49:23 IST" duration-ms="0" status="PASS">
          <reporter-output>
          </reporter-output>
        </test-method> <!-- testButToString -->
        <test-method signature="testFeatureGherkinName()[pri:0, instance:com.aventstack.extentreports.gherkin.GherkinNameTest@451001e5]" started-at="2024-02-28T18:49:23 IST" name="testFeatureGherkinName" finished-at="2024-02-28T18:49:23 IST" duration-ms="0" status="PASS">
          <reporter-output>
          </reporter-output>
        </test-method> <!-- testFeatureGherkinName -->
        <test-method signature="testFeatureToString()[pri:0, instance:com.aventstack.extentreports.gherkin.GherkinNameTest@451001e5]" started-at="2024-02-28T18:49:23 IST" name="testFeatureToString" finished-at="2024-02-28T18:49:23 IST" duration-ms="0" status="PASS">
          <reporter-output>
          </reporter-output>
        </test-method> <!-- testFeatureToString -->
        <test-method signature="testGivenGherkinName()[pri:0, instance:com.aventstack.extentreports.gherkin.GherkinNameTest@451001e5]" started-at="2024-02-28T18:49:23 IST" name="testGivenGherkinName" finished-at="2024-02-28T18:49:23 IST" duration-ms="0" status="PASS">
          <reporter-output>
          </reporter-output>
        </test-method> <!-- testGivenGherkinName -->
        <test-method signature="testScenarioGherkinName()[pri:0, instance:com.aventstack.extentreports.gherkin.GherkinNameTest@451001e5]" started-at="2024-02-28T18:49:23 IST" name="testScenarioGherkinName" finished-at="2024-02-28T18:49:23 IST" duration-ms="4" status="PASS">
          <reporter-output>
          </reporter-output>
        </test-method> <!-- testScenarioGherkinName -->
        <test-method signature="testGivenToString()[pri:0, instance:com.aventstack.extentreports.gherkin.GherkinNameTest@451001e5]" started-at="2024-02-28T18:49:23 IST" name="testGivenToString" finished-at="2024-02-28T18:49:23 IST" duration-ms="0" status="PASS">
          <reporter-output>
          </reporter-output>
        </test-method> <!-- testGivenToString -->
        <test-method signature="testScenarioOutlineGherkinName()[pri:0, instance:com.aventstack.extentreports.gherkin.GherkinNameTest@451001e5]" started-at="2024-02-28T18:49:23 IST" name="testScenarioOutlineGherkinName" finished-at="2024-02-28T18:49:23 IST" duration-ms="1" status="PASS">
          <reporter-output>
          </reporter-output>
        </test-method> <!-- testScenarioOutlineGherkinName -->
        <test-method signature="testScenarioOutlineToString()[pri:0, instance:com.aventstack.extentreports.gherkin.GherkinNameTest@451001e5]" started-at="2024-02-28T18:49:23 IST" name="testScenarioOutlineToString" finished-at="2024-02-28T18:49:23 IST" duration-ms="0" status="PASS">
          <reporter-output>
          </reporter-output>
        </test-method> <!-- testScenarioOutlineToString -->
        <test-method signature="testScenarioToString()[pri:0, instance:com.aventstack.extentreports.gherkin.GherkinNameTest@451001e5]" started-at="2024-02-28T18:49:23 IST" name="testScenarioToString" finished-at="2024-02-28T18:49:23 IST" duration-ms="0" status="PASS">
          <reporter-output>
          </reporter-output>
        </test-method> <!-- testScenarioToString -->
        <test-method signature="testThenGherkinName()[pri:0, instance:com.aventstack.extentreports.gherkin.GherkinNameTest@451001e5]" started-at="2024-02-28T18:49:23 IST" name="testThenGherkinName" finished-at="2024-02-28T18:49:23 IST" duration-ms="0" status="PASS">
          <reporter-output>
          </reporter-output>
        </test-method> <!-- testThenGherkinName -->
        <test-method signature="testThenToString()[pri:0, instance:com.aventstack.extentreports.gherkin.GherkinNameTest@451001e5]" started-at="2024-02-28T18:49:23 IST" name="testThenToString" finished-at="2024-02-28T18:49:23 IST" duration-ms="0" status="PASS">
          <reporter-output>
          </reporter-output>
        </test-method> <!-- testThenToString -->
        <test-method signature="testWhenGherkinName()[pri:0, instance:com.aventstack.extentreports.gherkin.GherkinNameTest@451001e5]" started-at="2024-02-28T18:49:23 IST" name="testWhenGherkinName" finished-at="2024-02-28T18:49:23 IST" duration-ms="1" status="PASS">
          <reporter-output>
          </reporter-output>
        </test-method> <!-- testWhenGherkinName -->
        <test-method signature="testWhenToString()[pri:0, instance:com.aventstack.extentreports.gherkin.GherkinNameTest@451001e5]" started-at="2024-02-28T18:49:23 IST" name="testWhenToString" finished-at="2024-02-28T18:49:23 IST" duration-ms="0" status="PASS">
          <reporter-output>
          </reporter-output>
        </test-method> <!-- testWhenToString -->
      </class> <!-- com.aventstack.extentreports.gherkin.GherkinNameTest -->
      <class name="com.aventstack.extentreports.ExtentTestAttributesHierarchyTest">
        <test-method signature="checkTagHierarchy()[pri:0, instance:com.aventstack.extentreports.ExtentTestAttributesHierarchyTest@67c33749]" started-at="2024-02-28T18:49:22 IST" name="checkTagHierarchy" finished-at="2024-02-28T18:49:22 IST" duration-ms="3" status="PASS">
          <reporter-output>
          </reporter-output>
        </test-method> <!-- checkTagHierarchy -->
      </class> <!-- com.aventstack.extentreports.ExtentTestAttributesHierarchyTest -->
      <class name="com.aventstack.extentreports.entity.CategoryEntityTest">
        <test-method signature="tagName()[pri:0, instance:com.aventstack.extentreports.entity.CategoryEntityTest@79da8dc5]" started-at="2024-02-28T18:49:22 IST" name="tagName" finished-at="2024-02-28T18:49:22 IST" duration-ms="0" status="PASS">
          <reporter-output>
          </reporter-output>
        </test-method> <!-- tagName -->
      </class> <!-- com.aventstack.extentreports.entity.CategoryEntityTest -->
      <class name="com.aventstack.extentreports.entity.ScreenCaptureTest">
        <test-method signature="initWithAllEntitiesNull()[pri:0, instance:com.aventstack.extentreports.entity.ScreenCaptureTest@4e7912d8]" started-at="2024-02-28T18:49:22 IST" name="initWithAllEntitiesNull" finished-at="2024-02-28T18:49:22 IST" duration-ms="1" status="PASS">
          <reporter-output>
          </reporter-output>
        </test-method> <!-- initWithAllEntitiesNull -->
      </class> <!-- com.aventstack.extentreports.entity.ScreenCaptureTest -->
      <class name="com.aventstack.extentreports.config.external.JsonConfigLoaderTest">
        <test-method signature="jsonConfigLowerCaseEnumTest()[pri:0, instance:com.aventstack.extentreports.config.external.JsonConfigLoaderTest@69e1dd28]" started-at="2024-02-28T18:49:22 IST" name="jsonConfigLowerCaseEnumTest" finished-at="2024-02-28T18:49:22 IST" duration-ms="19" status="PASS">
          <reporter-output>
          </reporter-output>
        </test-method> <!-- jsonConfigLowerCaseEnumTest -->
        <test-method signature="jsonConfigTest()[pri:0, instance:com.aventstack.extentreports.config.external.JsonConfigLoaderTest@69e1dd28]" started-at="2024-02-28T18:49:22 IST" name="jsonConfigTest" finished-at="2024-02-28T18:49:22 IST" duration-ms="3" status="PASS">
          <reporter-output>
          </reporter-output>
        </test-method> <!-- jsonConfigTest -->
      </class> <!-- com.aventstack.extentreports.config.external.JsonConfigLoaderTest -->
      <class name="com.aventstack.extentreports.config.ConfigStoreTest">
        <test-method signature="configEmpty()[pri:0, instance:com.aventstack.extentreports.config.ConfigStoreTest@3738449f]" started-at="2024-02-28T18:49:22 IST" name="configEmpty" finished-at="2024-02-28T18:49:22 IST" duration-ms="0" status="PASS">
          <reporter-output>
          </reporter-output>
        </test-method> <!-- configEmpty -->
        <test-method signature="configValueTest()[pri:0, instance:com.aventstack.extentreports.config.ConfigStoreTest@3738449f]" started-at="2024-02-28T18:49:22 IST" name="configValueTest" finished-at="2024-02-28T18:49:22 IST" duration-ms="0" status="PASS">
          <reporter-output>
          </reporter-output>
        </test-method> <!-- configValueTest -->
        <test-method signature="containsConfig()[pri:0, instance:com.aventstack.extentreports.config.ConfigStoreTest@3738449f]" started-at="2024-02-28T18:49:22 IST" name="containsConfig" finished-at="2024-02-28T18:49:22 IST" duration-ms="1" status="PASS">
          <reporter-output>
          </reporter-output>
        </test-method> <!-- containsConfig -->
        <test-method signature="duplicateConfig()[pri:0, instance:com.aventstack.extentreports.config.ConfigStoreTest@3738449f]" started-at="2024-02-28T18:49:22 IST" name="duplicateConfig" finished-at="2024-02-28T18:49:22 IST" duration-ms="0" status="PASS">
          <reporter-output>
          </reporter-output>
        </test-method> <!-- duplicateConfig -->
        <test-method signature="extendConfigWithMap()[pri:0, instance:com.aventstack.extentreports.config.ConfigStoreTest@3738449f]" started-at="2024-02-28T18:49:22 IST" name="extendConfigWithMap" finished-at="2024-02-28T18:49:22 IST" duration-ms="1" status="PASS">
          <reporter-output>
          </reporter-output>
        </test-method> <!-- extendConfigWithMap -->
        <test-method signature="extendConfigWithStore()[pri:0, instance:com.aventstack.extentreports.config.ConfigStoreTest@3738449f]" started-at="2024-02-28T18:49:22 IST" name="extendConfigWithStore" finished-at="2024-02-28T18:49:22 IST" duration-ms="0" status="PASS">
          <reporter-output>
          </reporter-output>
        </test-method> <!-- extendConfigWithStore -->
        <test-method signature="removeConfig()[pri:0, instance:com.aventstack.extentreports.config.ConfigStoreTest@3738449f]" started-at="2024-02-28T18:49:22 IST" name="removeConfig" finished-at="2024-02-28T18:49:22 IST" duration-ms="0" status="PASS">
          <reporter-output>
          </reporter-output>
        </test-method> <!-- removeConfig -->
      </class> <!-- com.aventstack.extentreports.config.ConfigStoreTest -->
      <class name="com.aventstack.extentreports.ParallelTest">
        <test-method signature="parallelFlush()[pri:0, instance:com.aventstack.extentreports.ParallelTest@496bc455]" started-at="2024-02-28T18:49:25 IST" name="parallelFlush" finished-at="2024-02-28T18:49:25 IST" duration-ms="8" status="PASS">
          <reporter-output>
          </reporter-output>
        </test-method> <!-- parallelFlush -->
        <test-method signature="parallelLogs()[pri:0, instance:com.aventstack.extentreports.ParallelTest@496bc455]" started-at="2024-02-28T18:49:25 IST" name="parallelLogs" finished-at="2024-02-28T18:49:27 IST" duration-ms="2563" status="PASS">
          <reporter-output>
          </reporter-output>
        </test-method> <!-- parallelLogs -->
        <test-method signature="parallelTests()[pri:0, instance:com.aventstack.extentreports.ParallelTest@496bc455]" started-at="2024-02-28T18:49:27 IST" name="parallelTests" finished-at="2024-02-28T18:49:27 IST" duration-ms="60" status="PASS">
          <reporter-output>
          </reporter-output>
        </test-method> <!-- parallelTests -->
        <test-method signature="parallelTestsWithReporter()[pri:0, instance:com.aventstack.extentreports.ParallelTest@496bc455]" started-at="2024-02-28T18:49:27 IST" name="parallelTestsWithReporter" finished-at="2024-02-28T18:49:27 IST" duration-ms="178" status="PASS">
          <reporter-output>
          </reporter-output>
        </test-method> <!-- parallelTestsWithReporter -->
      </class> <!-- com.aventstack.extentreports.ParallelTest -->
      <class name="com.aventstack.extentreports.ExtentReportsRemoveTest">
        <test-method is-config="true" signature="beforeMethod()[pri:0, instance:com.aventstack.extentreports.ExtentReportsRemoveTest@a3d8174]" started-at="2024-02-28T18:49:22 IST" name="beforeMethod" finished-at="2024-02-28T18:49:22 IST" duration-ms="27" status="PASS">
          <reporter-output>
          </reporter-output>
        </test-method> <!-- beforeMethod -->
        <test-method signature="removeNode()[pri:0, instance:com.aventstack.extentreports.ExtentReportsRemoveTest@a3d8174]" started-at="2024-02-28T18:49:22 IST" name="removeNode" finished-at="2024-02-28T18:49:22 IST" duration-ms="0" status="PASS">
          <reporter-output>
          </reporter-output>
        </test-method> <!-- removeNode -->
        <test-method is-config="true" signature="beforeMethod()[pri:0, instance:com.aventstack.extentreports.ExtentReportsRemoveTest@a3d8174]" started-at="2024-02-28T18:49:22 IST" name="beforeMethod" finished-at="2024-02-28T18:49:22 IST" duration-ms="2" status="PASS">
          <reporter-output>
          </reporter-output>
        </test-method> <!-- beforeMethod -->
        <test-method signature="removeNodeByName()[pri:0, instance:com.aventstack.extentreports.ExtentReportsRemoveTest@a3d8174]" started-at="2024-02-28T18:49:22 IST" name="removeNodeByName" finished-at="2024-02-28T18:49:22 IST" duration-ms="1" status="PASS">
          <reporter-output>
          </reporter-output>
        </test-method> <!-- removeNodeByName -->
        <test-method is-config="true" signature="beforeMethod()[pri:0, instance:com.aventstack.extentreports.ExtentReportsRemoveTest@a3d8174]" started-at="2024-02-28T18:49:22 IST" name="beforeMethod" finished-at="2024-02-28T18:49:22 IST" duration-ms="2" status="PASS">
          <reporter-output>
          </reporter-output>
        </test-method> <!-- beforeMethod -->
        <test-method signature="removeTest()[pri:0, instance:com.aventstack.extentreports.ExtentReportsRemoveTest@a3d8174]" started-at="2024-02-28T18:49:22 IST" name="removeTest" finished-at="2024-02-28T18:49:22 IST" duration-ms="0" status="PASS">
          <reporter-output>
          </reporter-output>
        </test-method> <!-- removeTest -->
        <test-method is-config="true" signature="beforeMethod()[pri:0, instance:com.aventstack.extentreports.ExtentReportsRemoveTest@a3d8174]" started-at="2024-02-28T18:49:22 IST" name="beforeMethod" finished-at="2024-02-28T18:49:22 IST" duration-ms="1" status="PASS">
          <reporter-output>
          </reporter-output>
        </test-method> <!-- beforeMethod -->
        <test-method signature="removeTestByName()[pri:0, instance:com.aventstack.extentreports.ExtentReportsRemoveTest@a3d8174]" started-at="2024-02-28T18:49:22 IST" name="removeTestByName" finished-at="2024-02-28T18:49:22 IST" duration-ms="0" status="PASS">
          <reporter-output>
          </reporter-output>
        </test-method> <!-- removeTestByName -->
        <test-method is-config="true" signature="beforeMethod()[pri:0, instance:com.aventstack.extentreports.ExtentReportsRemoveTest@a3d8174]" started-at="2024-02-28T18:49:22 IST" name="beforeMethod" finished-at="2024-02-28T18:49:22 IST" duration-ms="2" status="PASS">
          <reporter-output>
          </reporter-output>
        </test-method> <!-- beforeMethod -->
        <test-method signature="removeTestWithTag()[pri:0, instance:com.aventstack.extentreports.ExtentReportsRemoveTest@a3d8174]" started-at="2024-02-28T18:49:22 IST" name="removeTestWithTag" finished-at="2024-02-28T18:49:22 IST" duration-ms="2" status="PASS">
          <reporter-output>
          </reporter-output>
        </test-method> <!-- removeTestWithTag -->
      </class> <!-- com.aventstack.extentreports.ExtentReportsRemoveTest -->
      <class name="com.aventstack.extentreports.reporter.SparkTagTest">
        <test-method signature="nodeTag()[pri:0, instance:com.aventstack.extentreports.reporter.SparkTagTest@303cf2ba]" started-at="2024-02-28T18:49:30 IST" name="nodeTag" finished-at="2024-02-28T18:49:30 IST" duration-ms="126" status="PASS">
          <reporter-output>
          </reporter-output>
        </test-method> <!-- nodeTag -->
        <test-method is-config="true" signature="before()[pri:0, instance:com.aventstack.extentreports.reporter.SparkTagTest@303cf2ba]" started-at="2024-02-28T18:49:30 IST" name="before" finished-at="2024-02-28T18:49:30 IST" duration-ms="0" status="PASS">
          <reporter-output>
          </reporter-output>
        </test-method> <!-- before -->
        <test-method is-config="true" signature="before()[pri:0, instance:com.aventstack.extentreports.reporter.SparkTagTest@303cf2ba]" started-at="2024-02-28T18:49:30 IST" name="before" finished-at="2024-02-28T18:49:30 IST" duration-ms="0" status="PASS">
          <reporter-output>
          </reporter-output>
        </test-method> <!-- before -->
        <test-method signature="testTag()[pri:0, instance:com.aventstack.extentreports.reporter.SparkTagTest@303cf2ba]" started-at="2024-02-28T18:49:30 IST" name="testTag" finished-at="2024-02-28T18:49:31 IST" duration-ms="126" status="PASS">
          <reporter-output>
          </reporter-output>
        </test-method> <!-- testTag -->
      </class> <!-- com.aventstack.extentreports.reporter.SparkTagTest -->
    </test> <!-- Command line test -->
  </suite> <!-- Command line suite -->
</testng-results>
